BLOCK00/SES002/SA002S12	SES002	1e+38	-56.7504	-1e+38
BLOCK00/SES002/SA002S13	SES002	1e+38	-57.1851	-1e+38
BLOCK00/SES002/SA002S23	SES002	1e+38	-54.9909	-1e+38
BLOCK00/SES002/SA002S26	SES002	1e+38	-55.2907	-1e+38
BLOCK00/SES002/SA002S28	SES002	1e+38	-58.1843	-1e+38
BLOCK00/SES007/SA007S14	SES007	1e+38	-59.0261	-1e+38
BLOCK00/SES007/SA007S15	SES007	1e+38	-60.3211	-1e+38
BLOCK00/SES007/SA007S24	SES007	1e+38	-59.0136	-1e+38
BLOCK00/SES007/SA007S27	SES007	1e+38	-60.1062	-1e+38
BLOCK00/SES007/SA007S29	SES007	1e+38	-59.5497	-1e+38
BLOCK00/SES008/SA008S11	SES008	1e+38	-59.1149	-1e+38
BLOCK00/SES008/SA008S12	SES008	1e+38	-59.7455	-1e+38
BLOCK00/SES008/SA008S19	SES008	1e+38	-58.191	-1e+38
BLOCK00/SES008/SA008S22	SES008	1e+38	-60.2379	-1e+38
BLOCK00/SES008/SA008S29	SES008	1e+38	-59.7502	-1e+38
BLOCK01/SES014/SA014S10	SES014	1e+38	-58.0183	-1e+38
BLOCK01/SES014/SA014S12	SES014	1e+38	-55.4606	-1e+38
BLOCK01/SES014/SA014S24	SES014	1e+38	-55.9056	-1e+38
BLOCK01/SES014/SA014S26	SES014	1e+38	-55.1912	-1e+38
BLOCK01/SES014/SA014S28	SES014	1e+38	-55.3662	-1e+38
BLOCK01/SES016/SA016S12	SES016	1e+38	-61.8891	-1e+38
BLOCK01/SES016/SA016S13	SES016	1e+38	-60.2561	-1e+38
BLOCK01/SES016/SA016S22	SES016	1e+38	-61.2846	-1e+38
BLOCK01/SES016/SA016S25	SES016	1e+38	-57.7308	-1e+38
BLOCK01/SES016/SA016S27	SES016	1e+38	-57.9021	-1e+38
BLOCK01/SES019/SA019S13	SES019	1e+38	-58.0387	-1e+38
BLOCK01/SES019/SA019S14	SES019	1e+38	-58.8748	-1e+38
BLOCK01/SES019/SA019S22	SES019	1e+38	-57.8397	-1e+38
BLOCK01/SES019/SA019S25	SES019	1e+38	-58.1822	-1e+38
BLOCK01/SES019/SA019S29	SES019	1e+38	-58.4316	-1e+38
BLOCK02/SES029/SA029S11	SES029	1e+38	-59.4735	-1e+38
BLOCK02/SES029/SA029S12	SES029	1e+38	-59.9115	-1e+38
BLOCK02/SES029/SA029S20	SES029	1e+38	-61.9187	-1e+38
BLOCK02/SES029/SA029S25	SES029	1e+38	-60.0192	-1e+38
BLOCK02/SES029/SA029S28	SES029	1e+38	-59.605	-1e+38
BLOCK04/SES042/SA042S12	SES042	1e+38	-54.9091	-1e+38
BLOCK04/SES042/SA042S15	SES042	1e+38	-55.0062	-1e+38
BLOCK04/SES042/SA042S22	SES042	1e+38	-53.3124	-1e+38
BLOCK04/SES042/SA042S25	SES042	1e+38	-56.7846	-1e+38
BLOCK04/SES042/SA042S27	SES042	1e+38	-55.4699	-1e+38
BLOCK04/SES048/SA048S11	SES048	1e+38	-59.7459	-1e+38
BLOCK04/SES048/SA048S12	SES048	1e+38	-62.0885	-1e+38
BLOCK04/SES048/SA048S20	SES048	1e+38	-58.7333	-1e+38
BLOCK04/SES048/SA048S23	SES048	1e+38	-59.691	-1e+38
BLOCK04/SES048/SA048S27	SES048	1e+38	-59.4909	-1e+38
BLOCK06/SES060/SA060S11	SES060	1e+38	-60.3148	-1e+38
BLOCK06/SES060/SA060S12	SES060	1e+38	-62.4115	-1e+38
BLOCK06/SES060/SA060S22	SES060	1e+38	-62.6469	-1e+38
BLOCK06/SES060/SA060S24	SES060	1e+38	-59.8829	-1e+38
BLOCK06/SES060/SA060S28	SES060	1e+38	-57.6006	-1e+38
BLOCK06/SES062/SA062S10	SES062	1e+38	-57.8804	-1e+38
BLOCK06/SES062/SA062S11	SES062	1e+38	-58.5173	-1e+38
BLOCK06/SES062/SA062S21	SES062	1e+38	-56.8263	-1e+38
BLOCK06/SES062/SA062S26	SES062	1e+38	-58.0133	-1e+38
BLOCK06/SES062/SA062S29	SES062	1e+38	-58.9134	-1e+38
BLOCK06/SES068/SA068S14	SES068	1e+38	-59.6776	-1e+38
BLOCK06/SES068/SA068S15	SES068	1e+38	-58.8518	-1e+38
BLOCK06/SES068/SA068S23	SES068	1e+38	-60.266	-1e+38
BLOCK06/SES068/SA068S27	SES068	1e+38	-58.9205	-1e+38
BLOCK06/SES068/SA068S29	SES068	1e+38	-59.4395	-1e+38
BLOCK08/SES082/SA082S12	SES082	1e+38	-59.8573	-1e+38
BLOCK08/SES082/SA082S14	SES082	1e+38	-59.3807	-1e+38
BLOCK08/SES082/SA082S21	SES082	1e+38	-58.1501	-1e+38
BLOCK08/SES082/SA082S24	SES082	1e+38	-59.1097	-1e+38
BLOCK08/SES082/SA082S28	SES082	1e+38	-60.4032	-1e+38
BLOCK08/SES083/SA083S14	SES083	1e+38	-60.1019	-1e+38
BLOCK08/SES083/SA083S15	SES083	1e+38	-60.8398	-1e+38
BLOCK08/SES083/SA083S24	SES083	1e+38	-60.04	-1e+38
BLOCK08/SES083/SA083S26	SES083	1e+38	-59.9891	-1e+38
BLOCK08/SES083/SA083S29	SES083	1e+38	-59.6067	-1e+38
BLOCK08/SES085/SA085S10	SES085	1e+38	-59.844	-1e+38
BLOCK08/SES085/SA085S13	SES085	1e+38	-61.1212	-1e+38
BLOCK08/SES085/SA085S22	SES085	1e+38	-63.3915	-1e+38
BLOCK08/SES085/SA085S26	SES085	1e+38	-61.9913	-1e+38
BLOCK08/SES085/SA085S28	SES085	1e+38	-60.0292	-1e+38
BLOCK08/SES087/SA087S15	SES087	1e+38	-58.3498	-1e+38
BLOCK08/SES087/SA087S16	SES087	1e+38	-56.7859	-1e+38
BLOCK08/SES087/SA087S24	SES087	1e+38	-57.1359	-1e+38
BLOCK08/SES087/SA087S26	SES087	1e+38	-56.8892	-1e+38
BLOCK08/SES087/SA087S29	SES087	1e+38	-58.4525	-1e+38
BLOCK09/SES099/SA099S15	SES099	1e+38	-58.1804	-1e+38
BLOCK09/SES099/SA099S16	SES099	1e+38	-57.7478	-1e+38
BLOCK09/SES099/SA099S24	SES099	1e+38	-57.5058	-1e+38
BLOCK09/SES099/SA099S26	SES099	1e+38	-58.1827	-1e+38
BLOCK09/SES099/SA099S29	SES099	1e+38	-58.0009	-1e+38
BLOCK10/SES101/SA101S11	SES101	1e+38	-59.1252	-1e+38
BLOCK10/SES101/SA101S13	SES101	1e+38	-58.6215	-1e+38
BLOCK10/SES101/SA101S22	SES101	1e+38	-60.7146	-1e+38
BLOCK10/SES101/SA101S24	SES101	1e+38	-59.1001	-1e+38
BLOCK10/SES101/SA101S28	SES101	1e+38	-63.1184	-1e+38
BLOCK10/SES104/SA104S11	SES104	1e+38	-59.9972	-1e+38
BLOCK10/SES104/SA104S12	SES104	1e+38	-56.5755	-1e+38
BLOCK10/SES104/SA104S21	SES104	1e+38	-58.667	-1e+38
BLOCK10/SES104/SA104S24	SES104	1e+38	-57.7476	-1e+38
BLOCK10/SES104/SA104S28	SES104	1e+38	-58.9968	-1e+38
BLOCK10/SES105/SA105S12	SES105	1e+38	-62.0072	-1e+38
BLOCK10/SES105/SA105S13	SES105	1e+38	-60.625	-1e+38
BLOCK10/SES105/SA105S22	SES105	1e+38	-61.6179	-1e+38
BLOCK10/SES105/SA105S26	SES105	1e+38	-62.1104	-1e+38
BLOCK10/SES105/SA105S29	SES105	1e+38	-61.0474	-1e+38
BLOCK10/SES106/SA106S09	SES106	1e+38	-60.584	-1e+38
BLOCK10/SES106/SA106S11	SES106	1e+38	-57.517	-1e+38
BLOCK10/SES106/SA106S22	SES106	1e+38	-58.5968	-1e+38
BLOCK10/SES106/SA106S27	SES106	1e+38	-60.459	-1e+38
BLOCK10/SES106/SA106S29	SES106	1e+38	-58.232	-1e+38
BLOCK11/SES117/SA117S12	SES117	1e+38	-62.068	-1e+38
BLOCK11/SES117/SA117S13	SES117	1e+38	-61.1549	-1e+38
BLOCK11/SES117/SA117S23	SES117	1e+38	-60.9926	-1e+38
BLOCK11/SES117/SA117S25	SES117	1e+38	-60.3096	-1e+38
BLOCK11/SES117/SA117S28	SES117	1e+38	-60.9175	-1e+38
BLOCK12/SES120/SA120S08	SES120	1e+38	-63.0468	-1e+38
BLOCK12/SES120/SA120S11	SES120	1e+38	-62.0311	-1e+38
BLOCK12/SES120/SA120S22	SES120	1e+38	-60.7237	-1e+38
BLOCK12/SES120/SA120S24	SES120	1e+38	-61.2614	-1e+38
BLOCK12/SES120/SA120S28	SES120	1e+38	-63.0551	-1e+38
BLOCK12/SES125/SA125S13	SES125	1e+38	-56.5222	-1e+38
BLOCK12/SES125/SA125S14	SES125	1e+38	-57.665	-1e+38
BLOCK12/SES125/SA125S25	SES125	1e+38	-55.6405	-1e+38
BLOCK12/SES125/SA125S27	SES125	1e+38	-55.9006	-1e+38
BLOCK12/SES125/SA125S29	SES125	1e+38	-57.1519	-1e+38
BLOCK12/SES127/SA127S11	SES127	1e+38	-59.8114	-1e+38
BLOCK12/SES127/SA127S12	SES127	1e+38	-61.8093	-1e+38
BLOCK12/SES127/SA127S23	SES127	1e+38	-61.038	-1e+38
BLOCK12/SES127/SA127S25	SES127	1e+38	-63.8341	-1e+38
BLOCK12/SES127/SA127S27	SES127	1e+38	-60.5319	-1e+38
BLOCK12/SES129/SA129S11	SES129	1e+38	-59.8849	-1e+38
BLOCK12/SES129/SA129S12	SES129	1e+38	-59.4302	-1e+38
BLOCK12/SES129/SA129S22	SES129	1e+38	-59.5163	-1e+38
BLOCK12/SES129/SA129S27	SES129	1e+38	-58.4363	-1e+38
BLOCK12/SES129/SA129S29	SES129	1e+38	-58.276	-1e+38
BLOCK14/SES142/SA142S11	SES142	1e+38	-58.9881	-1e+38
BLOCK14/SES142/SA142S12	SES142	1e+38	-59.0808	-1e+38
BLOCK14/SES142/SA142S24	SES142	1e+38	-58.5836	-1e+38
BLOCK14/SES142/SA142S27	SES142	1e+38	-56.8955	-1e+38
BLOCK14/SES142/SA142S29	SES142	1e+38	-56.4925	-1e+38
BLOCK14/SES143/SA143S12	SES143	1e+38	-59.907	-1e+38
BLOCK14/SES143/SA143S13	SES143	1e+38	-59.3923	-1e+38
BLOCK14/SES143/SA143S23	SES143	1e+38	-59.9982	-1e+38
BLOCK14/SES143/SA143S25	SES143	1e+38	-60.0797	-1e+38
BLOCK14/SES143/SA143S28	SES143	1e+38	-58.3155	-1e+38
BLOCK14/SES144/SA144S09	SES144	1e+38	-60.4369	-1e+38
BLOCK14/SES144/SA144S11	SES144	1e+38	-60.1799	-1e+38
BLOCK14/SES144/SA144S21	SES144	1e+38	-61.4099	-1e+38
BLOCK14/SES144/SA144S25	SES144	1e+38	-62.1438	-1e+38
BLOCK14/SES144/SA144S29	SES144	1e+38	-60.5259	-1e+38
BLOCK14/SES146/SA146S14	SES146	1e+38	-61.1968	-1e+38
BLOCK14/SES146/SA146S15	SES146	1e+38	-60.7633	-1e+38
BLOCK14/SES146/SA146S24	SES146	1e+38	-61.3632	-1e+38
BLOCK14/SES146/SA146S26	SES146	1e+38	-62.922	-1e+38
BLOCK14/SES146/SA146S29	SES146	1e+38	-62.4223	-1e+38
BLOCK14/SES147/SA147S11	SES147	1e+38	-59.4445	-1e+38
BLOCK14/SES147/SA147S13	SES147	1e+38	-56.5593	-1e+38
BLOCK14/SES147/SA147S23	SES147	1e+38	-61.3378	-1e+38
BLOCK14/SES147/SA147S26	SES147	1e+38	-59.5463	-1e+38
BLOCK14/SES147/SA147S28	SES147	1e+38	-57.7075	-1e+38
BLOCK14/SES148/SA148S10	SES148	1e+38	-58.8178	-1e+38
BLOCK14/SES148/SA148S12	SES148	1e+38	-60.2963	-1e+38
BLOCK14/SES148/SA148S22	SES148	1e+38	-59.3625	-1e+38
BLOCK14/SES148/SA148S26	SES148	1e+38	-61.1966	-1e+38
BLOCK14/SES148/SA148S29	SES148	1e+38	-60.1114	-1e+38
BLOCK14/SES149/SA149S13	SES149	1e+38	-62.331	-1e+38
BLOCK14/SES149/SA149S14	SES149	1e+38	-60.4824	-1e+38
BLOCK14/SES149/SA149S24	SES149	1e+38	-59.5618	-1e+38
BLOCK14/SES149/SA149S26	SES149	1e+38	-58.5369	-1e+38
BLOCK14/SES149/SA149S28	SES149	1e+38	-58.9808	-1e+38
BLOCK15/SES158/SA158S13	SES158	1e+38	-59.0696	-1e+38
BLOCK15/SES158/SA158S14	SES158	1e+38	-60.043	-1e+38
BLOCK15/SES158/SA158S23	SES158	1e+38	-58.8886	-1e+38
BLOCK15/SES158/SA158S26	SES158	1e+38	-58.4798	-1e+38
BLOCK15/SES158/SA158S28	SES158	1e+38	-60.4366	-1e+38
BLOCK16/SES162/SA162S10	SES162	1e+38	-61.3064	-1e+38
BLOCK16/SES162/SA162S11	SES162	1e+38	-60.5423	-1e+38
BLOCK16/SES162/SA162S21	SES162	1e+38	-58.6069	-1e+38
BLOCK16/SES162/SA162S24	SES162	1e+38	-58.5166	-1e+38
BLOCK16/SES162/SA162S27	SES162	1e+38	-59.9713	-1e+38
BLOCK16/SES167/SA167S14	SES167	1e+38	-58.2427	-1e+38
BLOCK16/SES167/SA167S15	SES167	1e+38	-60.0812	-1e+38
BLOCK16/SES167/SA167S21	SES167	1e+38	-57.9536	-1e+38
BLOCK16/SES167/SA167S25	SES167	1e+38	-59.4532	-1e+38
BLOCK16/SES167/SA167S29	SES167	1e+38	-56.9154	-1e+38
BLOCK17/SES172/SA172S12	SES172	1e+38	-58.6456	-1e+38
BLOCK17/SES172/SA172S13	SES172	1e+38	-60.2848	-1e+38
BLOCK17/SES172/SA172S23	SES172	1e+38	-59.5972	-1e+38
BLOCK17/SES172/SA172S27	SES172	1e+38	-59.6324	-1e+38
BLOCK17/SES172/SA172S29	SES172	1e+38	-60.0281	-1e+38
BLOCK17/SES175/SA175S11	SES175	1e+38	-59.6762	-1e+38
BLOCK17/SES175/SA175S13	SES175	1e+38	-58.44	-1e+38
BLOCK17/SES175/SA175S23	SES175	1e+38	-60.1311	-1e+38
BLOCK17/SES175/SA175S25	SES175	1e+38	-60.4638	-1e+38
BLOCK17/SES175/SA175S28	SES175	1e+38	-58.4967	-1e+38
BLOCK17/SES177/SA177S15	SES177	1e+38	-60.6427	-1e+38
BLOCK17/SES177/SA177S17	SES177	1e+38	-60.3269	-1e+38
BLOCK17/SES177/SA177S23	SES177	1e+38	-60.4502	-1e+38
BLOCK17/SES177/SA177S26	SES177	1e+38	-58.0828	-1e+38
BLOCK17/SES177/SA177S28	SES177	1e+38	-58.6294	-1e+38
BLOCK18/SES180/SA180S13	SES180	1e+38	-59.8863	-1e+38
BLOCK18/SES180/SA180S15	SES180	1e+38	-59.7103	-1e+38
BLOCK18/SES180/SA180S24	SES180	1e+38	-58.823	-1e+38
BLOCK18/SES180/SA180S26	SES180	1e+38	-58.8587	-1e+38
BLOCK18/SES180/SA180S29	SES180	1e+38	-60.8744	-1e+38
BLOCK18/SES183/SA183S13	SES183	1e+38	-60.2488	-1e+38
BLOCK18/SES183/SA183S14	SES183	1e+38	-62.0827	-1e+38
BLOCK18/SES183/SA183S24	SES183	1e+38	-60.2212	-1e+38
BLOCK18/SES183/SA183S27	SES183	1e+38	-60.4332	-1e+38
BLOCK18/SES183/SA183S29	SES183	1e+38	-60.0558	-1e+38
BLOCK18/SES187/SA187S13	SES187	1e+38	-60.1549	-1e+38
BLOCK18/SES187/SA187S14	SES187	1e+38	-61.0636	-1e+38
BLOCK18/SES187/SA187S24	SES187	1e+38	-60.233	-1e+38
BLOCK18/SES187/SA187S27	SES187	1e+38	-59.3763	-1e+38
BLOCK18/SES187/SA187S29	SES187	1e+38	-59.9782	-1e+38
BLOCK18/SES189/SA189S10	SES189	1e+38	-62.7904	-1e+38
BLOCK18/SES189/SA189S13	SES189	1e+38	-62.1906	-1e+38
BLOCK18/SES189/SA189S24	SES189	1e+38	-60.263	-1e+38
BLOCK18/SES189/SA189S26	SES189	1e+38	-60.8965	-1e+38
BLOCK18/SES189/SA189S29	SES189	1e+38	-61.1071	-1e+38
BLOCK20/SES202/SA202S12	SES202	1e+38	-60.5984	-1e+38
BLOCK20/SES202/SA202S14	SES202	1e+38	-57.3572	-1e+38
BLOCK20/SES202/SA202S24	SES202	1e+38	-59.8628	-1e+38
BLOCK20/SES202/SA202S27	SES202	1e+38	-57.2776	-1e+38
BLOCK20/SES202/SA202S29	SES202	1e+38	-57.2369	-1e+38
BLOCK20/SES206/SA206S15	SES206	1e+38	-58.4459	-1e+38
BLOCK20/SES206/SA206S17	SES206	1e+38	-57.0712	-1e+38
BLOCK20/SES206/SA206S24	SES206	1e+38	-56.7636	-1e+38
BLOCK20/SES206/SA206S27	SES206	1e+38	-59.1416	-1e+38
BLOCK20/SES206/SA206S29	SES206	1e+38	-57.1063	-1e+38
BLOCK22/SES226/SA226S12	SES226	1e+38	-59.635	-1e+38
BLOCK22/SES226/SA226S13	SES226	1e+38	-61.1607	-1e+38
BLOCK22/SES226/SA226S20	SES226	1e+38	-59.4801	-1e+38
BLOCK22/SES226/SA226S23	SES226	1e+38	-58.7277	-1e+38
BLOCK22/SES226/SA226S28	SES226	1e+38	-58.1996	-1e+38
BLOCK25/SES259/SA259S13	SES259	1e+38	-56.8813	-1e+38
BLOCK25/SES259/SA259S14	SES259	1e+38	-56.959	-1e+38
BLOCK25/SES259/SA259S22	SES259	1e+38	-56.8365	-1e+38
BLOCK25/SES259/SA259S24	SES259	1e+38	-56.4665	-1e+38
BLOCK25/SES259/SA259S28	SES259	1e+38	-56.9434	-1e+38
BLOCK27/SES270/SA270S14	SES270	1e+38	-58.3128	-1e+38
BLOCK27/SES270/SA270S16	SES270	1e+38	-59.0957	-1e+38
BLOCK27/SES270/SA270S22	SES270	1e+38	-58.7082	-1e+38
BLOCK27/SES270/SA270S26	SES270	1e+38	-59.2928	-1e+38
BLOCK27/SES270/SA270S28	SES270	1e+38	-58.3474	-1e+38
BLOCK27/SES275/SA275S17	SES275	1e+38	-59.6562	-1e+38
BLOCK27/SES275/SA275S18	SES275	1e+38	-61.0491	-1e+38
BLOCK27/SES275/SA275S24	SES275	1e+38	-61.6102	-1e+38
BLOCK27/SES275/SA275S26	SES275	1e+38	-59.8388	-1e+38
BLOCK27/SES275/SA275S28	SES275	1e+38	-60.7376	-1e+38
BLOCK29/SES292/SA292S10	SES292	1e+38	-60.0269	-1e+38
BLOCK29/SES292/SA292S12	SES292	1e+38	-61.7088	-1e+38
BLOCK29/SES292/SA292S22	SES292	1e+38	-59.9406	-1e+38
BLOCK29/SES292/SA292S24	SES292	1e+38	-59.7161	-1e+38
BLOCK29/SES292/SA292S27	SES292	1e+38	-59.9991	-1e+38
BLOCK00/SES001/SA001S14	SES062	1e+38	-63.8563	-1e+38
BLOCK00/SES001/SA001S14	SES082	1e+38	-63.3507	-1e+38
BLOCK00/SES001/SA001S14	SES106	1e+38	-67.3128	-1e+38
BLOCK00/SES001/SA001S14	SES206	1e+38	-68.3521	-1e+38
BLOCK00/SES001/SA001S15	SES062	1e+38	-62.6566	-1e+38
BLOCK00/SES001/SA001S15	SES104	1e+38	-65.143	-1e+38
BLOCK00/SES001/SA001S15	SES106	1e+38	-65.7936	-1e+38
BLOCK00/SES001/SA001S15	SES206	1e+38	-66.6386	-1e+38
BLOCK00/SES001/SA001S24	SES062	1e+38	-66.6818	-1e+38
BLOCK00/SES001/SA001S24	SES082	1e+38	-63.9716	-1e+38
BLOCK00/SES001/SA001S24	SES087	1e+38	-68.7036	-1e+38
BLOCK00/SES001/SA001S24	SES206	1e+38	-66.1681	-1e+38
BLOCK00/SES001/SA001S27	SES062	1e+38	-62.1271	-1e+38
BLOCK00/SES001/SA001S27	SES082	1e+38	-64.0172	-1e+38
BLOCK00/SES001/SA001S27	SES087	1e+38	-64.2622	-1e+38
BLOCK00/SES001/SA001S27	SES206	1e+38	-64.1872	-1e+38
BLOCK00/SES001/SA001S29	SES062	1e+38	-64.7703	-1e+38
BLOCK00/SES001/SA001S29	SES082	1e+38	-62.905	-1e+38
BLOCK00/SES001/SA001S29	SES158	1e+38	-67.4023	-1e+38
BLOCK00/SES001/SA001S29	SES206	1e+38	-68.1508	-1e+38
BLOCK00/SES003/SA003S11	SES002	1e+38	-65.1637	-1e+38
BLOCK00/SES003/SA003S11	SES019	1e+38	-63.0155	-1e+38
BLOCK00/SES003/SA003S11	SES082	1e+38	-60.9764	-1e+38
BLOCK00/SES003/SA003S11	SES125	1e+38	-64.1184	-1e+38
BLOCK00/SES003/SA003S15	SES016	1e+38	-72.3169	-1e+38
BLOCK00/SES003/SA003S15	SES019	1e+38	-63.678	-1e+38
BLOCK00/SES003/SA003S15	SES062	1e+38	-66.8148	-1e+38
BLOCK00/SES003/SA003S15	SES206	1e+38	-63.8873	-1e+38
BLOCK00/SES003/SA003S22	SES002	1e+38	-68.8981	-1e+38
BLOCK00/SES003/SA003S22	SES062	1e+38	-63.8877	-1e+38
BLOCK00/SES003/SA003S22	SES082	1e+38	-62.6915	-1e+38
BLOCK00/SES003/SA003S22	SES087	1e+38	-66.3066	-1e+38
BLOCK00/SES003/SA003S25	SES062	1e+38	-71.1457	-1e+38
BLOCK00/SES003/SA003S25	SES082	1e+38	-62.7015	-1e+38
BLOCK00/SES003/SA003S25	SES087	1e+38	-69.7641	-1e+38
BLOCK00/SES003/SA003S25	SES206	1e+38	-68.1959	-1e+38
BLOCK00/SES003/SA003S29	SES002	1e+38	-66.76	-1e+38
BLOCK00/SES003/SA003S29	SES062	1e+38	-65.4484	-1e+38
BLOCK00/SES003/SA003S29	SES082	1e+38	-62.0309	-1e+38
BLOCK00/SES003/SA003S29	SES087	1e+38	-65.515	-1e+38
BLOCK00/SES004/SA004S12	SES083	1e+38	-62.1545	-1e+38
BLOCK00/SES004/SA004S12	SES148	1e+38	-63.1763	-1e+38
BLOCK00/SES004/SA004S12	SES172	1e+38	-61.4098	-1e+38
BLOCK00/SES004/SA004S12	SES292	1e+38	-63.6005	-1e+38
BLOCK00/SES004/SA004S17	SES083	1e+38	-62.6901	-1e+38
BLOCK00/SES004/SA004S17	SES162	1e+38	-63.4104	-1e+38
BLOCK00/SES004/SA004S17	SES172	1e+38	-62.6071	-1e+38
BLOCK00/SES004/SA004S17	SES292	1e+38	-63.9799	-1e+38
BLOCK00/SES004/SA004S24	SES083	1e+38	-61.9751	-1e+38
BLOCK00/SES004/SA004S24	SES148	1e+38	-63.5501	-1e+38
BLOCK00/SES004/SA004S24	SES172	1e+38	-61.0255	-1e+38
BLOCK00/SES004/SA004S24	SES292	1e+38	-62.495	-1e+38
BLOCK00/SES004/SA004S26	SES083	1e+38	-60.9067	-1e+38
BLOCK00/SES004/SA004S26	SES127	1e+38	-61.4585	-1e+38
BLOCK00/SES004/SA004S26	SES148	1e+38	-63.4038	-1e+38
BLOCK00/SES004/SA004S26	SES292	1e+38	-62.4078	-1e+38
BLOCK00/SES004/SA004S28	SES083	1e+38	-62.4867	-1e+38
BLOCK00/SES004/SA004S28	SES127	1e+38	-63.8711	-1e+38
BLOCK00/SES004/SA004S28	SES187	1e+38	-63.2938	-1e+38
BLOCK00/SES004/SA004S28	SES292	1e+38	-64.1035	-1e+38
BLOCK00/SES006/SA006S10	SES014	1e+38	-62.9823	-1e+38
BLOCK00/SES006/SA006S10	SES158	1e+38	-62.5797	-1e+38
BLOCK00/SES006/SA006S10	SES226	1e+38	-64.3152	-1e+38
BLOCK00/SES006/SA006S10	SES270	1e+38	-62.4639	-1e+38
BLOCK00/SES006/SA006S11	SES158	1e+38	-62.478	-1e+38
BLOCK00/SES006/SA006S11	SES226	1e+38	-63.9705	-1e+38
BLOCK00/SES006/SA006S11	SES270	1e+38	-62.0936	-1e+38
BLOCK00/SES006/SA006S11	SES275	1e+38	-68.8868	-1e+38
BLOCK00/SES006/SA006S23	SES062	1e+38	-68.7205	-1e+38
BLOCK00/SES006/SA006S23	SES105	1e+38	-68.1426	-1e+38
BLOCK00/SES006/SA006S23	SES158	1e+38	-63.6802	-1e+38
BLOCK00/SES006/SA006S23	SES275	1e+38	-69.1245	-1e+38
BLOCK00/SES006/SA006S26	SES104	1e+38	-61.5704	-1e+38
BLOCK00/SES006/SA006S26	SES158	1e+38	-61.5535	-1e+38
BLOCK00/SES006/SA006S26	SES270	1e+38	-62.8162	-1e+38
BLOCK00/SES006/SA006S26	SES275	1e+38	-67.8213	-1e+38
BLOCK00/SES006/SA006S28	SES007	1e+38	-66.8241	-1e+38
BLOCK00/SES006/SA006S28	SES105	1e+38	-66.9548	-1e+38
BLOCK00/SES006/SA006S28	SES158	1e+38	-63.0562	-1e+38
BLOCK00/SES006/SA006S28	SES275	1e+38	-67.799	-1e+38
BLOCK00/SES009/SA009S12	SES083	1e+38	-60.9618	-1e+38
BLOCK00/SES009/SA009S12	SES148	1e+38	-62.5488	-1e+38
BLOCK00/SES009/SA009S12	SES177	1e+38	-64.8152	-1e+38
BLOCK00/SES009/SA009S12	SES292	1e+38	-61.3063	-1e+38
BLOCK00/SES009/SA009S15	SES007	1e+38	-59.2022	-1e+38
BLOCK00/SES009/SA009S15	SES099	1e+38	-72.4493	-1e+38
BLOCK00/SES009/SA009S15	SES148	1e+38	-62.6386	-1e+38
BLOCK00/SES009/SA009S15	SES172	1e+38	-62.41	-1e+38
BLOCK00/SES009/SA009S24	SES146	1e+38	-62.6468	-1e+38
BLOCK00/SES009/SA009S24	SES148	1e+38	-63.0124	-1e+38
BLOCK00/SES009/SA009S24	SES177	1e+38	-64.7902	-1e+38
BLOCK00/SES009/SA009S24	SES292	1e+38	-61.4393	-1e+38
BLOCK00/SES009/SA009S26	SES083	1e+38	-62.0156	-1e+38
BLOCK00/SES009/SA009S26	SES101	1e+38	-63.4094	-1e+38
BLOCK00/SES009/SA009S26	SES120	1e+38	-63.2054	-1e+38
BLOCK00/SES009/SA009S26	SES177	1e+38	-65.9163	-1e+38
BLOCK00/SES009/SA009S29	SES083	1e+38	-61.4241	-1e+38
BLOCK00/SES009/SA009S29	SES101	1e+38	-63.0019	-1e+38
BLOCK00/SES009/SA009S29	SES177	1e+38	-65.0291	-1e+38
BLOCK00/SES009/SA009S29	SES292	1e+38	-61.4063	-1e+38
BLOCK01/SES011/SA011S10	SES019	1e+38	-63.3351	-1e+38
BLOCK01/SES011/SA011S10	SES042	1e+38	-62.6486	-1e+38
BLOCK01/SES011/SA011S10	SES082	1e+38	-63.386	-1e+38
BLOCK01/SES011/SA011S10	SES206	1e+38	-62.8827	-1e+38
BLOCK01/SES011/SA011S11	SES019	1e+38	-64.2937	-1e+38
BLOCK01/SES011/SA011S11	SES042	1e+38	-62.4779	-1e+38
BLOCK01/SES011/SA011S11	SES082	1e+38	-65.351	-1e+38
BLOCK01/SES011/SA011S11	SES206	1e+38	-63.7031	-1e+38
BLOCK01/SES011/SA011S22	SES019	1e+38	-64.9492	-1e+38
BLOCK01/SES011/SA011S22	SES042	1e+38	-62.7068	-1e+38
BLOCK01/SES011/SA011S22	SES082	1e+38	-63.9955	-1e+38
BLOCK01/SES011/SA011S22	SES206	1e+38	-64.4845	-1e+38
BLOCK01/SES011/SA011S24	SES019	1e+38	-63.285	-1e+38
BLOCK01/SES011/SA011S24	SES042	1e+38	-59.9833	-1e+38
BLOCK01/SES011/SA011S24	SES104	1e+38	-63.2924	-1e+38
BLOCK01/SES011/SA011S24	SES206	1e+38	-62.472	-1e+38
BLOCK01/SES011/SA011S27	SES082	1e+38	-58.7242	-1e+38
BLOCK01/SES011/SA011S27	SES087	1e+38	-59.9635	-1e+38
BLOCK01/SES011/SA011S27	SES125	1e+38	-58.9639	-1e+38
BLOCK01/SES011/SA011S27	SES206	1e+38	-61.0561	-1e+38
BLOCK01/SES012/SA012S11	SES007	1e+38	-65.965	-1e+38
BLOCK01/SES012/SA012S11	SES082	1e+38	-60.83	-1e+38
BLOCK01/SES012/SA012S11	SES083	1e+38	-66.3984	-1e+38
BLOCK01/SES012/SA012S11	SES206	1e+38	-60.6628	-1e+38
BLOCK01/SES012/SA012S14	SES082	1e+38	-62.3647	-1e+38
BLOCK01/SES012/SA012S14	SES087	1e+38	-63.305	-1e+38
BLOCK01/SES012/SA012S14	SES206	1e+38	-62.3199	-1e+38
BLOCK01/SES012/SA012S14	SES292	1e+38	-71.5047	-1e+38
BLOCK01/SES012/SA012S24	SES082	1e+38	-59.325	-1e+38
BLOCK01/SES012/SA012S24	SES087	1e+38	-61.4229	-1e+38
BLOCK01/SES012/SA012S24	SES120	1e+38	-68.6776	-1e+38
BLOCK01/SES012/SA012S24	SES206	1e+38	-60.273	-1e+38
BLOCK01/SES012/SA012S26	SES019	1e+38	-63.9363	-1e+38
BLOCK01/SES012/SA012S26	SES082	1e+38	-62.87	-1e+38
BLOCK01/SES012/SA012S26	SES206	1e+38	-61.5572	-1e+38
BLOCK01/SES012/SA012S26	SES292	1e+38	-71.83	-1e+38
BLOCK01/SES012/SA012S29	SES062	1e+38	-64.9512	-1e+38
BLOCK01/SES012/SA012S29	SES082	1e+38	-60.1155	-1e+38
BLOCK01/SES012/SA012S29	SES083	1e+38	-64.3539	-1e+38
BLOCK01/SES012/SA012S29	SES206	1e+38	-60.1435	-1e+38
BLOCK01/SES013/SA013S16	SES062	1e+38	-71.9818	-1e+38
BLOCK01/SES013/SA013S16	SES106	1e+38	-61.6218	-1e+38
BLOCK01/SES013/SA013S16	SES206	1e+38	-62.0503	-1e+38
BLOCK01/SES013/SA013S16	SES226	1e+38	-62.6351	-1e+38
BLOCK01/SES013/SA013S17	SES062	1e+38	-69.9624	-1e+38
BLOCK01/SES013/SA013S17	SES106	1e+38	-60.0306	-1e+38
BLOCK01/SES013/SA013S17	SES206	1e+38	-61.5021	-1e+38
BLOCK01/SES013/SA013S17	SES226	1e+38	-61.1629	-1e+38
BLOCK01/SES013/SA013S23	SES104	1e+38	-61.991	-1e+38
BLOCK01/SES013/SA013S23	SES106	1e+38	-60.6007	-1e+38
BLOCK01/SES013/SA013S23	SES206	1e+38	-60.2476	-1e+38
BLOCK01/SES013/SA013S23	SES270	1e+38	-65.7966	-1e+38
BLOCK01/SES013/SA013S25	SES042	1e+38	-61.2509	-1e+38
BLOCK01/SES013/SA013S25	SES104	1e+38	-62.025	-1e+38
BLOCK01/SES013/SA013S25	SES106	1e+38	-59.5798	-1e+38
BLOCK01/SES013/SA013S25	SES206	1e+38	-60.7172	-1e+38
BLOCK01/SES013/SA013S29	SES062	1e+38	-70.9128	-1e+38
BLOCK01/SES013/SA013S29	SES104	1e+38	-61.4566	-1e+38
BLOCK01/SES013/SA013S29	SES106	1e+38	-59.5551	-1e+38
BLOCK01/SES013/SA013S29	SES206	1e+38	-60.6113	-1e+38
BLOCK02/SES021/SA021S13	SES016	1e+38	-71.7316	-1e+38
BLOCK02/SES021/SA021S13	SES029	1e+38	-68.1085	-1e+38
BLOCK02/SES021/SA021S13	SES087	1e+38	-61.5017	-1e+38
BLOCK02/SES021/SA021S13	SES206	1e+38	-60.4533	-1e+38
BLOCK02/SES021/SA021S15	SES087	1e+38	-60.8723	-1e+38
BLOCK02/SES021/SA021S15	SES125	1e+38	-59.4116	-1e+38
BLOCK02/SES021/SA021S15	SES206	1e+38	-59.3004	-1e+38
BLOCK02/SES021/SA021S15	SES226	1e+38	-59.4756	-1e+38
BLOCK02/SES021/SA021S23	SES062	1e+38	-67.9021	-1e+38
BLOCK02/SES021/SA021S23	SES087	1e+38	-64.9361	-1e+38
BLOCK02/SES021/SA021S23	SES206	1e+38	-62.961	-1e+38
BLOCK02/SES021/SA021S23	SES226	1e+38	-61.9077	-1e+38
BLOCK02/SES021/SA021S27	SES002	1e+38	-63.9755	-1e+38
BLOCK02/SES021/SA021S27	SES016	1e+38	-68.1279	-1e+38
BLOCK02/SES021/SA021S27	SES019	1e+38	-61.3734	-1e+38
BLOCK02/SES021/SA021S27	SES062	1e+38	-63.8557	-1e+38
BLOCK02/SES021/SA021S29	SES087	1e+38	-62.4775	-1e+38
BLOCK02/SES021/SA021S29	SES125	1e+38	-61.3423	-1e+38
BLOCK02/SES021/SA021S29	SES206	1e+38	-61.2271	-1e+38
BLOCK02/SES021/SA021S29	SES226	1e+38	-60.086	-1e+38
BLOCK04/SES043/SA043S09	SES083	1e+38	-64.5944	-1e+38
BLOCK04/SES043/SA043S09	SES101	1e+38	-67.2888	-1e+38
BLOCK04/SES043/SA043S09	SES144	1e+38	-64.2672	-1e+38
BLOCK04/SES043/SA043S09	SES172	1e+38	-66.4788	-1e+38
BLOCK04/SES043/SA043S11	SES083	1e+38	-63.1664	-1e+38
BLOCK04/SES043/SA043S11	SES101	1e+38	-64.2431	-1e+38
BLOCK04/SES043/SA043S11	SES144	1e+38	-62.9172	-1e+38
BLOCK04/SES043/SA043S11	SES172	1e+38	-63.8609	-1e+38
BLOCK04/SES043/SA043S23	SES083	1e+38	-62.527	-1e+38
BLOCK04/SES043/SA043S23	SES144	1e+38	-62.3567	-1e+38
BLOCK04/SES043/SA043S23	SES177	1e+38	-65.7441	-1e+38
BLOCK04/SES043/SA043S23	SES275	1e+38	-62.2852	-1e+38
BLOCK04/SES043/SA043S26	SES083	1e+38	-62.8679	-1e+38
BLOCK04/SES043/SA043S26	SES101	1e+38	-64.5934	-1e+38
BLOCK04/SES043/SA043S26	SES144	1e+38	-63.0212	-1e+38
BLOCK04/SES043/SA043S26	SES177	1e+38	-65.6614	-1e+38
BLOCK04/SES043/SA043S28	SES016	1e+38	-62.1475	-1e+38
BLOCK04/SES043/SA043S28	SES083	1e+38	-61.7157	-1e+38
BLOCK04/SES043/SA043S28	SES101	1e+38	-62.0135	-1e+38
BLOCK04/SES043/SA043S28	SES144	1e+38	-62.0383	-1e+38
BLOCK04/SES044/SA044S10	SES127	1e+38	-67.57	-1e+38
BLOCK04/SES044/SA044S10	SES144	1e+38	-65.5312	-1e+38
BLOCK04/SES044/SA044S10	SES147	1e+38	-70.1077	-1e+38
BLOCK04/SES044/SA044S10	SES148	1e+38	-67.0307	-1e+38
BLOCK04/SES044/SA044S11	SES101	1e+38	-65.9803	-1e+38
BLOCK04/SES044/SA044S11	SES144	1e+38	-63.9129	-1e+38
BLOCK04/SES044/SA044S11	SES147	1e+38	-68.8178	-1e+38
BLOCK04/SES044/SA044S11	SES177	1e+38	-65.5627	-1e+38
BLOCK04/SES044/SA044S24	SES007	1e+38	-63.3485	-1e+38
BLOCK04/SES044/SA044S24	SES101	1e+38	-64.0424	-1e+38
BLOCK04/SES044/SA044S24	SES147	1e+38	-70.9653	-1e+38
BLOCK04/SES044/SA044S24	SES177	1e+38	-66.2034	-1e+38
BLOCK04/SES044/SA044S26	SES007	1e+38	-64.1269	-1e+38
BLOCK04/SES044/SA044S26	SES016	1e+38	-63.0757	-1e+38
BLOCK04/SES044/SA044S26	SES101	1e+38	-64.8633	-1e+38
BLOCK04/SES044/SA044S26	SES147	1e+38	-69.4058	-1e+38
BLOCK04/SES044/SA044S29	SES007	1e+38	-61.8058	-1e+38
BLOCK04/SES044/SA044S29	SES101	1e+38	-61.8185	-1e+38
BLOCK04/SES044/SA044S29	SES147	1e+38	-66.4667	-1e+38
BLOCK04/SES044/SA044S29	SES177	1e+38	-61.5067	-1e+38
BLOCK04/SES046/SA046S13	SES101	1e+38	-66.6486	-1e+38
BLOCK04/SES046/SA046S13	SES144	1e+38	-63.6135	-1e+38
BLOCK04/SES046/SA046S13	SES147	1e+38	-66.1196	-1e+38
BLOCK04/SES046/SA046S13	SES177	1e+38	-62.6122	-1e+38
BLOCK04/SES046/SA046S15	SES048	1e+38	-65.5393	-1e+38
BLOCK04/SES046/SA046S15	SES083	1e+38	-62.77	-1e+38
BLOCK04/SES046/SA046S15	SES120	1e+38	-63.8919	-1e+38
BLOCK04/SES046/SA046S15	SES148	1e+38	-62.6505	-1e+38
BLOCK04/SES046/SA046S22	SES101	1e+38	-65.4852	-1e+38
BLOCK04/SES046/SA046S22	SES144	1e+38	-64.5558	-1e+38
BLOCK04/SES046/SA046S22	SES147	1e+38	-65.9477	-1e+38
BLOCK04/SES046/SA046S22	SES172	1e+38	-64.4459	-1e+38
BLOCK04/SES046/SA046S25	SES083	1e+38	-65.631	-1e+38
BLOCK04/SES046/SA046S25	SES127	1e+38	-64.7773	-1e+38
BLOCK04/SES046/SA046S25	SES144	1e+38	-66.138	-1e+38
BLOCK04/SES046/SA046S25	SES148	1e+38	-65.7553	-1e+38
BLOCK04/SES046/SA046S28	SES007	1e+38	-67.3329	-1e+38
BLOCK04/SES046/SA046S28	SES105	1e+38	-67.45	-1e+38
BLOCK04/SES046/SA046S28	SES147	1e+38	-68.8823	-1e+38
BLOCK04/SES046/SA046S28	SES148	1e+38	-64.8729	-1e+38
BLOCK04/SES049/SA049S16	SES104	1e+38	-64.8215	-1e+38
BLOCK04/SES049/SA049S16	SES106	1e+38	-62.8591	-1e+38
BLOCK04/SES049/SA049S16	SES120	1e+38	-71.3028	-1e+38
BLOCK04/SES049/SA049S16	SES206	1e+38	-63.6872	-1e+38
BLOCK04/SES049/SA049S18	SES099	1e+38	-68.7473	-1e+38
BLOCK04/SES049/SA049S18	SES104	1e+38	-66.9226	-1e+38
BLOCK04/SES049/SA049S18	SES125	1e+38	-66.3214	-1e+38
BLOCK04/SES049/SA049S18	SES206	1e+38	-66.8395	-1e+38
BLOCK04/SES049/SA049S25	SES087	1e+38	-64.1846	-1e+38
BLOCK04/SES049/SA049S25	SES104	1e+38	-63.4734	-1e+38
BLOCK04/SES049/SA049S25	SES125	1e+38	-64.3713	-1e+38
BLOCK04/SES049/SA049S25	SES206	1e+38	-63.3969	-1e+38
BLOCK04/SES049/SA049S27	SES099	1e+38	-64.627	-1e+38
BLOCK04/SES049/SA049S27	SES104	1e+38	-62.833	-1e+38
BLOCK04/SES049/SA049S27	SES125	1e+38	-63.8934	-1e+38
BLOCK04/SES049/SA049S27	SES206	1e+38	-63.9223	-1e+38
BLOCK04/SES049/SA049S29	SES099	1e+38	-64.5985	-1e+38
BLOCK04/SES049/SA049S29	SES104	1e+38	-62.565	-1e+38
BLOCK04/SES049/SA049S29	SES125	1e+38	-62.8687	-1e+38
BLOCK04/SES049/SA049S29	SES206	1e+38	-62.3696	-1e+38
BLOCK06/SES063/SA063S09	SES068	1e+38	-64.2012	-1e+38
BLOCK06/SES063/SA063S09	SES083	1e+38	-61.8864	-1e+38
BLOCK06/SES063/SA063S09	SES177	1e+38	-62.7244	-1e+38
BLOCK06/SES063/SA063S09	SES187	1e+38	-63.6345	-1e+38
BLOCK06/SES063/SA063S10	SES068	1e+38	-63.5539	-1e+38
BLOCK06/SES063/SA063S10	SES083	1e+38	-62.1076	-1e+38
BLOCK06/SES063/SA063S10	SES172	1e+38	-61.0773	-1e+38
BLOCK06/SES063/SA063S10	SES187	1e+38	-63.2918	-1e+38
BLOCK06/SES063/SA063S20	SES068	1e+38	-64.3715	-1e+38
BLOCK06/SES063/SA063S20	SES083	1e+38	-63.4934	-1e+38
BLOCK06/SES063/SA063S20	SES172	1e+38	-63.6448	-1e+38
BLOCK06/SES063/SA063S20	SES187	1e+38	-62.8304	-1e+38
BLOCK06/SES063/SA063S24	SES029	1e+38	-65.3469	-1e+38
BLOCK06/SES063/SA063S24	SES083	1e+38	-62.0175	-1e+38
BLOCK06/SES063/SA063S24	SES177	1e+38	-62.9861	-1e+38
BLOCK06/SES063/SA063S24	SES189	1e+38	-64.5181	-1e+38
BLOCK06/SES063/SA063S27	SES083	1e+38	-63.9725	-1e+38
BLOCK06/SES063/SA063S27	SES172	1e+38	-63.0712	-1e+38
BLOCK06/SES063/SA063S27	SES187	1e+38	-64.7452	-1e+38
BLOCK06/SES063/SA063S27	SES292	1e+38	-65.7149	-1e+38
BLOCK06/SES067/SA067S12	SES083	1e+38	-63.7079	-1e+38
BLOCK06/SES067/SA067S12	SES172	1e+38	-65.198	-1e+38
BLOCK06/SES067/SA067S12	SES202	1e+38	-60.7426	-1e+38
BLOCK06/SES067/SA067S12	SES292	1e+38	-63.5344	-1e+38
BLOCK06/SES067/SA067S14	SES085	1e+38	-61.7757	-1e+38
BLOCK06/SES067/SA067S14	SES177	1e+38	-61.4597	-1e+38
BLOCK06/SES067/SA067S14	SES183	1e+38	-61.7375	-1e+38
BLOCK06/SES067/SA067S14	SES202	1e+38	-60.5364	-1e+38
BLOCK06/SES067/SA067S21	SES144	1e+38	-64.822	-1e+38
BLOCK06/SES067/SA067S21	SES177	1e+38	-63.3186	-1e+38
BLOCK06/SES067/SA067S21	SES183	1e+38	-67.1684	-1e+38
BLOCK06/SES067/SA067S21	SES189	1e+38	-64.4947	-1e+38
BLOCK06/SES067/SA067S25	SES085	1e+38	-60.9911	-1e+38
BLOCK06/SES067/SA067S25	SES177	1e+38	-61.7659	-1e+38
BLOCK06/SES067/SA067S25	SES183	1e+38	-64.0092	-1e+38
BLOCK06/SES067/SA067S25	SES202	1e+38	-60.1163	-1e+38
BLOCK06/SES067/SA067S29	SES085	1e+38	-61.6731	-1e+38
BLOCK06/SES067/SA067S29	SES177	1e+38	-61.624	-1e+38
BLOCK06/SES067/SA067S29	SES183	1e+38	-63.6825	-1e+38
BLOCK06/SES067/SA067S29	SES202	1e+38	-60.2167	-1e+38
BLOCK06/SES069/SA069S12	SES029	1e+38	-64.3714	-1e+38
BLOCK06/SES069/SA069S12	SES082	1e+38	-61.5873	-1e+38
BLOCK06/SES069/SA069S12	SES087	1e+38	-64.4255	-1e+38
BLOCK06/SES069/SA069S12	SES206	1e+38	-62.9354	-1e+38
BLOCK06/SES069/SA069S13	SES029	1e+38	-66.1033	-1e+38
BLOCK06/SES069/SA069S13	SES087	1e+38	-64.223	-1e+38
BLOCK06/SES069/SA069S13	SES206	1e+38	-63.723	-1e+38
BLOCK06/SES069/SA069S13	SES226	1e+38	-62.5616	-1e+38
BLOCK06/SES069/SA069S23	SES029	1e+38	-62.6035	-1e+38
BLOCK06/SES069/SA069S23	SES087	1e+38	-63.5811	-1e+38
BLOCK06/SES069/SA069S23	SES206	1e+38	-62.4784	-1e+38
BLOCK06/SES069/SA069S23	SES226	1e+38	-60.9836	-1e+38
BLOCK06/SES069/SA069S25	SES087	1e+38	-62.9134	-1e+38
BLOCK06/SES069/SA069S25	SES206	1e+38	-62.2578	-1e+38
BLOCK06/SES069/SA069S25	SES226	1e+38	-61.4913	-1e+38
BLOCK06/SES069/SA069S25	SES270	1e+38	-64.3752	-1e+38
BLOCK06/SES069/SA069S27	SES087	1e+38	-63.9238	-1e+38
BLOCK06/SES069/SA069S27	SES206	1e+38	-61.175	-1e+38
BLOCK06/SES069/SA069S27	SES226	1e+38	-60.112	-1e+38
BLOCK06/SES069/SA069S27	SES270	1e+38	-64.6192	-1e+38
BLOCK08/SES081/SA081S11	SES060	1e+38	-61.8988	-1e+38
BLOCK08/SES081/SA081S11	SES062	1e+38	-63.8577	-1e+38
BLOCK08/SES081/SA081S11	SES117	1e+38	-63.7838	-1e+38
BLOCK08/SES081/SA081S11	SES162	1e+38	-61.1962	-1e+38
BLOCK08/SES081/SA081S13	SES016	1e+38	-60.6147	-1e+38
BLOCK08/SES081/SA081S13	SES060	1e+38	-60.5262	-1e+38
BLOCK08/SES081/SA081S13	SES068	1e+38	-60.4658	-1e+38
BLOCK08/SES081/SA081S13	SES129	1e+38	-62.5918	-1e+38
BLOCK08/SES081/SA081S24	SES060	1e+38	-61.5411	-1e+38
BLOCK08/SES081/SA081S24	SES068	1e+38	-61.8226	-1e+38
BLOCK08/SES081/SA081S24	SES117	1e+38	-64.0918	-1e+38
BLOCK08/SES081/SA081S24	SES275	1e+38	-64.8897	-1e+38
BLOCK08/SES081/SA081S27	SES007	1e+38	-62.5765	-1e+38
BLOCK08/SES081/SA081S27	SES060	1e+38	-62.8481	-1e+38
BLOCK08/SES081/SA081S27	SES117	1e+38	-61.6513	-1e+38
BLOCK08/SES081/SA081S27	SES275	1e+38	-63.7748	-1e+38
BLOCK08/SES081/SA081S29	SES007	1e+38	-62.9955	-1e+38
BLOCK08/SES081/SA081S29	SES060	1e+38	-61.4873	-1e+38
BLOCK08/SES081/SA081S29	SES117	1e+38	-63.1887	-1e+38
BLOCK08/SES081/SA081S29	SES275	1e+38	-64.409	-1e+38
BLOCK08/SES086/SA086S11	SES029	1e+38	-69.3244	-1e+38
BLOCK08/SES086/SA086S11	SES082	1e+38	-63.8866	-1e+38
BLOCK08/SES086/SA086S11	SES087	1e+38	-60.5054	-1e+38
BLOCK08/SES086/SA086S11	SES206	1e+38	-62.8117	-1e+38
BLOCK08/SES086/SA086S12	SES029	1e+38	-69.845	-1e+38
BLOCK08/SES086/SA086S12	SES082	1e+38	-62.3092	-1e+38
BLOCK08/SES086/SA086S12	SES087	1e+38	-59.5825	-1e+38
BLOCK08/SES086/SA086S12	SES206	1e+38	-61.7266	-1e+38
BLOCK08/SES086/SA086S20	SES029	1e+38	-69.7586	-1e+38
BLOCK08/SES086/SA086S20	SES082	1e+38	-61.7839	-1e+38
BLOCK08/SES086/SA086S20	SES087	1e+38	-59.3141	-1e+38
BLOCK08/SES086/SA086S20	SES206	1e+38	-60.4281	-1e+38
BLOCK08/SES086/SA086S24	SES087	1e+38	-61.4362	-1e+38
BLOCK08/SES086/SA086S24	SES104	1e+38	-64.1364	-1e+38
BLOCK08/SES086/SA086S24	SES120	1e+38	-72.1507	-1e+38
BLOCK08/SES086/SA086S24	SES206	1e+38	-62.0826	-1e+38
BLOCK08/SES086/SA086S28	SES029	1e+38	-66.3693	-1e+38
BLOCK08/SES086/SA086S28	SES082	1e+38	-60.1399	-1e+38
BLOCK08/SES086/SA086S28	SES087	1e+38	-59.4477	-1e+38
BLOCK08/SES086/SA086S28	SES206	1e+38	-59.5699	-1e+38
BLOCK08/SES089/SA089S13	SES087	1e+38	-64.645	-1e+38
BLOCK08/SES089/SA089S13	SES206	1e+38	-64.9237	-1e+38
BLOCK08/SES089/SA089S13	SES226	1e+38	-61.8951	-1e+38
BLOCK08/SES089/SA089S13	SES270	1e+38	-70.5685	-1e+38
BLOCK08/SES089/SA089S14	SES062	1e+38	-67.5842	-1e+38
BLOCK08/SES089/SA089S14	SES087	1e+38	-62.9263	-1e+38
BLOCK08/SES089/SA089S14	SES206	1e+38	-63.3356	-1e+38
BLOCK08/SES089/SA089S14	SES226	1e+38	-61.2073	-1e+38
BLOCK08/SES089/SA089S23	SES087	1e+38	-66.56	-1e+38
BLOCK08/SES089/SA089S23	SES206	1e+38	-64.9649	-1e+38
BLOCK08/SES089/SA089S23	SES226	1e+38	-62.8253	-1e+38
BLOCK08/SES089/SA089S23	SES270	1e+38	-69.7199	-1e+38
BLOCK08/SES089/SA089S25	SES062	1e+38	-69.4301	-1e+38
BLOCK08/SES089/SA089S25	SES087	1e+38	-65.244	-1e+38
BLOCK08/SES089/SA089S25	SES206	1e+38	-65.4071	-1e+38
BLOCK08/SES089/SA089S25	SES226	1e+38	-61.6039	-1e+38
BLOCK08/SES089/SA089S28	SES062	1e+38	-67.7427	-1e+38
BLOCK08/SES089/SA089S28	SES087	1e+38	-64.3934	-1e+38
BLOCK08/SES089/SA089S28	SES206	1e+38	-63.3472	-1e+38
BLOCK08/SES089/SA089S28	SES226	1e+38	-61.4362	-1e+38
BLOCK09/SES097/SA097S11	SES099	1e+38	-62.2305	-1e+38
BLOCK09/SES097/SA097S11	SES125	1e+38	-64.2696	-1e+38
BLOCK09/SES097/SA097S11	SES206	1e+38	-61.7849	-1e+38
BLOCK09/SES097/SA097S11	SES226	1e+38	-63.8727	-1e+38
BLOCK09/SES097/SA097S14	SES062	1e+38	-69.9713	-1e+38
BLOCK09/SES097/SA097S14	SES099	1e+38	-64.6289	-1e+38
BLOCK09/SES097/SA097S14	SES104	1e+38	-63.1549	-1e+38
BLOCK09/SES097/SA097S14	SES206	1e+38	-63.2017	-1e+38
BLOCK09/SES097/SA097S22	SES099	1e+38	-63.5566	-1e+38
BLOCK09/SES097/SA097S22	SES206	1e+38	-61.6133	-1e+38
BLOCK09/SES097/SA097S22	SES226	1e+38	-63.2992	-1e+38
BLOCK09/SES097/SA097S22	SES270	1e+38	-62.7831	-1e+38
BLOCK09/SES097/SA097S26	SES099	1e+38	-63.8195	-1e+38
BLOCK09/SES097/SA097S26	SES120	1e+38	-68.4052	-1e+38
BLOCK09/SES097/SA097S26	SES206	1e+38	-61.7737	-1e+38
BLOCK09/SES097/SA097S26	SES226	1e+38	-65.4037	-1e+38
BLOCK09/SES097/SA097S28	SES099	1e+38	-63.2133	-1e+38
BLOCK09/SES097/SA097S28	SES120	1e+38	-66.8182	-1e+38
BLOCK09/SES097/SA097S28	SES206	1e+38	-62.8375	-1e+38
BLOCK09/SES097/SA097S28	SES226	1e+38	-63.4309	-1e+38
BLOCK09/SES098/SA098S11	SES127	1e+38	-66.9781	-1e+38
BLOCK09/SES098/SA098S11	SES144	1e+38	-65.9998	-1e+38
BLOCK09/SES098/SA098S11	SES147	1e+38	-70.1438	-1e+38
BLOCK09/SES098/SA098S11	SES148	1e+38	-67.5811	-1e+38
BLOCK09/SES098/SA098S12	SES127	1e+38	-69.5854	-1e+38
BLOCK09/SES098/SA098S12	SES144	1e+38	-66.6923	-1e+38
BLOCK09/SES098/SA098S12	SES147	1e+38	-69.5889	-1e+38
BLOCK09/SES098/SA098S12	SES189	1e+38	-65.7426	-1e+38
BLOCK09/SES098/SA098S20	SES127	1e+38	-67.1201	-1e+38
BLOCK09/SES098/SA098S20	SES147	1e+38	-68.6286	-1e+38
BLOCK09/SES098/SA098S20	SES148	1e+38	-68.4018	-1e+38
BLOCK09/SES098/SA098S20	SES292	1e+38	-67.6669	-1e+38
BLOCK09/SES098/SA098S23	SES127	1e+38	-64.262	-1e+38
BLOCK09/SES098/SA098S23	SES147	1e+38	-66.6888	-1e+38
BLOCK09/SES098/SA098S23	SES187	1e+38	-62.2697	-1e+38
BLOCK09/SES098/SA098S23	SES292	1e+38	-65.4779	-1e+38
BLOCK09/SES098/SA098S27	SES127	1e+38	-66.142	-1e+38
BLOCK09/SES098/SA098S27	SES147	1e+38	-70.092	-1e+38
BLOCK09/SES098/SA098S27	SES148	1e+38	-68.3635	-1e+38
BLOCK09/SES098/SA098S27	SES292	1e+38	-67.3954	-1e+38
BLOCK10/SES102/SA102S13	SES101	1e+38	-63.1842	-1e+38
BLOCK10/SES102/SA102S13	SES105	1e+38	-64.0666	-1e+38
BLOCK10/SES102/SA102S13	SES120	1e+38	-64.3024	-1e+38
BLOCK10/SES102/SA102S13	SES158	1e+38	-78.6013	-1e+38
BLOCK10/SES102/SA102S14	SES007	1e+38	-61.4922	-1e+38
BLOCK10/SES102/SA102S14	SES101	1e+38	-59.8483	-1e+38
BLOCK10/SES102/SA102S14	SES105	1e+38	-62.094	-1e+38
BLOCK10/SES102/SA102S14	SES147	1e+38	-68.9945	-1e+38
BLOCK10/SES102/SA102S22	SES007	1e+38	-62.2239	-1e+38
BLOCK10/SES102/SA102S22	SES101	1e+38	-60.9011	-1e+38
BLOCK10/SES102/SA102S22	SES105	1e+38	-61.3416	-1e+38
BLOCK10/SES102/SA102S22	SES158	1e+38	-68.3341	-1e+38
BLOCK10/SES102/SA102S25	SES007	1e+38	-62.8288	-1e+38
BLOCK10/SES102/SA102S25	SES101	1e+38	-62.6387	-1e+38
BLOCK10/SES102/SA102S25	SES105	1e+38	-63.6932	-1e+38
BLOCK10/SES102/SA102S25	SES147	1e+38	-72.6663	-1e+38
BLOCK10/SES102/SA102S27	SES007	1e+38	-63.405	-1e+38
BLOCK10/SES102/SA102S27	SES101	1e+38	-62.355	-1e+38
BLOCK10/SES102/SA102S27	SES105	1e+38	-62.7592	-1e+38
BLOCK10/SES102/SA102S27	SES147	1e+38	-67.6882	-1e+38
BLOCK10/SES103/SA103S14	SES105	1e+38	-70.3733	-1e+38
BLOCK10/SES103/SA103S14	SES106	1e+38	-62.9037	-1e+38
BLOCK10/SES103/SA103S14	SES120	1e+38	-69.9421	-1e+38
BLOCK10/SES103/SA103S14	SES206	1e+38	-64.0543	-1e+38
BLOCK10/SES103/SA103S15	SES099	1e+38	-67.3356	-1e+38
BLOCK10/SES103/SA103S15	SES101	1e+38	-73.9793	-1e+38
BLOCK10/SES103/SA103S15	SES104	1e+38	-64.5403	-1e+38
BLOCK10/SES103/SA103S15	SES125	1e+38	-65.4086	-1e+38
BLOCK10/SES103/SA103S24	SES104	1e+38	-62.9989	-1e+38
BLOCK10/SES103/SA103S24	SES125	1e+38	-63.6958	-1e+38
BLOCK10/SES103/SA103S24	SES148	1e+38	-71.238	-1e+38
BLOCK10/SES103/SA103S24	SES158	1e+38	-64.5703	-1e+38
BLOCK10/SES103/SA103S26	SES104	1e+38	-62.5718	-1e+38
BLOCK10/SES103/SA103S26	SES106	1e+38	-61.1564	-1e+38
BLOCK10/SES103/SA103S26	SES125	1e+38	-63.9162	-1e+38
BLOCK10/SES103/SA103S26	SES148	1e+38	-69.4126	-1e+38
BLOCK10/SES103/SA103S28	SES104	1e+38	-62.2718	-1e+38
BLOCK10/SES103/SA103S28	SES106	1e+38	-63.9632	-1e+38
BLOCK10/SES103/SA103S28	SES125	1e+38	-64.9928	-1e+38
BLOCK10/SES103/SA103S28	SES206	1e+38	-63.6267	-1e+38
BLOCK12/SES121/SA121S12	SES042	1e+38	-68.293	-1e+38
BLOCK12/SES121/SA121S12	SES087	1e+38	-67.6428	-1e+38
BLOCK12/SES121/SA121S12	SES105	1e+38	-69.2721	-1e+38
BLOCK12/SES121/SA121S12	SES206	1e+38	-66.0707	-1e+38
BLOCK12/SES121/SA121S14	SES007	1e+38	-74.2607	-1e+38
BLOCK12/SES121/SA121S14	SES105	1e+38	-72.8934	-1e+38
BLOCK12/SES121/SA121S14	SES106	1e+38	-67.4448	-1e+38
BLOCK12/SES121/SA121S14	SES206	1e+38	-67.7557	-1e+38
BLOCK12/SES121/SA121S23	SES105	1e+38	-69.6439	-1e+38
BLOCK12/SES121/SA121S23	SES106	1e+38	-67.0007	-1e+38
BLOCK12/SES121/SA121S23	SES120	1e+38	-71.3927	-1e+38
BLOCK12/SES121/SA121S23	SES206	1e+38	-66.534	-1e+38
BLOCK12/SES121/SA121S25	SES007	1e+38	-73.6626	-1e+38
BLOCK12/SES121/SA121S25	SES105	1e+38	-73.1281	-1e+38
BLOCK12/SES121/SA121S25	SES106	1e+38	-68.0889	-1e+38
BLOCK12/SES121/SA121S25	SES206	1e+38	-67.0412	-1e+38
BLOCK12/SES121/SA121S27	SES087	1e+38	-65.5215	-1e+38
BLOCK12/SES121/SA121S27	SES105	1e+38	-74.2021	-1e+38
BLOCK12/SES121/SA121S27	SES120	1e+38	-74.6561	-1e+38
BLOCK12/SES121/SA121S27	SES206	1e+38	-66.1897	-1e+38
BLOCK12/SES124/SA124S16	SES042	1e+38	-60.9384	-1e+38
BLOCK12/SES124/SA124S16	SES082	1e+38	-61.7124	-1e+38
BLOCK12/SES124/SA124S16	SES183	1e+38	-73.8919	-1e+38
BLOCK12/SES124/SA124S16	SES206	1e+38	-62.5366	-1e+38
BLOCK12/SES124/SA124S17	SES105	1e+38	-71.4426	-1e+38
BLOCK12/SES124/SA124S17	SES149	1e+38	-65.9239	-1e+38
BLOCK12/SES124/SA124S17	SES158	1e+38	-68.755	-1e+38
BLOCK12/SES124/SA124S17	SES275	1e+38	-71.2546	-1e+38
BLOCK12/SES124/SA124S23	SES105	1e+38	-66.961	-1e+38
BLOCK12/SES124/SA124S23	SES125	1e+38	-57.7026	-1e+38
BLOCK12/SES124/SA124S23	SES129	1e+38	-68.0437	-1e+38
BLOCK12/SES124/SA124S23	SES158	1e+38	-62.6173	-1e+38
BLOCK12/SES124/SA124S26	SES105	1e+38	-71.421	-1e+38
BLOCK12/SES124/SA124S26	SES125	1e+38	-58.3616	-1e+38
BLOCK12/SES124/SA124S26	SES129	1e+38	-70.9365	-1e+38
BLOCK12/SES124/SA124S26	SES158	1e+38	-66.5386	-1e+38
BLOCK12/SES124/SA124S28	SES104	1e+38	-62.5112	-1e+38
BLOCK12/SES124/SA124S28	SES106	1e+38	-60.413	-1e+38
BLOCK12/SES124/SA124S28	SES125	1e+38	-58.8158	-1e+38
BLOCK12/SES124/SA124S28	SES275	1e+38	-70.3203	-1e+38
BLOCK12/SES126/SA126S13	SES007	1e+38	-65.7503	-1e+38
BLOCK12/SES126/SA126S13	SES162	1e+38	-63.2015	-1e+38
BLOCK12/SES126/SA126S13	SES177	1e+38	-62.8361	-1e+38
BLOCK12/SES126/SA126S13	SES180	1e+38	-63.2574	-1e+38
BLOCK12/SES126/SA126S14	SES144	1e+38	-63.1808	-1e+38
BLOCK12/SES126/SA126S14	SES148	1e+38	-64.9661	-1e+38
BLOCK12/SES126/SA126S14	SES177	1e+38	-61.047	-1e+38
BLOCK12/SES126/SA126S14	SES180	1e+38	-62.287	-1e+38
BLOCK12/SES126/SA126S20	SES007	1e+38	-65.8981	-1e+38
BLOCK12/SES126/SA126S20	SES162	1e+38	-64.3291	-1e+38
BLOCK12/SES126/SA126S20	SES172	1e+38	-65.4405	-1e+38
BLOCK12/SES126/SA126S20	SES180	1e+38	-64.697	-1e+38
BLOCK12/SES126/SA126S24	SES120	1e+38	-64.1067	-1e+38
BLOCK12/SES126/SA126S24	SES162	1e+38	-62.0495	-1e+38
BLOCK12/SES126/SA126S24	SES177	1e+38	-62.1832	-1e+38
BLOCK12/SES126/SA126S24	SES180	1e+38	-61.9962	-1e+38
BLOCK12/SES126/SA126S26	SES120	1e+38	-64.7798	-1e+38
BLOCK12/SES126/SA126S26	SES177	1e+38	-62.8648	-1e+38
BLOCK12/SES126/SA126S26	SES180	1e+38	-62.6565	-1e+38
BLOCK12/SES126/SA126S26	SES202	1e+38	-65.9365	-1e+38
BLOCK12/SES128/SA128S10	SES087	1e+38	-65.41	-1e+38
BLOCK12/SES128/SA128S10	SES206	1e+38	-63.3099	-1e+38
BLOCK12/SES128/SA128S10	SES226	1e+38	-62.1982	-1e+38
BLOCK12/SES128/SA128S10	SES270	1e+38	-65.5959	-1e+38
BLOCK12/SES128/SA128S12	SES120	1e+38	-68.3618	-1e+38
BLOCK12/SES128/SA128S12	SES158	1e+38	-64.23	-1e+38
BLOCK12/SES128/SA128S12	SES206	1e+38	-63.6486	-1e+38
BLOCK12/SES128/SA128S12	SES226	1e+38	-63.0786	-1e+38
BLOCK12/SES128/SA128S21	SES106	1e+38	-67.3845	-1e+38
BLOCK12/SES128/SA128S21	SES120	1e+38	-67.818	-1e+38
BLOCK12/SES128/SA128S21	SES206	1e+38	-67.1372	-1e+38
BLOCK12/SES128/SA128S21	SES226	1e+38	-64.1672	-1e+38
BLOCK12/SES128/SA128S24	SES087	1e+38	-69.5137	-1e+38
BLOCK12/SES128/SA128S24	SES120	1e+38	-66.5233	-1e+38
BLOCK12/SES128/SA128S24	SES206	1e+38	-67.123	-1e+38
BLOCK12/SES128/SA128S24	SES226	1e+38	-66.376	-1e+38
BLOCK12/SES128/SA128S27	SES099	1e+38	-66.2631	-1e+38
BLOCK12/SES128/SA128S27	SES120	1e+38	-66.2472	-1e+38
BLOCK12/SES128/SA128S27	SES206	1e+38	-64.9825	-1e+38
BLOCK12/SES128/SA128S27	SES226	1e+38	-63.5674	-1e+38
BLOCK13/SES130/SA130S13	SES143	1e+38	-71.7025	-1e+38
BLOCK13/SES130/SA130S13	SES144	1e+38	-65.4178	-1e+38
BLOCK13/SES130/SA130S13	SES146	1e+38	-66.1461	-1e+38
BLOCK13/SES130/SA130S13	SES275	1e+38	-69.1579	-1e+38
BLOCK13/SES130/SA130S15	SES143	1e+38	-66.2813	-1e+38
BLOCK13/SES130/SA130S15	SES144	1e+38	-62.6025	-1e+38
BLOCK13/SES130/SA130S15	SES146	1e+38	-63.7746	-1e+38
BLOCK13/SES130/SA130S15	SES275	1e+38	-64.4778	-1e+38
BLOCK13/SES130/SA130S23	SES127	1e+38	-71.0783	-1e+38
BLOCK13/SES130/SA130S23	SES144	1e+38	-66.723	-1e+38
BLOCK13/SES130/SA130S23	SES146	1e+38	-65.8085	-1e+38
BLOCK13/SES130/SA130S23	SES162	1e+38	-69.1732	-1e+38
BLOCK13/SES130/SA130S25	SES127	1e+38	-66.6287	-1e+38
BLOCK13/SES130/SA130S25	SES144	1e+38	-62.1193	-1e+38
BLOCK13/SES130/SA130S25	SES146	1e+38	-62.6375	-1e+38
BLOCK13/SES130/SA130S25	SES275	1e+38	-63.8876	-1e+38
BLOCK13/SES130/SA130S28	SES127	1e+38	-64.9117	-1e+38
BLOCK13/SES130/SA130S28	SES144	1e+38	-63.1047	-1e+38
BLOCK13/SES130/SA130S28	SES146	1e+38	-63.7513	-1e+38
BLOCK13/SES130/SA130S28	SES275	1e+38	-64.2102	-1e+38
BLOCK13/SES131/SA131S13	SES002	1e+38	-67.7915	-1e+38
BLOCK13/SES131/SA131S13	SES007	1e+38	-74.2136	-1e+38
BLOCK13/SES131/SA131S13	SES099	1e+38	-68.9071	-1e+38
BLOCK13/SES131/SA131S13	SES105	1e+38	-71.0366	-1e+38
BLOCK13/SES131/SA131S14	SES104	1e+38	-64.4805	-1e+38
BLOCK13/SES131/SA131S14	SES106	1e+38	-64.0878	-1e+38
BLOCK13/SES131/SA131S14	SES125	1e+38	-65.5601	-1e+38
BLOCK13/SES131/SA131S14	SES148	1e+38	-67.5231	-1e+38
BLOCK13/SES131/SA131S20	SES104	1e+38	-65.409	-1e+38
BLOCK13/SES131/SA131S20	SES106	1e+38	-63.2807	-1e+38
BLOCK13/SES131/SA131S20	SES125	1e+38	-64.3124	-1e+38
BLOCK13/SES131/SA131S20	SES148	1e+38	-72.2962	-1e+38
BLOCK13/SES131/SA131S22	SES099	1e+38	-64.6758	-1e+38
BLOCK13/SES131/SA131S22	SES104	1e+38	-64.5141	-1e+38
BLOCK13/SES131/SA131S22	SES125	1e+38	-62.8123	-1e+38
BLOCK13/SES131/SA131S22	SES206	1e+38	-64.0759	-1e+38
BLOCK13/SES131/SA131S29	SES087	1e+38	-63.0731	-1e+38
BLOCK13/SES131/SA131S29	SES104	1e+38	-66.5716	-1e+38
BLOCK13/SES131/SA131S29	SES125	1e+38	-64.7674	-1e+38
BLOCK13/SES131/SA131S29	SES206	1e+38	-65.2978	-1e+38
BLOCK13/SES132/SA132S11	SES083	1e+38	-62.6511	-1e+38
BLOCK13/SES132/SA132S11	SES120	1e+38	-61.8755	-1e+38
BLOCK13/SES132/SA132S11	SES127	1e+38	-62.2307	-1e+38
BLOCK13/SES132/SA132S11	SES275	1e+38	-64.1955	-1e+38
BLOCK13/SES132/SA132S12	SES083	1e+38	-62.4027	-1e+38
BLOCK13/SES132/SA132S12	SES143	1e+38	-64.6039	-1e+38
BLOCK13/SES132/SA132S12	SES144	1e+38	-61.7054	-1e+38
BLOCK13/SES132/SA132S12	SES148	1e+38	-62.9801	-1e+38
BLOCK13/SES132/SA132S22	SES062	1e+38	-61.8906	-1e+38
BLOCK13/SES132/SA132S22	SES083	1e+38	-61.0415	-1e+38
BLOCK13/SES132/SA132S22	SES127	1e+38	-61.0786	-1e+38
BLOCK13/SES132/SA132S22	SES275	1e+38	-62.46	-1e+38
BLOCK13/SES132/SA132S24	SES007	1e+38	-61.9793	-1e+38
BLOCK13/SES132/SA132S24	SES083	1e+38	-61.7995	-1e+38
BLOCK13/SES132/SA132S24	SES127	1e+38	-62.5175	-1e+38
BLOCK13/SES132/SA132S24	SES275	1e+38	-63.3967	-1e+38
BLOCK13/SES132/SA132S27	SES083	1e+38	-63.0232	-1e+38
BLOCK13/SES132/SA132S27	SES120	1e+38	-61.4336	-1e+38
BLOCK13/SES132/SA132S27	SES127	1e+38	-63.4962	-1e+38
BLOCK13/SES132/SA132S27	SES275	1e+38	-64.4293	-1e+38
BLOCK14/SES141/SA141S09	SES143	1e+38	-62.7063	-1e+38
BLOCK14/SES141/SA141S09	SES144	1e+38	-62.9502	-1e+38
BLOCK14/SES141/SA141S09	SES162	1e+38	-62.0967	-1e+38
BLOCK14/SES141/SA141S09	SES180	1e+38	-62.1737	-1e+38
BLOCK14/SES141/SA141S15	SES127	1e+38	-63.5266	-1e+38
BLOCK14/SES141/SA141S15	SES144	1e+38	-62.5963	-1e+38
BLOCK14/SES141/SA141S15	SES162	1e+38	-62.1752	-1e+38
BLOCK14/SES141/SA141S15	SES180	1e+38	-63.0827	-1e+38
BLOCK14/SES141/SA141S24	SES127	1e+38	-61.7953	-1e+38
BLOCK14/SES141/SA141S24	SES144	1e+38	-63.9625	-1e+38
BLOCK14/SES141/SA141S24	SES162	1e+38	-61.5416	-1e+38
BLOCK14/SES141/SA141S24	SES183	1e+38	-66.0592	-1e+38
BLOCK14/SES141/SA141S26	SES142	1e+38	-64.8055	-1e+38
BLOCK14/SES141/SA141S26	SES144	1e+38	-64.2511	-1e+38
BLOCK14/SES141/SA141S26	SES172	1e+38	-65.1489	-1e+38
BLOCK14/SES141/SA141S26	SES180	1e+38	-63.1323	-1e+38
BLOCK14/SES141/SA141S29	SES127	1e+38	-61.6454	-1e+38
BLOCK14/SES141/SA141S29	SES142	1e+38	-61.4551	-1e+38
BLOCK14/SES141/SA141S29	SES144	1e+38	-62.9716	-1e+38
BLOCK14/SES141/SA141S29	SES180	1e+38	-60.7779	-1e+38
BLOCK15/SES157/SA157S08	SES083	1e+38	-63.9338	-1e+38
BLOCK15/SES157/SA157S08	SES127	1e+38	-64.6882	-1e+38
BLOCK15/SES157/SA157S08	SES148	1e+38	-63.0638	-1e+38
BLOCK15/SES157/SA157S08	SES292	1e+38	-64.1224	-1e+38
BLOCK15/SES157/SA157S11	SES083	1e+38	-63.6306	-1e+38
BLOCK15/SES157/SA157S11	SES127	1e+38	-67.2372	-1e+38
BLOCK15/SES157/SA157S11	SES148	1e+38	-64.4081	-1e+38
BLOCK15/SES157/SA157S11	SES292	1e+38	-64.517	-1e+38
BLOCK15/SES157/SA157S21	SES127	1e+38	-68.7382	-1e+38
BLOCK15/SES157/SA157S21	SES148	1e+38	-64.6003	-1e+38
BLOCK15/SES157/SA157S21	SES158	1e+38	-72.7376	-1e+38
BLOCK15/SES157/SA157S21	SES292	1e+38	-64.3637	-1e+38
BLOCK15/SES157/SA157S24	SES127	1e+38	-66.6918	-1e+38
BLOCK15/SES157/SA157S24	SES148	1e+38	-64.1251	-1e+38
BLOCK15/SES157/SA157S24	SES183	1e+38	-64.9551	-1e+38
BLOCK15/SES157/SA157S24	SES292	1e+38	-63.7805	-1e+38
BLOCK15/SES157/SA157S26	SES007	1e+38	-63.1206	-1e+38
BLOCK15/SES157/SA157S26	SES127	1e+38	-63.9606	-1e+38
BLOCK15/SES157/SA157S26	SES147	1e+38	-70.7665	-1e+38
BLOCK15/SES157/SA157S26	SES148	1e+38	-63.1938	-1e+38
BLOCK16/SES161/SA161S10	SES007	1e+38	-68.189	-1e+38
BLOCK16/SES161/SA161S10	SES105	1e+38	-66.191	-1e+38
BLOCK16/SES161/SA161S10	SES158	1e+38	-68.2361	-1e+38
BLOCK16/SES161/SA161S10	SES275	1e+38	-66.8119	-1e+38
BLOCK16/SES161/SA161S12	SES007	1e+38	-66.8619	-1e+38
BLOCK16/SES161/SA161S12	SES105	1e+38	-67.0027	-1e+38
BLOCK16/SES161/SA161S12	SES158	1e+38	-67.7436	-1e+38
BLOCK16/SES161/SA161S12	SES275	1e+38	-66.7551	-1e+38
BLOCK16/SES161/SA161S20	SES007	1e+38	-69.8222	-1e+38
BLOCK16/SES161/SA161S20	SES105	1e+38	-69.5761	-1e+38
BLOCK16/SES161/SA161S20	SES158	1e+38	-72.1347	-1e+38
BLOCK16/SES161/SA161S20	SES275	1e+38	-69.4101	-1e+38
BLOCK16/SES161/SA161S23	SES007	1e+38	-66.1825	-1e+38
BLOCK16/SES161/SA161S23	SES105	1e+38	-65.0006	-1e+38
BLOCK16/SES161/SA161S23	SES148	1e+38	-67.7065	-1e+38
BLOCK16/SES161/SA161S23	SES158	1e+38	-66.1086	-1e+38
BLOCK16/SES161/SA161S28	SES007	1e+38	-67.36	-1e+38
BLOCK16/SES161/SA161S28	SES105	1e+38	-67.7002	-1e+38
BLOCK16/SES161/SA161S28	SES158	1e+38	-66.1994	-1e+38
BLOCK16/SES161/SA161S28	SES206	1e+38	-65.9257	-1e+38
BLOCK16/SES164/SA164S11	SES104	1e+38	-64.2733	-1e+38
BLOCK16/SES164/SA164S11	SES125	1e+38	-62.3901	-1e+38
BLOCK16/SES164/SA164S11	SES158	1e+38	-63.6409	-1e+38
BLOCK16/SES164/SA164S11	SES206	1e+38	-60.9442	-1e+38
BLOCK16/SES164/SA164S13	SES099	1e+38	-61.4294	-1e+38
BLOCK16/SES164/SA164S13	SES104	1e+38	-65.9293	-1e+38
BLOCK16/SES164/SA164S13	SES125	1e+38	-65.9024	-1e+38
BLOCK16/SES164/SA164S13	SES206	1e+38	-62.6502	-1e+38
BLOCK16/SES164/SA164S24	SES002	1e+38	-58.8864	-1e+38
BLOCK16/SES164/SA164S24	SES099	1e+38	-59.0717	-1e+38
BLOCK16/SES164/SA164S24	SES125	1e+38	-63.9121	-1e+38
BLOCK16/SES164/SA164S24	SES226	1e+38	-62.7552	-1e+38
BLOCK16/SES164/SA164S27	SES087	1e+38	-63.0232	-1e+38
BLOCK16/SES164/SA164S27	SES125	1e+38	-63.4901	-1e+38
BLOCK16/SES164/SA164S27	SES206	1e+38	-61.224	-1e+38
BLOCK16/SES164/SA164S27	SES226	1e+38	-64.1277	-1e+38
BLOCK16/SES164/SA164S29	SES002	1e+38	-60.6885	-1e+38
BLOCK16/SES164/SA164S29	SES019	1e+38	-61.9151	-1e+38
BLOCK16/SES164/SA164S29	SES125	1e+38	-62.8855	-1e+38
BLOCK16/SES164/SA164S29	SES226	1e+38	-62.831	-1e+38
BLOCK16/SES169/SA169S13	SES117	1e+38	-67.8041	-1e+38
BLOCK16/SES169/SA169S13	SES144	1e+38	-63.4268	-1e+38
BLOCK16/SES169/SA169S13	SES146	1e+38	-63.6712	-1e+38
BLOCK16/SES169/SA169S13	SES162	1e+38	-66.0771	-1e+38
BLOCK16/SES169/SA169S14	SES144	1e+38	-59.8788	-1e+38
BLOCK16/SES169/SA169S14	SES148	1e+38	-60.8661	-1e+38
BLOCK16/SES169/SA169S14	SES177	1e+38	-61.1971	-1e+38
BLOCK16/SES169/SA169S14	SES180	1e+38	-64.8753	-1e+38
BLOCK16/SES169/SA169S24	SES117	1e+38	-67.1059	-1e+38
BLOCK16/SES169/SA169S24	SES144	1e+38	-63.2433	-1e+38
BLOCK16/SES169/SA169S24	SES146	1e+38	-63.793	-1e+38
BLOCK16/SES169/SA169S24	SES162	1e+38	-65.905	-1e+38
BLOCK16/SES169/SA169S27	SES127	1e+38	-64.5278	-1e+38
BLOCK16/SES169/SA169S27	SES129	1e+38	-62.7961	-1e+38
BLOCK16/SES169/SA169S27	SES144	1e+38	-63.7931	-1e+38
BLOCK16/SES169/SA169S27	SES146	1e+38	-62.3522	-1e+38
BLOCK16/SES169/SA169S29	SES144	1e+38	-61.3497	-1e+38
BLOCK16/SES169/SA169S29	SES162	1e+38	-64.5254	-1e+38
BLOCK16/SES169/SA169S29	SES177	1e+38	-65.1916	-1e+38
BLOCK16/SES169/SA169S29	SES180	1e+38	-65.8012	-1e+38
BLOCK17/SES171/SA171S12	SES083	1e+38	-63.7355	-1e+38
BLOCK17/SES171/SA171S12	SES148	1e+38	-64.5195	-1e+38
BLOCK17/SES171/SA171S12	SES172	1e+38	-62.904	-1e+38
BLOCK17/SES171/SA171S12	SES292	1e+38	-65.2134	-1e+38
BLOCK17/SES171/SA171S15	SES148	1e+38	-64.9186	-1e+38
BLOCK17/SES171/SA171S15	SES177	1e+38	-64.6014	-1e+38
BLOCK17/SES171/SA171S15	SES180	1e+38	-67.6251	-1e+38
BLOCK17/SES171/SA171S15	SES292	1e+38	-68.8934	-1e+38
BLOCK17/SES171/SA171S22	SES007	1e+38	-62.1509	-1e+38
BLOCK17/SES171/SA171S22	SES148	1e+38	-63.3376	-1e+38
BLOCK17/SES171/SA171S22	SES177	1e+38	-61.2102	-1e+38
BLOCK17/SES171/SA171S22	SES180	1e+38	-64.2684	-1e+38
BLOCK17/SES171/SA171S25	SES101	1e+38	-67.6378	-1e+38
BLOCK17/SES171/SA171S25	SES120	1e+38	-66.7092	-1e+38
BLOCK17/SES171/SA171S25	SES177	1e+38	-63.5771	-1e+38
BLOCK17/SES171/SA171S25	SES180	1e+38	-66.0385	-1e+38
BLOCK17/SES171/SA171S27	SES177	1e+38	-62.5292	-1e+38
BLOCK17/SES171/SA171S27	SES180	1e+38	-65.4766	-1e+38
BLOCK17/SES171/SA171S27	SES189	1e+38	-63.8538	-1e+38
BLOCK17/SES171/SA171S27	SES292	1e+38	-65.594	-1e+38
BLOCK17/SES173/SA173S13	SES162	1e+38	-64.1499	-1e+38
BLOCK17/SES173/SA173S13	SES177	1e+38	-64.8071	-1e+38
BLOCK17/SES173/SA173S13	SES180	1e+38	-65.9498	-1e+38
BLOCK17/SES173/SA173S13	SES292	1e+38	-68.0257	-1e+38
BLOCK17/SES173/SA173S14	SES007	1e+38	-67.5558	-1e+38
BLOCK17/SES173/SA173S14	SES162	1e+38	-63.63	-1e+38
BLOCK17/SES173/SA173S14	SES177	1e+38	-64.3911	-1e+38
BLOCK17/SES173/SA173S14	SES180	1e+38	-65.9243	-1e+38
BLOCK17/SES173/SA173S24	SES144	1e+38	-65.6832	-1e+38
BLOCK17/SES173/SA173S24	SES162	1e+38	-65.4424	-1e+38
BLOCK17/SES173/SA173S24	SES177	1e+38	-65.9079	-1e+38
BLOCK17/SES173/SA173S24	SES180	1e+38	-66.8726	-1e+38
BLOCK17/SES173/SA173S27	SES162	1e+38	-63.1952	-1e+38
BLOCK17/SES173/SA173S27	SES177	1e+38	-63.4461	-1e+38
BLOCK17/SES173/SA173S27	SES180	1e+38	-63.6975	-1e+38
BLOCK17/SES173/SA173S27	SES292	1e+38	-66.0813	-1e+38
BLOCK17/SES173/SA173S29	SES162	1e+38	-64.3856	-1e+38
BLOCK17/SES173/SA173S29	SES175	1e+38	-64.6976	-1e+38
BLOCK17/SES173/SA173S29	SES177	1e+38	-65.2406	-1e+38
BLOCK17/SES173/SA173S29	SES292	1e+38	-71.2821	-1e+38
BLOCK18/SES182/SA182S10	SES144	1e+38	-63.3596	-1e+38
BLOCK18/SES182/SA182S10	SES177	1e+38	-64.8567	-1e+38
BLOCK18/SES182/SA182S10	SES180	1e+38	-64.1971	-1e+38
BLOCK18/SES182/SA182S10	SES275	1e+38	-64.1676	-1e+38
BLOCK18/SES182/SA182S12	SES144	1e+38	-61.6888	-1e+38
BLOCK18/SES182/SA182S12	SES177	1e+38	-61.8206	-1e+38
BLOCK18/SES182/SA182S12	SES180	1e+38	-63.0155	-1e+38
BLOCK18/SES182/SA182S12	SES275	1e+38	-63.2096	-1e+38
BLOCK18/SES182/SA182S21	SES117	1e+38	-64.113	-1e+38
BLOCK18/SES182/SA182S21	SES144	1e+38	-63.8772	-1e+38
BLOCK18/SES182/SA182S21	SES162	1e+38	-62.2965	-1e+38
BLOCK18/SES182/SA182S21	SES180	1e+38	-63.4446	-1e+38
BLOCK18/SES182/SA182S23	SES117	1e+38	-64.1418	-1e+38
BLOCK18/SES182/SA182S23	SES144	1e+38	-63.8717	-1e+38
BLOCK18/SES182/SA182S23	SES180	1e+38	-63.8744	-1e+38
BLOCK18/SES182/SA182S23	SES275	1e+38	-65.3172	-1e+38
BLOCK18/SES182/SA182S25	SES007	1e+38	-64.0137	-1e+38
BLOCK18/SES182/SA182S25	SES162	1e+38	-62.3781	-1e+38
BLOCK18/SES182/SA182S25	SES177	1e+38	-63.251	-1e+38
BLOCK18/SES182/SA182S25	SES180	1e+38	-63.6052	-1e+38
BLOCK18/SES184/SA184S12	SES177	1e+38	-65.9782	-1e+38
BLOCK18/SES184/SA184S12	SES180	1e+38	-67.3527	-1e+38
BLOCK18/SES184/SA184S12	SES189	1e+38	-68.4328	-1e+38
BLOCK18/SES184/SA184S12	SES292	1e+38	-67.1475	-1e+38
BLOCK18/SES184/SA184S13	SES101	1e+38	-64.0172	-1e+38
BLOCK18/SES184/SA184S13	SES177	1e+38	-63.1631	-1e+38
BLOCK18/SES184/SA184S13	SES180	1e+38	-64.1379	-1e+38
BLOCK18/SES184/SA184S13	SES292	1e+38	-63.5538	-1e+38
BLOCK18/SES184/SA184S22	SES177	1e+38	-62.9146	-1e+38
BLOCK18/SES184/SA184S22	SES180	1e+38	-64.1696	-1e+38
BLOCK18/SES184/SA184S22	SES189	1e+38	-65.7389	-1e+38
BLOCK18/SES184/SA184S22	SES292	1e+38	-63.7274	-1e+38
BLOCK18/SES184/SA184S25	SES101	1e+38	-61.9354	-1e+38
BLOCK18/SES184/SA184S25	SES177	1e+38	-61.9401	-1e+38
BLOCK18/SES184/SA184S25	SES180	1e+38	-62.0852	-1e+38
BLOCK18/SES184/SA184S25	SES292	1e+38	-61.6601	-1e+38
BLOCK18/SES184/SA184S27	SES083	1e+38	-62.9275	-1e+38
BLOCK18/SES184/SA184S27	SES177	1e+38	-62.3991	-1e+38
BLOCK18/SES184/SA184S27	SES202	1e+38	-67.0212	-1e+38
BLOCK18/SES184/SA184S27	SES292	1e+38	-63.1453	-1e+38
BLOCK20/SES204/SA204S12	SES062	1e+38	-66.798	-1e+38
BLOCK20/SES204/SA204S12	SES083	1e+38	-66.249	-1e+38
BLOCK20/SES204/SA204S12	SES206	1e+38	-62.3364	-1e+38
BLOCK20/SES204/SA204S12	SES226	1e+38	-63.0702	-1e+38
BLOCK20/SES204/SA204S14	SES068	1e+38	-68.7199	-1e+38
BLOCK20/SES204/SA204S14	SES087	1e+38	-61.5641	-1e+38
BLOCK20/SES204/SA204S14	SES206	1e+38	-61.9071	-1e+38
BLOCK20/SES204/SA204S14	SES226	1e+38	-61.8749	-1e+38
BLOCK20/SES204/SA204S22	SES068	1e+38	-69.6224	-1e+38
BLOCK20/SES204/SA204S22	SES082	1e+38	-65.2526	-1e+38
BLOCK20/SES204/SA204S22	SES083	1e+38	-68.4187	-1e+38
BLOCK20/SES204/SA204S22	SES206	1e+38	-63.499	-1e+38
BLOCK20/SES204/SA204S25	SES062	1e+38	-68.1698	-1e+38
BLOCK20/SES204/SA204S25	SES083	1e+38	-67.7411	-1e+38
BLOCK20/SES204/SA204S25	SES206	1e+38	-61.3602	-1e+38
BLOCK20/SES204/SA204S25	SES226	1e+38	-62.8985	-1e+38
BLOCK20/SES204/SA204S27	SES068	1e+38	-72.4278	-1e+38
BLOCK20/SES204/SA204S27	SES082	1e+38	-64.3137	-1e+38
BLOCK20/SES204/SA204S27	SES087	1e+38	-62.6756	-1e+38
BLOCK20/SES204/SA204S27	SES206	1e+38	-63.1549	-1e+38
BLOCK20/SES207/SA207S10	SES127	1e+38	-62.8424	-1e+38
BLOCK20/SES207/SA207S10	SES183	1e+38	-64.1336	-1e+38
BLOCK20/SES207/SA207S10	SES189	1e+38	-63.1692	-1e+38
BLOCK20/SES207/SA207S10	SES292	1e+38	-63.5847	-1e+38
BLOCK20/SES207/SA207S11	SES127	1e+38	-65.3731	-1e+38
BLOCK20/SES207/SA207S11	SES183	1e+38	-63.3766	-1e+38
BLOCK20/SES207/SA207S11	SES187	1e+38	-63.8723	-1e+38
BLOCK20/SES207/SA207S11	SES292	1e+38	-63.7464	-1e+38
BLOCK20/SES207/SA207S25	SES068	1e+38	-64.2667	-1e+38
BLOCK20/SES207/SA207S25	SES083	1e+38	-64.2955	-1e+38
BLOCK20/SES207/SA207S25	SES127	1e+38	-63.5644	-1e+38
BLOCK20/SES207/SA207S25	SES187	1e+38	-62.2736	-1e+38
BLOCK20/SES207/SA207S27	SES127	1e+38	-64.9643	-1e+38
BLOCK20/SES207/SA207S27	SES183	1e+38	-64.6695	-1e+38
BLOCK20/SES207/SA207S27	SES187	1e+38	-63.8518	-1e+38
BLOCK20/SES207/SA207S27	SES292	1e+38	-64.8709	-1e+38
BLOCK20/SES207/SA207S29	SES083	1e+38	-63.9029	-1e+38
BLOCK20/SES207/SA207S29	SES085	1e+38	-63.3348	-1e+38
BLOCK20/SES207/SA207S29	SES172	1e+38	-63.4619	-1e+38
BLOCK20/SES207/SA207S29	SES189	1e+38	-65.0214	-1e+38
BLOCK22/SES221/SA221S12	SES068	1e+38	-63.4407	-1e+38
BLOCK22/SES221/SA221S12	SES143	1e+38	-63.3645	-1e+38
BLOCK22/SES221/SA221S12	SES175	1e+38	-61.7266	-1e+38
BLOCK22/SES221/SA221S12	SES202	1e+38	-60.8095	-1e+38
BLOCK22/SES221/SA221S15	SES085	1e+38	-65.541	-1e+38
BLOCK22/SES221/SA221S15	SES143	1e+38	-65.2521	-1e+38
BLOCK22/SES221/SA221S15	SES175	1e+38	-63.9041	-1e+38
BLOCK22/SES221/SA221S15	SES187	1e+38	-62.4643	-1e+38
BLOCK22/SES221/SA221S23	SES068	1e+38	-63.6065	-1e+38
BLOCK22/SES221/SA221S23	SES143	1e+38	-64.2614	-1e+38
BLOCK22/SES221/SA221S23	SES175	1e+38	-61.4677	-1e+38
BLOCK22/SES221/SA221S23	SES189	1e+38	-61.1002	-1e+38
BLOCK22/SES221/SA221S27	SES085	1e+38	-65.716	-1e+38
BLOCK22/SES221/SA221S27	SES143	1e+38	-63.7354	-1e+38
BLOCK22/SES221/SA221S27	SES175	1e+38	-63.3368	-1e+38
BLOCK22/SES221/SA221S27	SES189	1e+38	-60.0985	-1e+38
BLOCK22/SES221/SA221S29	SES085	1e+38	-66.7477	-1e+38
BLOCK22/SES221/SA221S29	SES143	1e+38	-66.5368	-1e+38
BLOCK22/SES221/SA221S29	SES175	1e+38	-63.7574	-1e+38
BLOCK22/SES221/SA221S29	SES187	1e+38	-63.2479	-1e+38
BLOCK22/SES223/SA223S11	SES143	1e+38	-65.2451	-1e+38
BLOCK22/SES223/SA223S11	SES144	1e+38	-66.2605	-1e+38
BLOCK22/SES223/SA223S11	SES175	1e+38	-63.8797	-1e+38
BLOCK22/SES223/SA223S11	SES187	1e+38	-64.2437	-1e+38
BLOCK22/SES223/SA223S13	SES068	1e+38	-66.7197	-1e+38
BLOCK22/SES223/SA223S13	SES143	1e+38	-67.0268	-1e+38
BLOCK22/SES223/SA223S13	SES146	1e+38	-70.0626	-1e+38
BLOCK22/SES223/SA223S13	SES202	1e+38	-67.1373	-1e+38
BLOCK22/SES223/SA223S22	SES143	1e+38	-65.1731	-1e+38
BLOCK22/SES223/SA223S22	SES144	1e+38	-66.1955	-1e+38
BLOCK22/SES223/SA223S22	SES175	1e+38	-64.6055	-1e+38
BLOCK22/SES223/SA223S22	SES187	1e+38	-63.7377	-1e+38
BLOCK22/SES223/SA223S25	SES068	1e+38	-64.8607	-1e+38
BLOCK22/SES223/SA223S25	SES143	1e+38	-65.1546	-1e+38
BLOCK22/SES223/SA223S25	SES175	1e+38	-63.2766	-1e+38
BLOCK22/SES223/SA223S25	SES187	1e+38	-63.0316	-1e+38
BLOCK22/SES223/SA223S27	SES143	1e+38	-64.3086	-1e+38
BLOCK22/SES223/SA223S27	SES146	1e+38	-66.2678	-1e+38
BLOCK22/SES223/SA223S27	SES187	1e+38	-64.1416	-1e+38
BLOCK22/SES223/SA223S27	SES292	1e+38	-68.1732	-1e+38
BLOCK27/SES273/SA273S12	SES099	1e+38	-61.7645	-1e+38
BLOCK27/SES273/SA273S12	SES104	1e+38	-60.4951	-1e+38
BLOCK27/SES273/SA273S12	SES125	1e+38	-61.1002	-1e+38
BLOCK27/SES273/SA273S12	SES206	1e+38	-59.8257	-1e+38
BLOCK27/SES273/SA273S13	SES099	1e+38	-61.1026	-1e+38
BLOCK27/SES273/SA273S13	SES104	1e+38	-61.4463	-1e+38
BLOCK27/SES273/SA273S13	SES206	1e+38	-60.2743	-1e+38
BLOCK27/SES273/SA273S13	SES292	1e+38	-69.1846	-1e+38
BLOCK27/SES273/SA273S21	SES099	1e+38	-61.5503	-1e+38
BLOCK27/SES273/SA273S21	SES148	1e+38	-71.3078	-1e+38
BLOCK27/SES273/SA273S21	SES149	1e+38	-62.3881	-1e+38
BLOCK27/SES273/SA273S21	SES177	1e+38	-69.6131	-1e+38
BLOCK27/SES273/SA273S25	SES104	1e+38	-60.8732	-1e+38
BLOCK27/SES273/SA273S25	SES125	1e+38	-60.7478	-1e+38
BLOCK27/SES273/SA273S25	SES158	1e+38	-58.7901	-1e+38
BLOCK27/SES273/SA273S25	SES206	1e+38	-58.898	-1e+38
BLOCK27/SES273/SA273S27	SES099	1e+38	-60.2531	-1e+38
BLOCK27/SES273/SA273S27	SES104	1e+38	-61.9728	-1e+38
BLOCK27/SES273/SA273S27	SES149	1e+38	-60.3742	-1e+38
BLOCK27/SES273/SA273S27	SES275	1e+38	-64.6292	-1e+38
BLOCK27/SES274/SA274S10	SES105	1e+38	-67.6164	-1e+38
BLOCK27/SES274/SA274S10	SES125	1e+38	-60.433	-1e+38
BLOCK27/SES274/SA274S10	SES129	1e+38	-67.1012	-1e+38
BLOCK27/SES274/SA274S10	SES158	1e+38	-63.9998	-1e+38
BLOCK27/SES274/SA274S11	SES105	1e+38	-67.0319	-1e+38
BLOCK27/SES274/SA274S11	SES149	1e+38	-62.0495	-1e+38
BLOCK27/SES274/SA274S11	SES158	1e+38	-64.0666	-1e+38
BLOCK27/SES274/SA274S11	SES275	1e+38	-67.9103	-1e+38
BLOCK27/SES274/SA274S21	SES105	1e+38	-68.604	-1e+38
BLOCK27/SES274/SA274S21	SES129	1e+38	-67.6681	-1e+38
BLOCK27/SES274/SA274S21	SES149	1e+38	-62.8906	-1e+38
BLOCK27/SES274/SA274S21	SES158	1e+38	-67.2833	-1e+38
BLOCK27/SES274/SA274S24	SES105	1e+38	-69.4285	-1e+38
BLOCK27/SES274/SA274S24	SES129	1e+38	-68.0707	-1e+38
BLOCK27/SES274/SA274S24	SES149	1e+38	-63.5128	-1e+38
BLOCK27/SES274/SA274S24	SES158	1e+38	-66.9763	-1e+38
BLOCK27/SES274/SA274S29	SES105	1e+38	-66.984	-1e+38
BLOCK27/SES274/SA274S29	SES106	1e+38	-62.0389	-1e+38
BLOCK27/SES274/SA274S29	SES120	1e+38	-66.3565	-1e+38
BLOCK27/SES274/SA274S29	SES275	1e+38	-66.9295	-1e+38
BLOCK27/SES276/SA276S16	SES148	1e+38	-65.0465	-1e+38
BLOCK27/SES276/SA276S16	SES172	1e+38	-64.9308	-1e+38
BLOCK27/SES276/SA276S16	SES180	1e+38	-69.4051	-1e+38
BLOCK27/SES276/SA276S16	SES292	1e+38	-63.1893	-1e+38
BLOCK27/SES276/SA276S17	SES101	1e+38	-65.9311	-1e+38
BLOCK27/SES276/SA276S17	SES177	1e+38	-64.6933	-1e+38
BLOCK27/SES276/SA276S17	SES180	1e+38	-66.1646	-1e+38
BLOCK27/SES276/SA276S17	SES292	1e+38	-63.8891	-1e+38
BLOCK27/SES276/SA276S24	SES101	1e+38	-63.7282	-1e+38
BLOCK27/SES276/SA276S24	SES177	1e+38	-62.4303	-1e+38
BLOCK27/SES276/SA276S24	SES180	1e+38	-64.9689	-1e+38
BLOCK27/SES276/SA276S24	SES292	1e+38	-61.7226	-1e+38
BLOCK27/SES276/SA276S26	SES101	1e+38	-66.9517	-1e+38
BLOCK27/SES276/SA276S26	SES177	1e+38	-64.947	-1e+38
BLOCK27/SES276/SA276S26	SES180	1e+38	-64.7644	-1e+38
BLOCK27/SES276/SA276S26	SES292	1e+38	-64.6723	-1e+38
BLOCK27/SES276/SA276S28	SES101	1e+38	-65.6424	-1e+38
BLOCK27/SES276/SA276S28	SES177	1e+38	-64.747	-1e+38
BLOCK27/SES276/SA276S28	SES180	1e+38	-65.3507	-1e+38
BLOCK27/SES276/SA276S28	SES292	1e+38	-64.9412	-1e+38
BLOCK27/SES277/SA277S12	SES101	1e+38	-65.9819	-1e+38
BLOCK27/SES277/SA277S12	SES177	1e+38	-65.7607	-1e+38
BLOCK27/SES277/SA277S12	SES180	1e+38	-65.4756	-1e+38
BLOCK27/SES277/SA277S12	SES292	1e+38	-65.9103	-1e+38
BLOCK27/SES277/SA277S14	SES177	1e+38	-62.2053	-1e+38
BLOCK27/SES277/SA277S14	SES180	1e+38	-64.848	-1e+38
BLOCK27/SES277/SA277S14	SES189	1e+38	-62.8778	-1e+38
BLOCK27/SES277/SA277S14	SES292	1e+38	-66.2406	-1e+38
BLOCK27/SES277/SA277S21	SES177	1e+38	-61.4929	-1e+38
BLOCK27/SES277/SA277S21	SES180	1e+38	-63.0274	-1e+38
BLOCK27/SES277/SA277S21	SES189	1e+38	-62.4041	-1e+38
BLOCK27/SES277/SA277S21	SES292	1e+38	-64.4736	-1e+38
BLOCK27/SES277/SA277S24	SES144	1e+38	-66.4569	-1e+38
BLOCK27/SES277/SA277S24	SES177	1e+38	-63.9933	-1e+38
BLOCK27/SES277/SA277S24	SES180	1e+38	-65.614	-1e+38
BLOCK27/SES277/SA277S24	SES189	1e+38	-64.3768	-1e+38
BLOCK27/SES277/SA277S29	SES177	1e+38	-60.5745	-1e+38
BLOCK27/SES277/SA277S29	SES180	1e+38	-62.5467	-1e+38
BLOCK27/SES277/SA277S29	SES202	1e+38	-62.1547	-1e+38
BLOCK27/SES277/SA277S29	SES292	1e+38	-62.8866	-1e+38
BLOCK27/SES279/SA279S09	SES120	1e+38	-65.3017	-1e+38
BLOCK27/SES279/SA279S09	SES146	1e+38	-63.6665	-1e+38
BLOCK27/SES279/SA279S09	SES206	1e+38	-66.0262	-1e+38
BLOCK27/SES279/SA279S09	SES226	1e+38	-65.5878	-1e+38
BLOCK27/SES279/SA279S10	SES099	1e+38	-66.5701	-1e+38
BLOCK27/SES279/SA279S10	SES206	1e+38	-66.0807	-1e+38
BLOCK27/SES279/SA279S10	SES226	1e+38	-64.9485	-1e+38
BLOCK27/SES279/SA279S10	SES292	1e+38	-65.3266	-1e+38
BLOCK27/SES279/SA279S20	SES099	1e+38	-67.3639	-1e+38
BLOCK27/SES279/SA279S20	SES206	1e+38	-66.0202	-1e+38
BLOCK27/SES279/SA279S20	SES226	1e+38	-65.0603	-1e+38
BLOCK27/SES279/SA279S20	SES292	1e+38	-64.0957	-1e+38
BLOCK27/SES279/SA279S26	SES099	1e+38	-68.1735	-1e+38
BLOCK27/SES279/SA279S26	SES206	1e+38	-66.0722	-1e+38
BLOCK27/SES279/SA279S26	SES226	1e+38	-64.4954	-1e+38
BLOCK27/SES279/SA279S26	SES292	1e+38	-64.2693	-1e+38
BLOCK27/SES279/SA279S28	SES099	1e+38	-64.4083	-1e+38
BLOCK27/SES279/SA279S28	SES120	1e+38	-64.5775	-1e+38
BLOCK27/SES279/SA279S28	SES177	1e+38	-67.0008	-1e+38
BLOCK27/SES279/SA279S28	SES206	1e+38	-64.0252	-1e+38
BLOCK29/SES290/SA290S12	SES162	1e+38	-62.2144	-1e+38
BLOCK29/SES290/SA290S12	SES177	1e+38	-61.3356	-1e+38
BLOCK29/SES290/SA290S12	SES180	1e+38	-63.414	-1e+38
BLOCK29/SES290/SA290S12	SES292	1e+38	-64.7065	-1e+38
BLOCK29/SES290/SA290S13	SES007	1e+38	-66.9094	-1e+38
BLOCK29/SES290/SA290S13	SES162	1e+38	-65.1155	-1e+38
BLOCK29/SES290/SA290S13	SES177	1e+38	-63.1859	-1e+38
BLOCK29/SES290/SA290S13	SES180	1e+38	-65.1575	-1e+38
BLOCK29/SES290/SA290S22	SES177	1e+38	-61.7263	-1e+38
BLOCK29/SES290/SA290S22	SES180	1e+38	-62.6985	-1e+38
BLOCK29/SES290/SA290S22	SES202	1e+38	-62.9106	-1e+38
BLOCK29/SES290/SA290S22	SES292	1e+38	-65.8165	-1e+38
BLOCK29/SES290/SA290S25	SES162	1e+38	-62.3418	-1e+38
BLOCK29/SES290/SA290S25	SES177	1e+38	-61.743	-1e+38
BLOCK29/SES290/SA290S25	SES180	1e+38	-62.7466	-1e+38
BLOCK29/SES290/SA290S25	SES292	1e+38	-63.4103	-1e+38
BLOCK29/SES290/SA290S29	SES177	1e+38	-59.2808	-1e+38
BLOCK29/SES290/SA290S29	SES180	1e+38	-60.0671	-1e+38
BLOCK29/SES290/SA290S29	SES275	1e+38	-62.4521	-1e+38
BLOCK29/SES290/SA290S29	SES292	1e+38	-61.8598	-1e+38
BLOCK29/SES291/SA291S11	SES105	1e+38	-68.6403	-1e+38
BLOCK29/SES291/SA291S11	SES125	1e+38	-62.2615	-1e+38
BLOCK29/SES291/SA291S11	SES158	1e+38	-65.1181	-1e+38
BLOCK29/SES291/SA291S11	SES275	1e+38	-70.5178	-1e+38
BLOCK29/SES291/SA291S12	SES158	1e+38	-61.5092	-1e+38
BLOCK29/SES291/SA291S12	SES226	1e+38	-62.1256	-1e+38
BLOCK29/SES291/SA291S12	SES270	1e+38	-60.0956	-1e+38
BLOCK29/SES291/SA291S12	SES275	1e+38	-67.3881	-1e+38
BLOCK29/SES291/SA291S22	SES082	1e+38	-62.4524	-1e+38
BLOCK29/SES291/SA291S22	SES158	1e+38	-63.707	-1e+38
BLOCK29/SES291/SA291S22	SES259	1e+38	-64.0689	-1e+38
BLOCK29/SES291/SA291S22	SES275	1e+38	-68.2613	-1e+38
BLOCK29/SES291/SA291S24	SES104	1e+38	-60.7633	-1e+38
BLOCK29/SES291/SA291S24	SES125	1e+38	-60.0246	-1e+38
BLOCK29/SES291/SA291S24	SES158	1e+38	-62.3171	-1e+38
BLOCK29/SES291/SA291S24	SES275	1e+38	-68.0457	-1e+38
BLOCK29/SES291/SA291S27	SES158	1e+38	-60.7317	-1e+38
BLOCK29/SES291/SA291S27	SES172	1e+38	-67.8416	-1e+38
BLOCK29/SES291/SA291S27	SES275	1e+38	-68.8159	-1e+38
BLOCK29/SES291/SA291S27	SES292	1e+38	-68.6814	-1e+38
