BLOCK00/SES002/SA002S12	SES002	1.9029	14.8298	12.9269
BLOCK00/SES002/SA002S13	SES002	2.52477	14.8982	12.3734
BLOCK00/SES002/SA002S23	SES002	1.43887	14.7195	13.2806
BLOCK00/SES002/SA002S26	SES002	1.78076	15.5991	13.8184
BLOCK00/SES002/SA002S28	SES002	1.45317	13.4734	12.0202
BLOCK00/SES007/SA007S14	SES007	1.88645	17.7953	15.9089
BLOCK00/SES007/SA007S15	SES007	0.843206	15.3115	14.4683
BLOCK00/SES007/SA007S24	SES007	1.23247	15.2954	14.0629
BLOCK00/SES007/SA007S27	SES007	1.0583	14.2883	13.23
BLOCK00/SES007/SA007S29	SES007	0.415986	15.1897	14.7738
BLOCK00/SES008/SA008S11	SES008	1.394	16.1026	14.7086
BLOCK00/SES008/SA008S12	SES008	0.952345	15.6083	14.6559
BLOCK00/SES008/SA008S19	SES008	1.62953	16.8388	15.2093
BLOCK00/SES008/SA008S22	SES008	0.679589	15.185	14.5054
BLOCK00/SES008/SA008S29	SES008	1.779	17.5517	15.7727
BLOCK01/SES014/SA014S10	SES014	2.65007	15.8235	13.1734
BLOCK01/SES014/SA014S12	SES014	3.3202	18.4816	15.1614
BLOCK01/SES014/SA014S24	SES014	2.42209	16.7597	14.3376
BLOCK01/SES014/SA014S26	SES014	2.78152	19.287	16.5054
BLOCK01/SES014/SA014S28	SES014	4.58899	19.7386	15.1496
BLOCK01/SES016/SA016S12	SES016	1.65779	15.6813	14.0235
BLOCK01/SES016/SA016S13	SES016	1.89833	17.4078	15.5094
BLOCK01/SES016/SA016S22	SES016	1.99888	17.9035	15.9046
BLOCK01/SES016/SA016S25	SES016	2.0731	18.5947	16.5217
BLOCK01/SES016/SA016S27	SES016	1.94453	19.3006	17.3561
BLOCK01/SES019/SA019S13	SES019	3.65021	14.2907	10.6405
BLOCK01/SES019/SA019S14	SES019	2.73806	14.1099	11.3718
BLOCK01/SES019/SA019S22	SES019	3.32565	14.5013	11.1756
BLOCK01/SES019/SA019S25	SES019	3.20972	14.4871	11.2774
BLOCK01/SES019/SA019S29	SES019	3.91953	15.0875	11.1679
BLOCK02/SES029/SA029S11	SES029	1.65298	16.9179	15.2649
BLOCK02/SES029/SA029S12	SES029	0.559313	15.8986	15.3393
BLOCK02/SES029/SA029S20	SES029	1.33303	16.1745	14.8414
BLOCK02/SES029/SA029S25	SES029	0.689434	18.6503	17.9609
BLOCK02/SES029/SA029S28	SES029	0.58339	16.0454	15.462
BLOCK04/SES042/SA042S12	SES042	2.65523	15.269	12.6137
BLOCK04/SES042/SA042S15	SES042	3.38879	16.2356	12.8468
BLOCK04/SES042/SA042S22	SES042	4.06084	18.634	14.5732
BLOCK04/SES042/SA042S25	SES042	3.21175	14.5582	11.3464
BLOCK04/SES042/SA042S27	SES042	2.65815	16.4375	13.7794
BLOCK04/SES048/SA048S11	SES048	1.57772	16.195	14.6172
BLOCK04/SES048/SA048S12	SES048	0.560863	15.5314	14.9705
BLOCK04/SES048/SA048S20	SES048	0.582118	15.3077	14.7256
BLOCK04/SES048/SA048S23	SES048	1.47728	14.7113	13.2341
BLOCK04/SES048/SA048S27	SES048	0.66433	16.5844	15.9201
BLOCK06/SES060/SA060S11	SES060	1.86188	17.7812	15.9193
BLOCK06/SES060/SA060S12	SES060	-0.715242	14.7962	15.5114
BLOCK06/SES060/SA060S22	SES060	-0.173609	14.272	14.4456
BLOCK06/SES060/SA060S24	SES060	1.487	16.418	14.931
BLOCK06/SES060/SA060S28	SES060	1.44861	18.51	17.0614
BLOCK06/SES062/SA062S10	SES062	1.42099	16.9337	15.5128
BLOCK06/SES062/SA062S11	SES062	1.07809	16.9882	15.9101
BLOCK06/SES062/SA062S21	SES062	1.686	19.4242	17.7382
BLOCK06/SES062/SA062S26	SES062	1.06437	17.8489	16.7845
BLOCK06/SES062/SA062S29	SES062	1.82064	19.2613	17.4407
BLOCK06/SES068/SA068S14	SES068	0.40777	17.5565	17.1487
BLOCK06/SES068/SA068S15	SES068	1.32481	19.0476	17.7227
BLOCK06/SES068/SA068S23	SES068	0.824704	15.8029	14.9782
BLOCK06/SES068/SA068S27	SES068	2.27464	19.5279	17.2532
BLOCK06/SES068/SA068S29	SES068	0.604652	16.6527	16.0481
BLOCK08/SES082/SA082S12	SES082	1.09904	13.5764	12.4774
BLOCK08/SES082/SA082S14	SES082	1.06352	13.4296	12.3661
BLOCK08/SES082/SA082S21	SES082	0.863432	13.4303	12.5669
BLOCK08/SES082/SA082S24	SES082	1.48711	15.4251	13.938
BLOCK08/SES082/SA082S28	SES082	0.92623	14.0315	13.1053
BLOCK08/SES083/SA083S14	SES083	0.261163	16.0487	15.7875
BLOCK08/SES083/SA083S15	SES083	0.606354	17.1925	16.5862
BLOCK08/SES083/SA083S24	SES083	0.702125	16.3736	15.6715
BLOCK08/SES083/SA083S26	SES083	0.780828	15.3517	14.5709
BLOCK08/SES083/SA083S29	SES083	0.447809	16.6643	16.2164
BLOCK08/SES085/SA085S10	SES085	0.997559	17.1726	16.1751
BLOCK08/SES085/SA085S13	SES085	0.180946	16.9386	16.7576
BLOCK08/SES085/SA085S22	SES085	0.408491	18.3388	17.9303
BLOCK08/SES085/SA085S26	SES085	0.525665	19.4946	18.9689
BLOCK08/SES085/SA085S28	SES085	1.35816	17.1822	15.8241
BLOCK08/SES087/SA087S15	SES087	2.03159	15.0153	12.9837
BLOCK08/SES087/SA087S16	SES087	2.19682	15.2012	13.0044
BLOCK08/SES087/SA087S24	SES087	1.61749	14.6765	13.059
BLOCK08/SES087/SA087S26	SES087	1.4526	15.8832	14.4306
BLOCK08/SES087/SA087S29	SES087	2.1823	14.8693	12.687
BLOCK09/SES099/SA099S15	SES099	2.14321	14.2843	12.1411
BLOCK09/SES099/SA099S16	SES099	2.0795	14.4804	12.4009
BLOCK09/SES099/SA099S24	SES099	1.99966	14.7276	12.728
BLOCK09/SES099/SA099S26	SES099	2.21839	14.7477	12.5293
BLOCK09/SES099/SA099S29	SES099	2.29546	15.4161	13.1207
BLOCK10/SES101/SA101S11	SES101	0.958261	15.906	14.9477
BLOCK10/SES101/SA101S13	SES101	1.91426	18.6019	16.6877
BLOCK10/SES101/SA101S22	SES101	1.36631	16.9539	15.5876
BLOCK10/SES101/SA101S24	SES101	0.911457	15.6603	14.7489
BLOCK10/SES101/SA101S28	SES101	0.849999	15.9784	15.1284
BLOCK10/SES104/SA104S11	SES104	2.02483	17.7263	15.7014
BLOCK10/SES104/SA104S12	SES104	2.3413	16.3114	13.9701
BLOCK10/SES104/SA104S21	SES104	2.06808	15.3643	13.2962
BLOCK10/SES104/SA104S24	SES104	1.57797	15.2902	13.7122
BLOCK10/SES104/SA104S28	SES104	2.02692	16.2083	14.1814
BLOCK10/SES105/SA105S12	SES105	1.14419	13.6423	12.4981
BLOCK10/SES105/SA105S13	SES105	0.88745	13.3823	12.4948
BLOCK10/SES105/SA105S22	SES105	0.51705	12.6082	12.0912
BLOCK10/SES105/SA105S26	SES105	1.34816	13.9712	12.623
BLOCK10/SES105/SA105S29	SES105	1.57226	15.1024	13.5301
BLOCK10/SES106/SA106S09	SES106	2.00364	13.3733	11.3697
BLOCK10/SES106/SA106S11	SES106	2.14875	15.3178	13.169
BLOCK10/SES106/SA106S22	SES106	3.8553	15.5311	11.6758
BLOCK10/SES106/SA106S27	SES106	1.93178	13.9245	11.9927
BLOCK10/SES106/SA106S29	SES106	1.53881	13.7747	12.2359
BLOCK11/SES117/SA117S12	SES117	0.976739	16.8321	15.8554
BLOCK11/SES117/SA117S13	SES117	0.554335	17.5851	17.0308
BLOCK11/SES117/SA117S23	SES117	1.44426	15.978	14.5338
BLOCK11/SES117/SA117S25	SES117	1.39018	15.7009	14.3107
BLOCK11/SES117/SA117S28	SES117	0.978065	15.2412	14.2632
BLOCK12/SES120/SA120S08	SES120	0.898603	12.8782	11.9796
BLOCK12/SES120/SA120S11	SES120	1.07573	12.2971	11.2214
BLOCK12/SES120/SA120S22	SES120	0.409924	15.1858	14.7759
BLOCK12/SES120/SA120S24	SES120	0.876766	14.8202	13.9434
BLOCK12/SES120/SA120S28	SES120	0.794012	12.7264	11.9324
BLOCK12/SES125/SA125S13	SES125	2.5846	15.3723	12.7877
BLOCK12/SES125/SA125S14	SES125	1.309	14.0919	12.7829
BLOCK12/SES125/SA125S25	SES125	2.33831	15.7179	13.3796
BLOCK12/SES125/SA125S27	SES125	2.51542	16.8229	14.3075
BLOCK12/SES125/SA125S29	SES125	2.32764	15.182	12.8543
BLOCK12/SES127/SA127S11	SES127	0.916214	17.2999	16.3837
BLOCK12/SES127/SA127S12	SES127	0.678005	17.0694	16.3914
BLOCK12/SES127/SA127S23	SES127	0.386305	16.5442	16.1578
BLOCK12/SES127/SA127S25	SES127	0.0215101	15.8689	15.8474
BLOCK12/SES127/SA127S27	SES127	0.746004	17.1066	16.3606
BLOCK12/SES129/SA129S11	SES129	1.93846	17.0583	15.1199
BLOCK12/SES129/SA129S12	SES129	1.70944	16.4894	14.7799
BLOCK12/SES129/SA129S22	SES129	1.61831	15.9375	14.3192
BLOCK12/SES129/SA129S27	SES129	1.66042	16.2466	14.5862
BLOCK12/SES129/SA129S29	SES129	1.24816	15.8915	14.6433
BLOCK14/SES142/SA142S11	SES142	2.39374	17.4889	15.0952
BLOCK14/SES142/SA142S12	SES142	1.15986	16.3852	15.2254
BLOCK14/SES142/SA142S24	SES142	1.88054	17.872	15.9915
BLOCK14/SES142/SA142S27	SES142	1.8096	16.8255	15.0159
BLOCK14/SES142/SA142S29	SES142	2.85785	18.1795	15.3217
BLOCK14/SES143/SA143S12	SES143	1.55979	16.6072	15.0474
BLOCK14/SES143/SA143S13	SES143	1.17987	15.0937	13.9138
BLOCK14/SES143/SA143S23	SES143	1.18447	16.3385	15.154
BLOCK14/SES143/SA143S25	SES143	1.33562	17.7153	16.3797
BLOCK14/SES143/SA143S28	SES143	1.42742	17.4006	15.9732
BLOCK14/SES144/SA144S09	SES144	1.17149	16.3917	15.2203
BLOCK14/SES144/SA144S11	SES144	1.38975	14.6467	13.2569
BLOCK14/SES144/SA144S21	SES144	0.292017	15.1726	14.8806
BLOCK14/SES144/SA144S25	SES144	0.948079	14.2536	13.3055
BLOCK14/SES144/SA144S29	SES144	0.286255	16.3367	16.0505
BLOCK14/SES146/SA146S14	SES146	0.738146	13.1346	12.3964
BLOCK14/SES146/SA146S15	SES146	0.878989	14.1607	13.2817
BLOCK14/SES146/SA146S24	SES146	0.765344	13.7047	12.9394
BLOCK14/SES146/SA146S26	SES146	1.23437	14.3604	13.1261
BLOCK14/SES146/SA146S29	SES146	0.70853	13.3439	12.6354
BLOCK14/SES147/SA147S11	SES147	1.40988	16.3622	14.9523
BLOCK14/SES147/SA147S13	SES147	2.47322	16.9573	14.4841
BLOCK14/SES147/SA147S23	SES147	0.858489	16.2996	15.4411
BLOCK14/SES147/SA147S26	SES147	1.63272	16.4123	14.7796
BLOCK14/SES147/SA147S28	SES147	1.37983	16.1819	14.8021
BLOCK14/SES148/SA148S10	SES148	1.60442	14.3769	12.7725
BLOCK14/SES148/SA148S12	SES148	1.60114	13.6008	11.9996
BLOCK14/SES148/SA148S22	SES148	1.68867	15.5045	13.8158
BLOCK14/SES148/SA148S26	SES148	0.0221062	15.1048	15.0827
BLOCK14/SES148/SA148S29	SES148	0.453739	14.197	13.7433
BLOCK14/SES149/SA149S13	SES149	-0.016963	13.9924	14.0094
BLOCK14/SES149/SA149S14	SES149	0.610625	15.4678	14.8572
BLOCK14/SES149/SA149S24	SES149	1.51192	16.0139	14.502
BLOCK14/SES149/SA149S26	SES149	2.03796	16.8487	14.8107
BLOCK14/SES149/SA149S28	SES149	1.98199	17.8911	15.9091
BLOCK15/SES158/SA158S13	SES158	1.85856	13.2136	11.355
BLOCK15/SES158/SA158S14	SES158	3.24177	13.7928	10.551
BLOCK15/SES158/SA158S23	SES158	1.48236	13.5307	12.0483
BLOCK15/SES158/SA158S26	SES158	2.61983	13.604	10.9841
BLOCK15/SES158/SA158S28	SES158	1.40978	12.7487	11.3389
BLOCK16/SES162/SA162S10	SES162	0.989145	13.4025	12.4133
BLOCK16/SES162/SA162S11	SES162	0.962961	16.1101	15.1471
BLOCK16/SES162/SA162S21	SES162	1.72165	15.8601	14.1385
BLOCK16/SES162/SA162S24	SES162	1.28817	15.7236	14.4354
BLOCK16/SES162/SA162S27	SES162	1.37893	14.9129	13.534
BLOCK16/SES167/SA167S14	SES167	1.20812	18.9241	17.716
BLOCK16/SES167/SA167S15	SES167	1.44698	17.238	15.791
BLOCK16/SES167/SA167S21	SES167	2.09104	18.9979	16.9068
BLOCK16/SES167/SA167S25	SES167	2.06037	18.6468	16.5864
BLOCK16/SES167/SA167S29	SES167	2.62118	20.3039	17.6827
BLOCK17/SES172/SA172S12	SES172	1.56538	17.1763	15.6109
BLOCK17/SES172/SA172S13	SES172	1.56168	16.564	15.0023
BLOCK17/SES172/SA172S23	SES172	0.863516	18.6937	17.8302
BLOCK17/SES172/SA172S27	SES172	0.819761	16.2056	15.3859
BLOCK17/SES172/SA172S29	SES172	1.56187	16.6883	15.1264
BLOCK17/SES175/SA175S11	SES175	1.11344	17.8003	16.6869
BLOCK17/SES175/SA175S13	SES175	1.65083	16.5043	14.8535
BLOCK17/SES175/SA175S23	SES175	1.79928	18.0404	16.2411
BLOCK17/SES175/SA175S25	SES175	0.899989	14.8327	13.9327
BLOCK17/SES175/SA175S28	SES175	0.948065	17.9882	17.0402
BLOCK17/SES177/SA177S15	SES177	0.648393	16.5066	15.8582
BLOCK17/SES177/SA177S17	SES177	0.698517	16.787	16.0885
BLOCK17/SES177/SA177S23	SES177	-0.0456896	15.9473	15.993
BLOCK17/SES177/SA177S26	SES177	1.48298	18.9016	17.4186
BLOCK17/SES177/SA177S28	SES177	0.969893	17.8701	16.9002
BLOCK18/SES180/SA180S13	SES180	0.48838	16.8037	16.3153
BLOCK18/SES180/SA180S15	SES180	0.892759	15.874	14.9812
BLOCK18/SES180/SA180S24	SES180	0.653587	17.8773	17.2237
BLOCK18/SES180/SA180S26	SES180	1.11901	17.6359	16.5169
BLOCK18/SES180/SA180S29	SES180	0.929173	17.419	16.4899
BLOCK18/SES183/SA183S13	SES183	1.40704	14.0832	12.6761
BLOCK18/SES183/SA183S14	SES183	-0.0359278	13.6911	13.727
BLOCK18/SES183/SA183S24	SES183	1.63111	13.9839	12.3528
BLOCK18/SES183/SA183S27	SES183	1.26298	13.9541	12.6911
BLOCK18/SES183/SA183S29	SES183	0.884915	15.3714	14.4865
BLOCK18/SES187/SA187S13	SES187	1.15513	16.8665	15.7113
BLOCK18/SES187/SA187S14	SES187	1.23544	16.8512	15.6158
BLOCK18/SES187/SA187S24	SES187	2.28011	18.9078	16.6276
BLOCK18/SES187/SA187S27	SES187	1.46484	17.0593	15.5945
BLOCK18/SES187/SA187S29	SES187	1.52752	17.8781	16.3506
BLOCK18/SES189/SA189S10	SES189	1.5955	14.0953	12.4999
BLOCK18/SES189/SA189S13	SES189	1.78827	13.7308	11.9426
BLOCK18/SES189/SA189S24	SES189	2.08215	13.9526	11.8705
BLOCK18/SES189/SA189S26	SES189	1.39009	15.1979	13.8078
BLOCK18/SES189/SA189S29	SES189	2.11564	15.5534	13.4378
BLOCK20/SES202/SA202S12	SES202	1.34691	14.325	12.978
BLOCK20/SES202/SA202S14	SES202	2.07769	17.5946	15.5169
BLOCK20/SES202/SA202S24	SES202	1.3387	17.5339	16.1952
BLOCK20/SES202/SA202S27	SES202	1.62818	19.5041	17.8759
BLOCK20/SES202/SA202S29	SES202	2.14558	20.1474	18.0018
BLOCK20/SES206/SA206S15	SES206	0.114415	14.1838	14.0694
BLOCK20/SES206/SA206S17	SES206	1.70738	16.3554	14.6481
BLOCK20/SES206/SA206S24	SES206	2.19844	16.7751	14.5767
BLOCK20/SES206/SA206S27	SES206	2.16081	15.4467	13.2859
BLOCK20/SES206/SA206S29	SES206	1.11637	16.4959	15.3795
BLOCK22/SES226/SA226S12	SES226	1.45711	14.2931	12.836
BLOCK22/SES226/SA226S13	SES226	-0.0985041	12.7688	12.8673
BLOCK22/SES226/SA226S20	SES226	1.78152	14.2326	12.451
BLOCK22/SES226/SA226S23	SES226	1.83532	14.8837	13.0484
BLOCK22/SES226/SA226S28	SES226	2.11073	15.2424	13.1317
BLOCK25/SES259/SA259S13	SES259	4.03951	16.7476	12.7081
BLOCK25/SES259/SA259S14	SES259	2.7774	15.5602	12.7828
BLOCK25/SES259/SA259S22	SES259	2.16109	14.9095	12.7485
BLOCK25/SES259/SA259S24	SES259	2.4309	16.7253	14.2944
BLOCK25/SES259/SA259S28	SES259	2.45843	15.6041	13.1457
BLOCK27/SES270/SA270S14	SES270	2.58181	13.6708	11.089
BLOCK27/SES270/SA270S16	SES270	1.06416	13.4774	12.4133
BLOCK27/SES270/SA270S22	SES270	2.95834	14.6768	11.7185
BLOCK27/SES270/SA270S26	SES270	1.97952	12.4739	10.4944
BLOCK27/SES270/SA270S28	SES270	1.76205	14.2199	12.4579
BLOCK27/SES275/SA275S17	SES275	1.13126	14.9794	13.8481
BLOCK27/SES275/SA275S18	SES275	0.568351	15.1647	14.5963
BLOCK27/SES275/SA275S24	SES275	0.80654	13.5306	12.7241
BLOCK27/SES275/SA275S26	SES275	1.28397	14.8882	13.6042
BLOCK27/SES275/SA275S28	SES275	0.506659	14.1732	13.6666
BLOCK29/SES292/SA292S10	SES292	0.630932	15.0862	14.4552
BLOCK29/SES292/SA292S12	SES292	0.358847	15.6782	15.3194
BLOCK29/SES292/SA292S22	SES292	0.48415	16.5336	16.0495
BLOCK29/SES292/SA292S24	SES292	0.548216	16.7382	16.19
BLOCK29/SES292/SA292S27	SES292	0.508634	16.3131	15.8045
BLOCK00/SES001/SA001S14	SES062	-2.36927	8.93252	11.3018
BLOCK00/SES001/SA001S14	SES082	-1.99725	9.30455	11.3018
BLOCK00/SES001/SA001S14	SES106	-1.92231	9.37949	11.3018
BLOCK00/SES001/SA001S14	SES206	-1.51209	9.78971	11.3018
BLOCK00/SES001/SA001S15	SES062	-2.46038	10.8313	13.2917
BLOCK00/SES001/SA001S15	SES104	-2.30781	10.9839	13.2917
BLOCK00/SES001/SA001S15	SES106	-1.94281	11.3489	13.2917
BLOCK00/SES001/SA001S15	SES206	-1.47785	11.8138	13.2917
BLOCK00/SES001/SA001S24	SES062	-2.74968	8.5016	11.2513
BLOCK00/SES001/SA001S24	SES082	-2.80653	8.44475	11.2513
BLOCK00/SES001/SA001S24	SES087	-1.60496	9.64631	11.2513
BLOCK00/SES001/SA001S24	SES206	-2.17391	9.07737	11.2513
BLOCK00/SES001/SA001S27	SES062	-1.56184	12.0568	13.6187
BLOCK00/SES001/SA001S27	SES082	-1.74404	11.8746	13.6187
BLOCK00/SES001/SA001S27	SES087	-1.08996	12.5287	13.6187
BLOCK00/SES001/SA001S27	SES206	-1.1722	12.4465	13.6187
BLOCK00/SES001/SA001S29	SES062	-3.18569	8.5426	11.7283
BLOCK00/SES001/SA001S29	SES082	-1.53031	10.198	11.7283
BLOCK00/SES001/SA001S29	SES158	-0.955359	10.7729	11.7283
BLOCK00/SES001/SA001S29	SES206	-2.35418	9.37412	11.7283
BLOCK00/SES003/SA003S11	SES002	-0.232716	12.2756	12.5084
BLOCK00/SES003/SA003S11	SES019	-1.01546	11.4929	12.5084
BLOCK00/SES003/SA003S11	SES082	-0.317616	12.1907	12.5084
BLOCK00/SES003/SA003S11	SES125	-1.19076	11.3176	12.5084
BLOCK00/SES003/SA003S15	SES016	-2.12228	11.7134	13.8356
BLOCK00/SES003/SA003S15	SES019	-1.5631	12.2725	13.8356
BLOCK00/SES003/SA003S15	SES062	-1.85185	11.9838	13.8356
BLOCK00/SES003/SA003S15	SES206	-0.812512	13.0231	13.8356
BLOCK00/SES003/SA003S22	SES002	-1.09195	11.871	12.963
BLOCK00/SES003/SA003S22	SES062	-0.978429	11.9846	12.963
BLOCK00/SES003/SA003S22	SES082	-1.3899	11.5731	12.963
BLOCK00/SES003/SA003S22	SES087	-1.06396	11.899	12.963
BLOCK00/SES003/SA003S25	SES062	-2.64334	9.3662	12.0095
BLOCK00/SES003/SA003S25	SES082	-0.780396	11.2291	12.0095
BLOCK00/SES003/SA003S25	SES087	-0.925736	11.0838	12.0095
BLOCK00/SES003/SA003S25	SES206	-1.46208	10.5475	12.0095
BLOCK00/SES003/SA003S29	SES002	-0.646132	11.3797	12.0258
BLOCK00/SES003/SA003S29	SES062	-2.14161	9.88421	12.0258
BLOCK00/SES003/SA003S29	SES082	-0.808468	11.2174	12.0258
BLOCK00/SES003/SA003S29	SES087	-1.19135	10.8345	12.0258
BLOCK00/SES004/SA004S12	SES083	-2.16067	11.5754	13.736
BLOCK00/SES004/SA004S12	SES148	-1.8573	11.8787	13.736
BLOCK00/SES004/SA004S12	SES172	-0.577641	13.1584	13.736
BLOCK00/SES004/SA004S12	SES292	-1.57162	12.1644	13.736
BLOCK00/SES004/SA004S17	SES083	-2.12939	11.0114	13.1407
BLOCK00/SES004/SA004S17	SES162	-1.21975	11.921	13.1407
BLOCK00/SES004/SA004S17	SES172	-1.17775	11.963	13.1407
BLOCK00/SES004/SA004S17	SES292	-2.13052	11.0102	13.1407
BLOCK00/SES004/SA004S24	SES083	-1.66173	12.4746	14.1363
BLOCK00/SES004/SA004S24	SES148	-2.13066	12.0057	14.1363
BLOCK00/SES004/SA004S24	SES172	-0.543452	13.5929	14.1363
BLOCK00/SES004/SA004S24	SES292	-1.09021	13.0461	14.1363
BLOCK00/SES004/SA004S26	SES083	-1.91197	12.8553	14.7673
BLOCK00/SES004/SA004S26	SES127	-1.6357	13.1316	14.7673
BLOCK00/SES004/SA004S26	SES148	-3.14319	11.6241	14.7673
BLOCK00/SES004/SA004S26	SES292	-2.27792	12.4894	14.7673
BLOCK00/SES004/SA004S28	SES083	-1.64507	14.6598	16.3048
BLOCK00/SES004/SA004S28	SES127	-1.49483	14.81	16.3048
BLOCK00/SES004/SA004S28	SES187	-1.0556	15.2492	16.3048
BLOCK00/SES004/SA004S28	SES292	-2.04112	14.2637	16.3048
BLOCK00/SES006/SA006S10	SES014	-3.04103	6.85557	9.8966
BLOCK00/SES006/SA006S10	SES158	-1.57493	8.32167	9.8966
BLOCK00/SES006/SA006S10	SES226	-3.45453	6.44207	9.8966
BLOCK00/SES006/SA006S10	SES270	-0.856033	9.04057	9.8966
BLOCK00/SES006/SA006S11	SES158	-1.52408	8.66346	10.1875
BLOCK00/SES006/SA006S11	SES226	-2.59887	7.58867	10.1875
BLOCK00/SES006/SA006S11	SES270	-1.26932	8.91823	10.1875
BLOCK00/SES006/SA006S11	SES275	-2.23835	7.94919	10.1875
BLOCK00/SES006/SA006S23	SES062	-2.61704	10.0647	12.6817
BLOCK00/SES006/SA006S23	SES105	-3.10988	9.57187	12.6817
BLOCK00/SES006/SA006S23	SES158	-1.7464	10.9353	12.6817
BLOCK00/SES006/SA006S23	SES275	-2.47411	10.2076	12.6817
BLOCK00/SES006/SA006S26	SES104	-3.03481	8.55574	11.5905
BLOCK00/SES006/SA006S26	SES158	-1.09686	10.4937	11.5905
BLOCK00/SES006/SA006S26	SES270	-0.303406	11.2871	11.5905
BLOCK00/SES006/SA006S26	SES275	-2.02624	9.5643	11.5905
BLOCK00/SES006/SA006S28	SES007	-2.21054	8.04518	10.2557
BLOCK00/SES006/SA006S28	SES105	-2.71455	7.54117	10.2557
BLOCK00/SES006/SA006S28	SES158	-1.55012	8.7056	10.2557
BLOCK00/SES006/SA006S28	SES275	-2.54732	7.7084	10.2557
BLOCK00/SES009/SA009S12	SES083	-2.10652	12.6967	14.8032
BLOCK00/SES009/SA009S12	SES148	-2.74664	12.0565	14.8032
BLOCK00/SES009/SA009S12	SES177	-1.13001	13.6732	14.8032
BLOCK00/SES009/SA009S12	SES292	-1.67411	13.1291	14.8032
BLOCK00/SES009/SA009S15	SES007	-0.13513	15.3924	15.5276
BLOCK00/SES009/SA009S15	SES099	-3.58625	11.9413	15.5276
BLOCK00/SES009/SA009S15	SES148	-2.18912	13.3384	15.5276
BLOCK00/SES009/SA009S15	SES172	-1.44368	14.0839	15.5276
BLOCK00/SES009/SA009S24	SES146	-1.58615	14.0403	15.6265
BLOCK00/SES009/SA009S24	SES148	-2.83901	12.7875	15.6265
BLOCK00/SES009/SA009S24	SES177	-0.728249	14.8982	15.6265
BLOCK00/SES009/SA009S24	SES292	-1.33874	14.2878	15.6265
BLOCK00/SES009/SA009S26	SES083	-2.55821	11.8792	14.4374
BLOCK00/SES009/SA009S26	SES101	-2.50523	11.9322	14.4374
BLOCK00/SES009/SA009S26	SES120	-1.46652	12.9709	14.4374
BLOCK00/SES009/SA009S26	SES177	-1.18463	13.2528	14.4374
BLOCK00/SES009/SA009S29	SES083	-2.03403	13.2814	15.3155
BLOCK00/SES009/SA009S29	SES101	-2.10165	13.2138	15.3155
BLOCK00/SES009/SA009S29	SES177	-1.30566	14.0098	15.3155
BLOCK00/SES009/SA009S29	SES292	-1.38064	13.9348	15.3155
BLOCK01/SES011/SA011S10	SES019	-0.907886	12.1442	13.0521
BLOCK01/SES011/SA011S10	SES042	-0.0851221	12.967	13.0521
BLOCK01/SES011/SA011S10	SES082	-1.99625	11.0558	13.0521
BLOCK01/SES011/SA011S10	SES206	-1.5471	11.505	13.0521
BLOCK01/SES011/SA011S11	SES019	-1.88761	9.96383	11.8514
BLOCK01/SES011/SA011S11	SES042	-1.45741	10.394	11.8514
BLOCK01/SES011/SA011S11	SES082	-2.40409	9.44735	11.8514
BLOCK01/SES011/SA011S11	SES206	-2.27827	9.57316	11.8514
BLOCK01/SES011/SA011S22	SES019	-0.647542	11.4682	12.1158
BLOCK01/SES011/SA011S22	SES042	0.48883	12.6046	12.1158
BLOCK01/SES011/SA011S22	SES082	-1.7086	10.4072	12.1158
BLOCK01/SES011/SA011S22	SES206	-1.85264	10.2631	12.1158
BLOCK01/SES011/SA011S24	SES019	-1.80314	11.2036	13.0067
BLOCK01/SES011/SA011S24	SES042	0.0724163	13.0792	13.0067
BLOCK01/SES011/SA011S24	SES104	-1.71366	11.2931	13.0067
BLOCK01/SES011/SA011S24	SES206	-1.61071	11.396	13.0067
BLOCK01/SES011/SA011S27	SES082	0.209458	12.8553	12.6458
BLOCK01/SES011/SA011S27	SES087	-1.49428	11.1515	12.6458
BLOCK01/SES011/SA011S27	SES125	-1.26098	11.3848	12.6458
BLOCK01/SES011/SA011S27	SES206	-0.643991	12.0018	12.6458
BLOCK01/SES012/SA012S11	SES007	-0.963342	14.2138	15.1772
BLOCK01/SES012/SA012S11	SES082	-1.48745	13.6897	15.1772
BLOCK01/SES012/SA012S11	SES083	-1.82474	13.3524	15.1772
BLOCK01/SES012/SA012S11	SES206	-1.36151	13.8156	15.1772
BLOCK01/SES012/SA012S14	SES082	-0.575797	13.6971	14.2729
BLOCK01/SES012/SA012S14	SES087	-2.17717	12.0958	14.2729
BLOCK01/SES012/SA012S14	SES206	-0.993557	13.2794	14.2729
BLOCK01/SES012/SA012S14	SES292	-1.7288	12.5441	14.2729
BLOCK01/SES012/SA012S24	SES082	-0.264426	12.9827	13.2471
BLOCK01/SES012/SA012S24	SES087	-1.49602	11.7511	13.2471
BLOCK01/SES012/SA012S24	SES120	-1.89492	11.3522	13.2471
BLOCK01/SES012/SA012S24	SES206	-0.611009	12.6361	13.2471
BLOCK01/SES012/SA012S26	SES019	-4.37734	10.4143	14.7917
BLOCK01/SES012/SA012S26	SES082	-1.83813	12.9535	14.7917
BLOCK01/SES012/SA012S26	SES206	-0.803086	13.9886	14.7917
BLOCK01/SES012/SA012S26	SES292	-1.27288	13.5188	14.7917
BLOCK01/SES012/SA012S29	SES062	-1.70706	13.5371	15.2441
BLOCK01/SES012/SA012S29	SES082	-0.567221	14.6769	15.2441
BLOCK01/SES012/SA012S29	SES083	-1.9884	13.2557	15.2441
BLOCK01/SES012/SA012S29	SES206	-0.579128	14.665	15.2441
BLOCK01/SES013/SA013S16	SES062	-2.70151	9.9798	12.6813
BLOCK01/SES013/SA013S16	SES106	-1.74155	10.9398	12.6813
BLOCK01/SES013/SA013S16	SES206	-1.28017	11.4011	12.6813
BLOCK01/SES013/SA013S16	SES226	-0.798094	11.8832	12.6813
BLOCK01/SES013/SA013S17	SES062	-2.49544	11.7486	14.2441
BLOCK01/SES013/SA013S17	SES106	-2.10007	12.144	14.2441
BLOCK01/SES013/SA013S17	SES206	-0.456009	13.788	14.2441
BLOCK01/SES013/SA013S17	SES226	-0.595854	13.6482	14.2441
BLOCK01/SES013/SA013S23	SES104	-1.15325	12.2168	13.37
BLOCK01/SES013/SA013S23	SES106	-1.2907	12.0793	13.37
BLOCK01/SES013/SA013S23	SES206	-1.04901	12.321	13.37
BLOCK01/SES013/SA013S23	SES270	-0.646774	12.7232	13.37
BLOCK01/SES013/SA013S25	SES042	-2.30307	11.8157	14.1188
BLOCK01/SES013/SA013S25	SES104	-0.595345	13.5234	14.1188
BLOCK01/SES013/SA013S25	SES106	-1.41922	12.6995	14.1188
BLOCK01/SES013/SA013S25	SES206	-0.910507	13.2082	14.1188
BLOCK01/SES013/SA013S29	SES062	-3.28323	10.2711	13.5543
BLOCK01/SES013/SA013S29	SES104	-1.97957	11.5748	13.5543
BLOCK01/SES013/SA013S29	SES106	-1.66372	11.8906	13.5543
BLOCK01/SES013/SA013S29	SES206	-1.36421	12.1901	13.5543
BLOCK02/SES021/SA021S13	SES016	-3.63163	11.5154	15.147
BLOCK02/SES021/SA021S13	SES029	-1.54236	13.6047	15.147
BLOCK02/SES021/SA021S13	SES087	-1.46879	13.6783	15.147
BLOCK02/SES021/SA021S13	SES206	-1.13531	14.0117	15.147
BLOCK02/SES021/SA021S15	SES087	-0.580884	15.5809	16.1618
BLOCK02/SES021/SA021S15	SES125	-1.11247	15.0493	16.1618
BLOCK02/SES021/SA021S15	SES206	-0.880388	15.2814	16.1618
BLOCK02/SES021/SA021S15	SES226	-1.96052	14.2012	16.1618
BLOCK02/SES021/SA021S23	SES062	-2.8243	10.2183	13.0426
BLOCK02/SES021/SA021S23	SES087	-0.577518	12.4651	13.0426
BLOCK02/SES021/SA021S23	SES206	-1.36842	11.6742	13.0426
BLOCK02/SES021/SA021S23	SES226	-1.13332	11.9093	13.0426
BLOCK02/SES021/SA021S27	SES002	-0.596691	14.1592	14.7559
BLOCK02/SES021/SA021S27	SES016	-3.84527	10.9106	14.7559
BLOCK02/SES021/SA021S27	SES019	-1.89338	12.8625	14.7559
BLOCK02/SES021/SA021S27	SES062	-1.71641	13.0395	14.7559
BLOCK02/SES021/SA021S29	SES087	-1.5919	13.7277	15.3196
BLOCK02/SES021/SA021S29	SES125	-0.671627	14.648	15.3196
BLOCK02/SES021/SA021S29	SES206	-1.33329	13.9863	15.3196
BLOCK02/SES021/SA021S29	SES226	-2.27225	13.0474	15.3196
BLOCK04/SES043/SA043S09	SES083	-1.36033	11.8571	13.2175
BLOCK04/SES043/SA043S09	SES101	-1.48614	11.7313	13.2175
BLOCK04/SES043/SA043S09	SES144	-0.741877	12.4756	13.2175
BLOCK04/SES043/SA043S09	SES172	-1.74156	11.4759	13.2175
BLOCK04/SES043/SA043S11	SES083	-0.79306	13.7854	14.5784
BLOCK04/SES043/SA043S11	SES101	-1.72158	12.8568	14.5784
BLOCK04/SES043/SA043S11	SES144	-0.927486	13.6509	14.5784
BLOCK04/SES043/SA043S11	SES172	-1.56321	13.0152	14.5784
BLOCK04/SES043/SA043S23	SES083	-0.931556	13.7704	14.7019
BLOCK04/SES043/SA043S23	SES144	-0.433133	14.2688	14.7019
BLOCK04/SES043/SA043S23	SES177	-1.50194	13.2	14.7019
BLOCK04/SES043/SA043S23	SES275	-1.13164	13.5703	14.7019
BLOCK04/SES043/SA043S26	SES083	-1.04304	12.5868	13.6298
BLOCK04/SES043/SA043S26	SES101	-1.44543	12.1844	13.6298
BLOCK04/SES043/SA043S26	SES144	-0.397906	13.2319	13.6298
BLOCK04/SES043/SA043S26	SES177	-1.46306	12.1668	13.6298
BLOCK04/SES043/SA043S28	SES016	-2.08796	12.6228	14.7107
BLOCK04/SES043/SA043S28	SES083	-0.629304	14.0814	14.7107
BLOCK04/SES043/SA043S28	SES101	-0.651493	14.0592	14.7107
BLOCK04/SES043/SA043S28	SES144	-1.01942	13.6913	14.7107
BLOCK04/SES044/SA044S10	SES127	-2.38052	9.05089	11.4314
BLOCK04/SES044/SA044S10	SES144	-0.135952	11.2955	11.4314
BLOCK04/SES044/SA044S10	SES147	-1.72512	9.70629	11.4314
BLOCK04/SES044/SA044S10	SES148	-2.16945	9.26196	11.4314
BLOCK04/SES044/SA044S11	SES101	-1.30371	12.0264	13.3301
BLOCK04/SES044/SA044S11	SES144	-0.131044	13.1991	13.3301
BLOCK04/SES044/SA044S11	SES147	-1.63961	11.6905	13.3301
BLOCK04/SES044/SA044S11	SES177	-2.00986	11.3203	13.3301
BLOCK04/SES044/SA044S24	SES007	-2.123	11.0078	13.1308
BLOCK04/SES044/SA044S24	SES101	-1.15436	11.9764	13.1308
BLOCK04/SES044/SA044S24	SES147	-2.06311	11.0677	13.1308
BLOCK04/SES044/SA044S24	SES177	-1.79313	11.3377	13.1308
BLOCK04/SES044/SA044S26	SES007	-1.87243	11.7481	13.6205
BLOCK04/SES044/SA044S26	SES016	-1.47519	12.1453	13.6205
BLOCK04/SES044/SA044S26	SES101	-1.26302	12.3575	13.6205
BLOCK04/SES044/SA044S26	SES147	-1.22443	12.3961	13.6205
BLOCK04/SES044/SA044S29	SES007	-2.56626	13.5519	16.1182
BLOCK04/SES044/SA044S29	SES101	-0.647951	15.4702	16.1182
BLOCK04/SES044/SA044S29	SES147	-1.85635	14.2618	16.1182
BLOCK04/SES044/SA044S29	SES177	-2.4728	13.6454	16.1182
BLOCK04/SES046/SA046S13	SES101	-2.06293	12.4981	14.561
BLOCK04/SES046/SA046S13	SES144	-0.944477	13.6165	14.561
BLOCK04/SES046/SA046S13	SES147	-2.87493	11.6861	14.561
BLOCK04/SES046/SA046S13	SES177	-1.85137	12.7096	14.561
BLOCK04/SES046/SA046S15	SES048	-0.733558	15.1548	15.8883
BLOCK04/SES046/SA046S15	SES083	-0.787476	15.1009	15.8883
BLOCK04/SES046/SA046S15	SES120	-2.3352	13.5531	15.8883
BLOCK04/SES046/SA046S15	SES148	-2.16056	13.7278	15.8883
BLOCK04/SES046/SA046S22	SES101	-0.488281	14.6999	15.1882
BLOCK04/SES046/SA046S22	SES144	-0.851287	14.3369	15.1882
BLOCK04/SES046/SA046S22	SES147	-1.85257	13.3356	15.1882
BLOCK04/SES046/SA046S22	SES172	-0.6009	14.5873	15.1882
BLOCK04/SES046/SA046S25	SES083	-1.15127	12.5949	13.7462
BLOCK04/SES046/SA046S25	SES127	-1.42807	12.3181	13.7462
BLOCK04/SES046/SA046S25	SES144	-2.27164	11.4746	13.7462
BLOCK04/SES046/SA046S25	SES148	-1.9195	11.8267	13.7462
BLOCK04/SES046/SA046S28	SES007	-2.69804	11.0111	13.7091
BLOCK04/SES046/SA046S28	SES105	-2.64991	11.0592	13.7091
BLOCK04/SES046/SA046S28	SES147	-3.09222	10.6169	13.7091
BLOCK04/SES046/SA046S28	SES148	-2.07117	11.6379	13.7091
BLOCK04/SES049/SA049S16	SES104	-1.42878	10.2369	11.6657
BLOCK04/SES049/SA049S16	SES106	-1.18044	10.4853	11.6657
BLOCK04/SES049/SA049S16	SES120	-2.23622	9.42949	11.6657
BLOCK04/SES049/SA049S16	SES206	-1.05743	10.6083	11.6657
BLOCK04/SES049/SA049S18	SES099	-0.604535	10.7133	11.3179
BLOCK04/SES049/SA049S18	SES104	-1.80541	9.51247	11.3179
BLOCK04/SES049/SA049S18	SES125	-2.21596	9.10192	11.3179
BLOCK04/SES049/SA049S18	SES206	-0.946627	10.3713	11.3179
BLOCK04/SES049/SA049S25	SES087	-1.31338	11.4414	12.7548
BLOCK04/SES049/SA049S25	SES104	-0.571403	12.1834	12.7548
BLOCK04/SES049/SA049S25	SES125	-1.36744	11.3873	12.7548
BLOCK04/SES049/SA049S25	SES206	-0.400342	12.3544	12.7548
BLOCK04/SES049/SA049S27	SES099	-0.343669	12.0196	12.3633
BLOCK04/SES049/SA049S27	SES104	-0.650744	11.7125	12.3633
BLOCK04/SES049/SA049S27	SES125	-1.51887	10.8444	12.3633
BLOCK04/SES049/SA049S27	SES206	-1.49355	10.8697	12.3633
BLOCK04/SES049/SA049S29	SES099	0.0563192	13.6087	13.5524
BLOCK04/SES049/SA049S29	SES104	-0.106964	13.4454	13.5524
BLOCK04/SES049/SA049S29	SES125	-0.97324	12.5792	13.5524
BLOCK04/SES049/SA049S29	SES206	-0.2625	13.2899	13.5524
BLOCK06/SES063/SA063S09	SES068	-1.58188	14.4205	16.0024
BLOCK06/SES063/SA063S09	SES083	-1.18178	14.8206	16.0024
BLOCK06/SES063/SA063S09	SES177	-1.14564	14.8567	16.0024
BLOCK06/SES063/SA063S09	SES187	-1.40399	14.5984	16.0024
BLOCK06/SES063/SA063S10	SES068	-1.90628	13.4771	15.3834
BLOCK06/SES063/SA063S10	SES083	-1.06089	14.3225	15.3834
BLOCK06/SES063/SA063S10	SES172	-1.57569	13.8077	15.3834
BLOCK06/SES063/SA063S10	SES187	-1.16732	14.2161	15.3834
BLOCK06/SES063/SA063S20	SES068	-1.32535	14.7801	16.1055
BLOCK06/SES063/SA063S20	SES083	-0.21111	15.8944	16.1055
BLOCK06/SES063/SA063S20	SES172	-0.456134	15.6493	16.1055
BLOCK06/SES063/SA063S20	SES187	-0.543192	15.5623	16.1055
BLOCK06/SES063/SA063S24	SES029	-1.37683	15.1374	16.5142
BLOCK06/SES063/SA063S24	SES083	-0.35433	16.1599	16.5142
BLOCK06/SES063/SA063S24	SES177	-0.829669	15.6846	16.5142
BLOCK06/SES063/SA063S24	SES189	-1.24697	15.2673	16.5142
BLOCK06/SES063/SA063S27	SES083	-0.172592	15.1981	15.3707
BLOCK06/SES063/SA063S27	SES172	-0.840276	14.5305	15.3707
BLOCK06/SES063/SA063S27	SES187	-1.4672	13.9035	15.3707
BLOCK06/SES063/SA063S27	SES292	-1.62973	13.741	15.3707
BLOCK06/SES067/SA067S12	SES083	-1.33693	14.9061	16.2431
BLOCK06/SES067/SA067S12	SES172	-1.22281	15.0203	16.2431
BLOCK06/SES067/SA067S12	SES202	-0.67588	15.5672	16.2431
BLOCK06/SES067/SA067S12	SES292	-1.45698	14.7861	16.2431
BLOCK06/SES067/SA067S14	SES085	-1.24129	14.97	16.2113
BLOCK06/SES067/SA067S14	SES177	-1.30197	14.9093	16.2113
BLOCK06/SES067/SA067S14	SES183	-0.412233	15.799	16.2113
BLOCK06/SES067/SA067S14	SES202	-0.730059	15.4812	16.2113
BLOCK06/SES067/SA067S21	SES144	-0.516594	14.7504	15.267
BLOCK06/SES067/SA067S21	SES177	-0.855536	14.4114	15.267
BLOCK06/SES067/SA067S21	SES183	-0.942697	14.3243	15.267
BLOCK06/SES067/SA067S21	SES189	-0.929501	14.3375	15.267
BLOCK06/SES067/SA067S25	SES085	-0.445228	15.7503	16.1955
BLOCK06/SES067/SA067S25	SES177	-0.899917	15.2956	16.1955
BLOCK06/SES067/SA067S25	SES183	-1.05083	15.1447	16.1955
BLOCK06/SES067/SA067S25	SES202	-1.26128	14.9343	16.1955
BLOCK06/SES067/SA067S29	SES085	-1.13966	15.8199	16.9595
BLOCK06/SES067/SA067S29	SES177	-1.20193	15.7576	16.9595
BLOCK06/SES067/SA067S29	SES183	-0.491219	16.4683	16.9595
BLOCK06/SES067/SA067S29	SES202	-0.142723	16.8168	16.9595
BLOCK06/SES069/SA069S12	SES029	-2.23626	11.6222	13.8584
BLOCK06/SES069/SA069S12	SES082	-0.52425	13.3342	13.8584
BLOCK06/SES069/SA069S12	SES087	-0.965635	12.8928	13.8584
BLOCK06/SES069/SA069S12	SES206	-0.280744	13.5777	13.8584
BLOCK06/SES069/SA069S13	SES029	-2.58347	11.5383	14.1218
BLOCK06/SES069/SA069S13	SES087	-0.548178	13.5736	14.1218
BLOCK06/SES069/SA069S13	SES206	-0.632875	13.4889	14.1218
BLOCK06/SES069/SA069S13	SES226	0.0188713	14.1407	14.1218
BLOCK06/SES069/SA069S23	SES029	-0.893741	14.9167	15.8105
BLOCK06/SES069/SA069S23	SES087	-0.426438	15.384	15.8105
BLOCK06/SES069/SA069S23	SES206	-0.88384	14.9266	15.8105
BLOCK06/SES069/SA069S23	SES226	0.123099	15.9336	15.8105
BLOCK06/SES069/SA069S25	SES087	-0.69101	14.0791	14.7701
BLOCK06/SES069/SA069S25	SES206	-2.06011	12.71	14.7701
BLOCK06/SES069/SA069S25	SES226	0.0776787	14.8478	14.7701
BLOCK06/SES069/SA069S25	SES270	-1.62982	13.1403	14.7701
BLOCK06/SES069/SA069S27	SES087	-1.44639	13.3515	14.7979
BLOCK06/SES069/SA069S27	SES206	-0.519172	14.2787	14.7979
BLOCK06/SES069/SA069S27	SES226	0.340637	15.1385	14.7979
BLOCK06/SES069/SA069S27	SES270	-0.972125	13.8258	14.7979
BLOCK08/SES081/SA081S11	SES060	-1.56689	13.7893	15.3562
BLOCK08/SES081/SA081S11	SES062	-1.58044	13.7758	15.3562
BLOCK08/SES081/SA081S11	SES117	-2.51102	12.8452	15.3562
BLOCK08/SES081/SA081S11	SES162	-1.82212	13.5341	15.3562
BLOCK08/SES081/SA081S13	SES016	-1.65028	13.8964	15.5467
BLOCK08/SES081/SA081S13	SES060	-0.21075	15.3359	15.5467
BLOCK08/SES081/SA081S13	SES068	-0.654795	14.8919	15.5467
BLOCK08/SES081/SA081S13	SES129	-1.92239	13.6243	15.5467
BLOCK08/SES081/SA081S24	SES060	-0.926593	13.9434	14.87
BLOCK08/SES081/SA081S24	SES068	-1.0791	13.7909	14.87
BLOCK08/SES081/SA081S24	SES117	-2.10781	12.7622	14.87
BLOCK08/SES081/SA081S24	SES275	-1.79495	13.075	14.87
BLOCK08/SES081/SA081S27	SES007	-1.21678	13.2137	14.4305
BLOCK08/SES081/SA081S27	SES060	-1.31595	13.1146	14.4305
BLOCK08/SES081/SA081S27	SES117	-1.07658	13.3539	14.4305
BLOCK08/SES081/SA081S27	SES275	-1.69829	12.7322	14.4305
BLOCK08/SES081/SA081S29	SES007	-0.921986	14.848	15.77
BLOCK08/SES081/SA081S29	SES060	-0.680951	15.089	15.77
BLOCK08/SES081/SA081S29	SES117	-1.70609	14.0639	15.77
BLOCK08/SES081/SA081S29	SES275	-1.85646	13.9135	15.77
BLOCK08/SES086/SA086S11	SES029	-4.3446	7.26995	11.6146
BLOCK08/SES086/SA086S11	SES082	-1.14377	10.4708	11.6146
BLOCK08/SES086/SA086S11	SES087	-0.143741	11.4708	11.6146
BLOCK08/SES086/SA086S11	SES206	-1.65425	9.96031	11.6146
BLOCK08/SES086/SA086S12	SES029	-2.72785	9.80342	12.5313
BLOCK08/SES086/SA086S12	SES082	-1.27112	11.2602	12.5313
BLOCK08/SES086/SA086S12	SES087	0.387455	12.9187	12.5313
BLOCK08/SES086/SA086S12	SES206	-0.826515	11.7048	12.5313
BLOCK08/SES086/SA086S20	SES029	-3.78055	10.3151	14.0957
BLOCK08/SES086/SA086S20	SES082	-2.14231	11.9534	14.0957
BLOCK08/SES086/SA086S20	SES087	0.504816	14.6005	14.0957
BLOCK08/SES086/SA086S20	SES206	-0.31039	13.7853	14.0957
BLOCK08/SES086/SA086S24	SES087	-0.0144196	12.5466	12.561
BLOCK08/SES086/SA086S24	SES104	-2.11768	10.4433	12.561
BLOCK08/SES086/SA086S24	SES120	-2.53631	10.0247	12.561
BLOCK08/SES086/SA086S24	SES206	-0.201886	12.3591	12.561
BLOCK08/SES086/SA086S28	SES029	-2.53527	10.6206	13.1558
BLOCK08/SES086/SA086S28	SES082	-1.58647	11.5694	13.1558
BLOCK08/SES086/SA086S28	SES087	-0.154585	13.0013	13.1558
BLOCK08/SES086/SA086S28	SES206	-0.542551	12.6133	13.1558
BLOCK08/SES089/SA089S13	SES087	-1.0589	10.8708	11.9297
BLOCK08/SES089/SA089S13	SES206	-1.45733	10.4724	11.9297
BLOCK08/SES089/SA089S13	SES226	-0.822513	11.1072	11.9297
BLOCK08/SES089/SA089S13	SES270	-2.14431	9.78538	11.9297
BLOCK08/SES089/SA089S14	SES062	-2.56196	10.6589	13.2208
BLOCK08/SES089/SA089S14	SES087	-0.384303	12.8365	13.2208
BLOCK08/SES089/SA089S14	SES206	-0.993627	12.2272	13.2208
BLOCK08/SES089/SA089S14	SES226	-1.21191	12.0089	13.2208
BLOCK08/SES089/SA089S23	SES087	-0.689684	10.1553	10.845
BLOCK08/SES089/SA089S23	SES206	-1.09231	9.7527	10.845
BLOCK08/SES089/SA089S23	SES226	-0.752315	10.0927	10.845
BLOCK08/SES089/SA089S23	SES270	-1.57766	9.26736	10.845
BLOCK08/SES089/SA089S25	SES062	-2.94146	9.80273	12.7442
BLOCK08/SES089/SA089S25	SES087	-0.66142	12.0828	12.7442
BLOCK08/SES089/SA089S25	SES206	-1.84658	10.8976	12.7442
BLOCK08/SES089/SA089S25	SES226	-0.774918	11.9693	12.7442
BLOCK08/SES089/SA089S28	SES062	-1.86547	10.6482	12.5137
BLOCK08/SES089/SA089S28	SES087	-0.24075	12.2729	12.5137
BLOCK08/SES089/SA089S28	SES206	-0.564198	11.9495	12.5137
BLOCK08/SES089/SA089S28	SES226	0.05408	12.5677	12.5137
BLOCK09/SES097/SA097S11	SES099	0.363098	12.6876	12.3245
BLOCK09/SES097/SA097S11	SES125	-1.1771	11.1474	12.3245
BLOCK09/SES097/SA097S11	SES206	-0.94692	11.3776	12.3245
BLOCK09/SES097/SA097S11	SES226	0.495972	12.8205	12.3245
BLOCK09/SES097/SA097S14	SES062	-1.32007	10.8691	12.1891
BLOCK09/SES097/SA097S14	SES099	-0.540974	11.6482	12.1891
BLOCK09/SES097/SA097S14	SES104	-1.18127	11.0079	12.1891
BLOCK09/SES097/SA097S14	SES206	-1.55188	10.6373	12.1891
BLOCK09/SES097/SA097S22	SES099	1.17686	13.3358	12.1589
BLOCK09/SES097/SA097S22	SES206	-0.505531	11.6534	12.1589
BLOCK09/SES097/SA097S22	SES226	-1.03254	11.1264	12.1589
BLOCK09/SES097/SA097S22	SES270	0.282121	12.441	12.1589
BLOCK09/SES097/SA097S26	SES099	0.180174	13.4558	13.2756
BLOCK09/SES097/SA097S26	SES120	-0.962963	12.3126	13.2756
BLOCK09/SES097/SA097S26	SES206	-0.875009	12.4006	13.2756
BLOCK09/SES097/SA097S26	SES226	-1.54536	11.7302	13.2756
BLOCK09/SES097/SA097S28	SES099	-0.0241528	12.5225	12.5466
BLOCK09/SES097/SA097S28	SES120	-1.28857	11.2581	12.5466
BLOCK09/SES097/SA097S28	SES206	-1.49823	11.0484	12.5466
BLOCK09/SES097/SA097S28	SES226	-1.94942	10.5972	12.5466
BLOCK09/SES098/SA098S11	SES127	-2.94319	10.8985	13.8417
BLOCK09/SES098/SA098S11	SES144	-2.2343	11.6074	13.8417
BLOCK09/SES098/SA098S11	SES147	-1.75295	12.0888	13.8417
BLOCK09/SES098/SA098S11	SES148	-3.46673	10.375	13.8417
BLOCK09/SES098/SA098S12	SES127	-4.44516	9.2186	13.6638
BLOCK09/SES098/SA098S12	SES144	-2.67892	10.9848	13.6638
BLOCK09/SES098/SA098S12	SES147	-2.89989	10.7639	13.6638
BLOCK09/SES098/SA098S12	SES189	-1.62226	12.0415	13.6638
BLOCK09/SES098/SA098S20	SES127	-2.53612	12.3961	14.9322
BLOCK09/SES098/SA098S20	SES147	-1.94094	12.9913	14.9322
BLOCK09/SES098/SA098S20	SES148	-3.57347	11.3588	14.9322
BLOCK09/SES098/SA098S20	SES292	-1.55611	13.3761	14.9322
BLOCK09/SES098/SA098S23	SES127	-2.22514	13.3252	15.5503
BLOCK09/SES098/SA098S23	SES147	-1.32545	14.2249	15.5503
BLOCK09/SES098/SA098S23	SES187	-1.20201	14.3483	15.5503
BLOCK09/SES098/SA098S23	SES292	-1.29268	14.2576	15.5503
BLOCK09/SES098/SA098S27	SES127	-3.83358	10.7143	14.5478
BLOCK09/SES098/SA098S27	SES147	-3.48114	11.0667	14.5478
BLOCK09/SES098/SA098S27	SES148	-3.92072	10.6271	14.5478
BLOCK09/SES098/SA098S27	SES292	-2.8969	11.6509	14.5478
BLOCK10/SES102/SA102S13	SES101	-0.726911	12.7759	13.5028
BLOCK10/SES102/SA102S13	SES105	-1.35287	12.1499	13.5028
BLOCK10/SES102/SA102S13	SES120	-2.16661	11.3362	13.5028
BLOCK10/SES102/SA102S13	SES158	-2.08286	11.4199	13.5028
BLOCK10/SES102/SA102S14	SES007	-0.654287	14.4488	15.1031
BLOCK10/SES102/SA102S14	SES101	-0.055315	15.0477	15.1031
BLOCK10/SES102/SA102S14	SES105	-0.299051	14.804	15.1031
BLOCK10/SES102/SA102S14	SES147	-3.32324	11.7798	15.1031
BLOCK10/SES102/SA102S22	SES007	-1.43393	12.8097	14.2437
BLOCK10/SES102/SA102S22	SES101	-0.0306072	14.2131	14.2437
BLOCK10/SES102/SA102S22	SES105	-0.815812	13.4279	14.2437
BLOCK10/SES102/SA102S22	SES158	-2.14714	12.0965	14.2437
BLOCK10/SES102/SA102S25	SES007	-0.70948	14.4521	15.1615
BLOCK10/SES102/SA102S25	SES101	-0.181154	14.9804	15.1615
BLOCK10/SES102/SA102S25	SES105	-0.889355	14.2722	15.1615
BLOCK10/SES102/SA102S25	SES147	-3.18706	11.9745	15.1615
BLOCK10/SES102/SA102S27	SES007	-0.921595	13.7658	14.6874
BLOCK10/SES102/SA102S27	SES101	0.0997925	14.7872	14.6874
BLOCK10/SES102/SA102S27	SES105	-1.20056	13.4869	14.6874
BLOCK10/SES102/SA102S27	SES147	-2.36759	12.3198	14.6874
BLOCK10/SES103/SA103S14	SES105	-2.35427	8.45668	10.811
BLOCK10/SES103/SA103S14	SES106	-1.1735	9.63745	10.811
BLOCK10/SES103/SA103S14	SES120	-2.63436	8.17659	10.811
BLOCK10/SES103/SA103S14	SES206	-2.02903	8.78192	10.811
BLOCK10/SES103/SA103S15	SES099	-1.66265	7.86676	9.52942
BLOCK10/SES103/SA103S15	SES101	-3.9935	5.53592	9.52942
BLOCK10/SES103/SA103S15	SES104	-1.75762	7.7718	9.52942
BLOCK10/SES103/SA103S15	SES125	-1.35165	8.17777	9.52942
BLOCK10/SES103/SA103S24	SES104	-1.88341	10.4627	12.3461
BLOCK10/SES103/SA103S24	SES125	-1.3529	10.9932	12.3461
BLOCK10/SES103/SA103S24	SES148	-3.01234	9.33379	12.3461
BLOCK10/SES103/SA103S24	SES158	-1.39538	10.9508	12.3461
BLOCK10/SES103/SA103S26	SES104	-1.82647	8.03417	9.86064
BLOCK10/SES103/SA103S26	SES106	-0.848525	9.01211	9.86064
BLOCK10/SES103/SA103S26	SES125	-1.44674	8.41389	9.86064
BLOCK10/SES103/SA103S26	SES148	-3.99921	5.86142	9.86064
BLOCK10/SES103/SA103S28	SES104	-2.09547	7.15197	9.24744
BLOCK10/SES103/SA103S28	SES106	-0.636918	8.61052	9.24744
BLOCK10/SES103/SA103S28	SES125	-1.62851	7.61892	9.24744
BLOCK10/SES103/SA103S28	SES206	-2.66272	6.58472	9.24744
BLOCK12/SES121/SA121S12	SES042	-3.29044	5.39744	8.68789
BLOCK12/SES121/SA121S12	SES087	-1.59325	7.09464	8.68789
BLOCK12/SES121/SA121S12	SES105	-1.00647	7.68142	8.68789
BLOCK12/SES121/SA121S12	SES206	-1.57371	7.11418	8.68789
BLOCK12/SES121/SA121S14	SES007	-2.3521	6.90465	9.25674
BLOCK12/SES121/SA121S14	SES105	-1.7402	7.51654	9.25674
BLOCK12/SES121/SA121S14	SES106	-1.75243	7.50432	9.25674
BLOCK12/SES121/SA121S14	SES206	-2.17717	7.07957	9.25674
BLOCK12/SES121/SA121S23	SES105	-1.56281	8.18459	9.7474
BLOCK12/SES121/SA121S23	SES106	-0.525308	9.22209	9.7474
BLOCK12/SES121/SA121S23	SES120	-1.62307	8.12433	9.7474
BLOCK12/SES121/SA121S23	SES206	-1.34219	8.40521	9.7474
BLOCK12/SES121/SA121S25	SES007	-2.12696	5.62583	7.75279
BLOCK12/SES121/SA121S25	SES105	-2.07562	5.67717	7.75279
BLOCK12/SES121/SA121S25	SES106	-1.46389	6.2889	7.75279
BLOCK12/SES121/SA121S25	SES206	-3.00324	4.74955	7.75279
BLOCK12/SES121/SA121S27	SES087	-0.941779	8.76182	9.70359
BLOCK12/SES121/SA121S27	SES105	-2.78183	6.92176	9.70359
BLOCK12/SES121/SA121S27	SES120	-1.15047	8.55313	9.70359
BLOCK12/SES121/SA121S27	SES206	-2.08523	7.61837	9.70359
BLOCK12/SES124/SA124S16	SES042	-0.364665	11.5876	11.9523
BLOCK12/SES124/SA124S16	SES082	-1.82518	10.1271	11.9523
BLOCK12/SES124/SA124S16	SES183	-2.65519	9.29711	11.9523
BLOCK12/SES124/SA124S16	SES206	-1.70917	10.2431	11.9523
BLOCK12/SES124/SA124S17	SES105	-2.50968	7.83012	10.3398
BLOCK12/SES124/SA124S17	SES149	-2.87001	7.46978	10.3398
BLOCK12/SES124/SA124S17	SES158	-2.43634	7.90345	10.3398
BLOCK12/SES124/SA124S17	SES275	-1.87816	8.46163	10.3398
BLOCK12/SES124/SA124S23	SES105	-2.46622	11.1403	13.6065
BLOCK12/SES124/SA124S23	SES125	0.215527	13.822	13.6065
BLOCK12/SES124/SA124S23	SES129	-2.51286	11.0936	13.6065
BLOCK12/SES124/SA124S23	SES158	-0.760867	12.8456	13.6065
BLOCK12/SES124/SA124S26	SES105	-3.46994	9.57009	13.04
BLOCK12/SES124/SA124S26	SES125	-1.15098	11.889	13.04
BLOCK12/SES124/SA124S26	SES129	-2.94482	10.0952	13.04
BLOCK12/SES124/SA124S26	SES158	-1.67047	11.3696	13.04
BLOCK12/SES124/SA124S28	SES104	-0.874138	11.7116	12.5857
BLOCK12/SES124/SA124S28	SES106	-0.934217	11.6515	12.5857
BLOCK12/SES124/SA124S28	SES125	0.202152	12.7879	12.5857
BLOCK12/SES124/SA124S28	SES275	-2.10749	10.4782	12.5857
BLOCK12/SES126/SA126S13	SES007	-1.83664	11.5134	13.35
BLOCK12/SES126/SA126S13	SES162	-1.9284	11.4216	13.35
BLOCK12/SES126/SA126S13	SES177	-1.46585	11.8842	13.35
BLOCK12/SES126/SA126S13	SES180	-2.01363	11.3364	13.35
BLOCK12/SES126/SA126S14	SES144	-0.571565	15.0572	15.6287
BLOCK12/SES126/SA126S14	SES148	-2.08448	13.5443	15.6287
BLOCK12/SES126/SA126S14	SES177	-0.70561	14.9231	15.6287
BLOCK12/SES126/SA126S14	SES180	-1.87239	13.7564	15.6287
BLOCK12/SES126/SA126S20	SES007	-1.33622	12.7297	14.0659
BLOCK12/SES126/SA126S20	SES162	-1.3245	12.7414	14.0659
BLOCK12/SES126/SA126S20	SES172	-1.81617	12.2497	14.0659
BLOCK12/SES126/SA126S20	SES180	-1.69893	12.367	14.0659
BLOCK12/SES126/SA126S24	SES120	-0.944458	15.1707	16.1152
BLOCK12/SES126/SA126S24	SES162	-1.40771	14.7075	16.1152
BLOCK12/SES126/SA126S24	SES177	-0.580132	15.535	16.1152
BLOCK12/SES126/SA126S24	SES180	-0.895195	15.22	16.1152
BLOCK12/SES126/SA126S26	SES120	-0.434951	13.9197	14.3547
BLOCK12/SES126/SA126S26	SES177	-1.22469	13.13	14.3547
BLOCK12/SES126/SA126S26	SES180	-1.82013	12.5345	14.3547
BLOCK12/SES126/SA126S26	SES202	-1.40908	12.9456	14.3547
BLOCK12/SES128/SA128S10	SES087	-2.25168	11.0102	13.2618
BLOCK12/SES128/SA128S10	SES206	-1.42027	11.8416	13.2618
BLOCK12/SES128/SA128S10	SES226	-0.863062	12.3988	13.2618
BLOCK12/SES128/SA128S10	SES270	-0.900841	12.361	13.2618
BLOCK12/SES128/SA128S12	SES120	-1.36223	11.1438	12.5061
BLOCK12/SES128/SA128S12	SES158	-1.70776	10.7983	12.5061
BLOCK12/SES128/SA128S12	SES206	-1.30619	11.1999	12.5061
BLOCK12/SES128/SA128S12	SES226	-1.56244	10.9436	12.5061
BLOCK12/SES128/SA128S21	SES106	-2.7355	9.15232	11.8878
BLOCK12/SES128/SA128S21	SES120	-2.0639	9.82392	11.8878
BLOCK12/SES128/SA128S21	SES206	-1.50682	10.381	11.8878
BLOCK12/SES128/SA128S21	SES226	-0.626439	11.2614	11.8878
BLOCK12/SES128/SA128S24	SES087	-1.98302	10.1338	12.1168
BLOCK12/SES128/SA128S24	SES120	-1.25556	10.8613	12.1168
BLOCK12/SES128/SA128S24	SES206	-1.58505	10.5318	12.1168
BLOCK12/SES128/SA128S24	SES226	-1.7065	10.4103	12.1168
BLOCK12/SES128/SA128S27	SES099	-1.14243	12.9191	14.0615
BLOCK12/SES128/SA128S27	SES120	-1.18361	12.8779	14.0615
BLOCK12/SES128/SA128S27	SES206	-1.09369	12.9678	14.0615
BLOCK12/SES128/SA128S27	SES226	-1.36199	12.6995	14.0615
BLOCK13/SES130/SA130S13	SES143	-1.94607	11.5702	13.5162
BLOCK13/SES130/SA130S13	SES144	-0.899529	12.6167	13.5162
BLOCK13/SES130/SA130S13	SES146	-1.13624	12.38	13.5162
BLOCK13/SES130/SA130S13	SES275	-2.87434	10.6419	13.5162
BLOCK13/SES130/SA130S15	SES143	-1.59579	14.0976	15.6934
BLOCK13/SES130/SA130S15	SES144	-0.679336	15.0141	15.6934
BLOCK13/SES130/SA130S15	SES146	-1.06127	14.6322	15.6934
BLOCK13/SES130/SA130S15	SES275	-1.71687	13.9766	15.6934
BLOCK13/SES130/SA130S23	SES127	-1.72581	11.7588	13.4846
BLOCK13/SES130/SA130S23	SES144	-2.13133	11.3532	13.4846
BLOCK13/SES130/SA130S23	SES146	-0.973557	12.511	13.4846
BLOCK13/SES130/SA130S23	SES162	-1.36654	12.118	13.4846
BLOCK13/SES130/SA130S25	SES127	-1.13788	14.0723	15.2101
BLOCK13/SES130/SA130S25	SES144	-1.21254	13.9976	15.2101
BLOCK13/SES130/SA130S25	SES146	-0.531165	14.679	15.2101
BLOCK13/SES130/SA130S25	SES275	-1.3126	13.8975	15.2101
BLOCK13/SES130/SA130S28	SES127	-0.828747	13.4763	14.3051
BLOCK13/SES130/SA130S28	SES144	-1.50305	12.802	14.3051
BLOCK13/SES130/SA130S28	SES146	-0.815818	13.4892	14.3051
BLOCK13/SES130/SA130S28	SES275	-1.14747	13.1576	14.3051
BLOCK13/SES131/SA131S13	SES002	-1.87255	7.55923	9.43178
BLOCK13/SES131/SA131S13	SES007	-2.65022	6.78156	9.43178
BLOCK13/SES131/SA131S13	SES099	-1.73237	7.6994	9.43178
BLOCK13/SES131/SA131S13	SES105	-1.65822	7.77355	9.43178
BLOCK13/SES131/SA131S14	SES104	-0.891328	10.5285	11.4198
BLOCK13/SES131/SA131S14	SES106	-1.30383	10.116	11.4198
BLOCK13/SES131/SA131S14	SES125	-1.5762	9.84362	11.4198
BLOCK13/SES131/SA131S14	SES148	-1.60053	9.81929	11.4198
BLOCK13/SES131/SA131S20	SES104	-2.70444	6.64147	9.34591
BLOCK13/SES131/SA131S20	SES106	-1.68446	7.66145	9.34591
BLOCK13/SES131/SA131S20	SES125	-2.63328	6.71263	9.34591
BLOCK13/SES131/SA131S20	SES148	-1.77495	7.57096	9.34591
BLOCK13/SES131/SA131S22	SES099	-1.37673	9.59068	10.9674
BLOCK13/SES131/SA131S22	SES104	-1.85956	9.10785	10.9674
BLOCK13/SES131/SA131S22	SES125	-1.7895	9.17791	10.9674
BLOCK13/SES131/SA131S22	SES206	-2.01203	8.95539	10.9674
BLOCK13/SES131/SA131S29	SES087	-1.26642	8.59245	9.85887
BLOCK13/SES131/SA131S29	SES104	-2.92737	6.9315	9.85887
BLOCK13/SES131/SA131S29	SES125	-2.70417	7.1547	9.85887
BLOCK13/SES131/SA131S29	SES206	-2.21658	7.64229	9.85887
BLOCK13/SES132/SA132S11	SES083	-1.62726	14.3629	15.9902
BLOCK13/SES132/SA132S11	SES120	-0.373225	15.617	15.9902
BLOCK13/SES132/SA132S11	SES127	-1.23848	14.7517	15.9902
BLOCK13/SES132/SA132S11	SES275	-1.82983	14.1603	15.9902
BLOCK13/SES132/SA132S12	SES083	-2.07029	12.0138	14.0841
BLOCK13/SES132/SA132S12	SES143	-1.53472	12.5493	14.0841
BLOCK13/SES132/SA132S12	SES144	-1.00568	13.0784	14.0841
BLOCK13/SES132/SA132S12	SES148	-1.14203	12.942	14.0841
BLOCK13/SES132/SA132S22	SES062	-0.619397	15.2094	15.8288
BLOCK13/SES132/SA132S22	SES083	-1.34503	14.4838	15.8288
BLOCK13/SES132/SA132S22	SES127	-1.18597	14.6428	15.8288
BLOCK13/SES132/SA132S22	SES275	-1.53071	14.2981	15.8288
BLOCK13/SES132/SA132S24	SES007	-1.37082	15.0517	16.4225
BLOCK13/SES132/SA132S24	SES083	-1.72635	14.6962	16.4225
BLOCK13/SES132/SA132S24	SES127	-1.90714	14.5154	16.4225
BLOCK13/SES132/SA132S24	SES275	-1.57959	14.8429	16.4225
BLOCK13/SES132/SA132S27	SES083	-1.58384	13.5056	15.0894
BLOCK13/SES132/SA132S27	SES120	-0.144173	14.9452	15.0894
BLOCK13/SES132/SA132S27	SES127	-2.10941	12.98	15.0894
BLOCK13/SES132/SA132S27	SES275	-1.7312	13.3582	15.0894
BLOCK14/SES141/SA141S09	SES143	-1.28298	13.9068	15.1898
BLOCK14/SES141/SA141S09	SES144	-0.665384	14.5244	15.1898
BLOCK14/SES141/SA141S09	SES162	-1.59984	13.59	15.1898
BLOCK14/SES141/SA141S09	SES180	-1.22149	13.9683	15.1898
BLOCK14/SES141/SA141S15	SES127	-0.783853	14.8991	15.6829
BLOCK14/SES141/SA141S15	SES144	-1.18034	14.5026	15.6829
BLOCK14/SES141/SA141S15	SES162	-2.01076	13.6722	15.6829
BLOCK14/SES141/SA141S15	SES180	-1.66425	14.0187	15.6829
BLOCK14/SES141/SA141S24	SES127	-0.626323	15.2868	15.9132
BLOCK14/SES141/SA141S24	SES144	-1.28591	14.6273	15.9132
BLOCK14/SES141/SA141S24	SES162	-1.23885	14.6743	15.9132
BLOCK14/SES141/SA141S24	SES183	-2.04343	13.8697	15.9132
BLOCK14/SES141/SA141S26	SES142	-0.923167	14.3601	15.2832
BLOCK14/SES141/SA141S26	SES144	-1.399	13.8842	15.2832
BLOCK14/SES141/SA141S26	SES172	-0.890098	14.3931	15.2832
BLOCK14/SES141/SA141S26	SES180	-1.49816	13.7851	15.2832
BLOCK14/SES141/SA141S29	SES127	-0.485876	15.1984	15.6843
BLOCK14/SES141/SA141S29	SES142	-0.294831	15.3894	15.6843
BLOCK14/SES141/SA141S29	SES144	-0.742946	14.9413	15.6843
BLOCK14/SES141/SA141S29	SES180	-0.79922	14.885	15.6843
BLOCK15/SES157/SA157S08	SES083	-2.3141	12.4731	14.7872
BLOCK15/SES157/SA157S08	SES127	-1.05435	13.7328	14.7872
BLOCK15/SES157/SA157S08	SES148	-1.83851	12.9487	14.7872
BLOCK15/SES157/SA157S08	SES292	-2.46813	12.319	14.7872
BLOCK15/SES157/SA157S11	SES083	-2.3231	12.3031	14.6262
BLOCK15/SES157/SA157S11	SES127	-1.51998	13.1062	14.6262
BLOCK15/SES157/SA157S11	SES148	-2.58233	12.0439	14.6262
BLOCK15/SES157/SA157S11	SES292	-2.34127	12.2849	14.6262
BLOCK15/SES157/SA157S21	SES127	-1.23355	13.2032	14.4367
BLOCK15/SES157/SA157S21	SES148	-0.87923	13.5575	14.4367
BLOCK15/SES157/SA157S21	SES158	-4.94938	9.48737	14.4367
BLOCK15/SES157/SA157S21	SES292	-1.94008	12.4967	14.4367
BLOCK15/SES157/SA157S24	SES127	-0.675763	14.2304	14.9062
BLOCK15/SES157/SA157S24	SES148	-1.5981	13.3081	14.9062
BLOCK15/SES157/SA157S24	SES183	-1.76728	13.1389	14.9062
BLOCK15/SES157/SA157S24	SES292	-2.1189	12.7873	14.9062
BLOCK15/SES157/SA157S26	SES007	-1.14455	12.7758	13.9204
BLOCK15/SES157/SA157S26	SES127	-1.02257	12.8978	13.9204
BLOCK15/SES157/SA157S26	SES147	-2.66834	11.252	13.9204
BLOCK15/SES157/SA157S26	SES148	-1.34793	12.5724	13.9204
BLOCK16/SES161/SA161S10	SES007	-1.90551	9.02273	10.9282
BLOCK16/SES161/SA161S10	SES105	-1.43347	9.49477	10.9282
BLOCK16/SES161/SA161S10	SES158	-1.4698	9.45844	10.9282
BLOCK16/SES161/SA161S10	SES275	-1.35711	9.57113	10.9282
BLOCK16/SES161/SA161S12	SES007	-2.14179	8.85891	11.0007
BLOCK16/SES161/SA161S12	SES105	-2.45441	8.54629	11.0007
BLOCK16/SES161/SA161S12	SES158	-1.16233	9.83836	11.0007
BLOCK16/SES161/SA161S12	SES275	-1.5202	9.4805	11.0007
BLOCK16/SES161/SA161S20	SES007	-2.12341	8.07272	10.1961
BLOCK16/SES161/SA161S20	SES105	-2.20309	7.99304	10.1961
BLOCK16/SES161/SA161S20	SES158	-1.11859	9.07755	10.1961
BLOCK16/SES161/SA161S20	SES275	-2.11486	8.08128	10.1961
BLOCK16/SES161/SA161S23	SES007	-2.3738	9.42555	11.7994
BLOCK16/SES161/SA161S23	SES105	-1.15703	10.6423	11.7994
BLOCK16/SES161/SA161S23	SES148	-1.59103	10.2083	11.7994
BLOCK16/SES161/SA161S23	SES158	-1.30779	10.4916	11.7994
BLOCK16/SES161/SA161S28	SES007	-2.92489	9.22636	12.1513
BLOCK16/SES161/SA161S28	SES105	-2.55716	9.59409	12.1513
BLOCK16/SES161/SA161S28	SES158	-1.13478	11.0165	12.1513
BLOCK16/SES161/SA161S28	SES206	-1.70127	10.45	12.1513
BLOCK16/SES164/SA164S11	SES104	-1.10426	11.7881	12.8923
BLOCK16/SES164/SA164S11	SES125	-0.746335	12.146	12.8923
BLOCK16/SES164/SA164S11	SES158	-0.513246	12.3791	12.8923
BLOCK16/SES164/SA164S11	SES206	-1.65675	11.2356	12.8923
BLOCK16/SES164/SA164S13	SES099	-0.54222	10.7752	11.3174
BLOCK16/SES164/SA164S13	SES104	-1.52641	9.791	11.3174
BLOCK16/SES164/SA164S13	SES125	-1.10697	10.2104	11.3174
BLOCK16/SES164/SA164S13	SES206	-0.924203	10.3932	11.3174
BLOCK16/SES164/SA164S24	SES002	0.355025	12.726	12.3709
BLOCK16/SES164/SA164S24	SES099	-0.828588	11.5423	12.3709
BLOCK16/SES164/SA164S24	SES125	-1.36718	11.0038	12.3709
BLOCK16/SES164/SA164S24	SES226	-0.0664902	12.3044	12.3709
BLOCK16/SES164/SA164S27	SES087	-1.09404	10.4628	11.5568
BLOCK16/SES164/SA164S27	SES125	-1.43972	10.1171	11.5568
BLOCK16/SES164/SA164S27	SES206	-1.49418	10.0627	11.5568
BLOCK16/SES164/SA164S27	SES226	-0.732842	10.824	11.5568
BLOCK16/SES164/SA164S29	SES002	0.32174	12.137	11.8152
BLOCK16/SES164/SA164S29	SES019	-1.68068	10.1345	11.8152
BLOCK16/SES164/SA164S29	SES125	-0.817121	10.9981	11.8152
BLOCK16/SES164/SA164S29	SES226	-1.29329	10.5219	11.8152
BLOCK16/SES169/SA169S13	SES117	-1.43012	11.8791	13.3092
BLOCK16/SES169/SA169S13	SES144	-1.06935	12.2398	13.3092
BLOCK16/SES169/SA169S13	SES146	-1.18301	12.1262	13.3092
BLOCK16/SES169/SA169S13	SES162	-0.704325	12.6048	13.3092
BLOCK16/SES169/SA169S14	SES144	-1.68634	12.6571	14.3434
BLOCK16/SES169/SA169S14	SES148	-1.33389	13.0095	14.3434
BLOCK16/SES169/SA169S14	SES177	-1.25183	13.0916	14.3434
BLOCK16/SES169/SA169S14	SES180	-1.70362	12.6398	14.3434
BLOCK16/SES169/SA169S24	SES117	-1.61336	11.0053	12.6187
BLOCK16/SES169/SA169S24	SES144	-1.02956	11.5891	12.6187
BLOCK16/SES169/SA169S24	SES146	-0.978342	11.6404	12.6187
BLOCK16/SES169/SA169S24	SES162	-0.686153	11.9326	12.6187
BLOCK16/SES169/SA169S27	SES127	-1.33026	11.5688	12.899
BLOCK16/SES169/SA169S27	SES129	-0.883148	12.0159	12.899
BLOCK16/SES169/SA169S27	SES144	-1.08206	11.817	12.899
BLOCK16/SES169/SA169S27	SES146	-0.434771	12.4643	12.899
BLOCK16/SES169/SA169S29	SES144	-0.783843	13.5209	14.3047
BLOCK16/SES169/SA169S29	SES162	-0.705357	13.5994	14.3047
BLOCK16/SES169/SA169S29	SES177	-2.08537	12.2193	14.3047
BLOCK16/SES169/SA169S29	SES180	-1.0983	13.2064	14.3047
BLOCK17/SES171/SA171S12	SES083	-1.35684	12.1197	13.4765
BLOCK17/SES171/SA171S12	SES148	-2.35822	11.1183	13.4765
BLOCK17/SES171/SA171S12	SES172	-1.31445	12.1621	13.4765
BLOCK17/SES171/SA171S12	SES292	-1.91057	11.5659	13.4765
BLOCK17/SES171/SA171S15	SES148	-2.11612	10.9723	13.0885
BLOCK17/SES171/SA171S15	SES177	-1.03053	12.0579	13.0885
BLOCK17/SES171/SA171S15	SES180	-2.47714	10.6113	13.0885
BLOCK17/SES171/SA171S15	SES292	-2.37243	10.716	13.0885
BLOCK17/SES171/SA171S22	SES007	-1.64042	12.6598	14.3003
BLOCK17/SES171/SA171S22	SES148	-2.09305	12.2072	14.3003
BLOCK17/SES171/SA171S22	SES177	-0.740704	13.5596	14.3003
BLOCK17/SES171/SA171S22	SES180	-2.60049	11.6998	14.3003
BLOCK17/SES171/SA171S25	SES101	-1.4686	13.1295	14.5981
BLOCK17/SES171/SA171S25	SES120	-2.55086	12.0473	14.5981
BLOCK17/SES171/SA171S25	SES177	-1.15404	13.4441	14.5981
BLOCK17/SES171/SA171S25	SES180	-2.31271	12.2854	14.5981
BLOCK17/SES171/SA171S27	SES177	-0.813401	13.3455	14.1589
BLOCK17/SES171/SA171S27	SES180	-2.59909	11.5598	14.1589
BLOCK17/SES171/SA171S27	SES189	-1.32019	12.8387	14.1589
BLOCK17/SES171/SA171S27	SES292	-2.06939	12.0895	14.1589
BLOCK17/SES173/SA173S13	SES162	-2.99527	12.3506	15.3458
BLOCK17/SES173/SA173S13	SES177	-1.37757	13.9683	15.3458
BLOCK17/SES173/SA173S13	SES180	-2.71412	12.6317	15.3458
BLOCK17/SES173/SA173S13	SES292	-0.747928	14.5979	15.3458
BLOCK17/SES173/SA173S14	SES007	-1.66086	11.1002	12.7611
BLOCK17/SES173/SA173S14	SES162	-2.62806	10.133	12.7611
BLOCK17/SES173/SA173S14	SES177	-1.35547	11.4056	12.7611
BLOCK17/SES173/SA173S14	SES180	-2.75578	10.0053	12.7611
BLOCK17/SES173/SA173S24	SES144	-2.10267	11.0131	13.1158
BLOCK17/SES173/SA173S24	SES162	-2.22885	10.8869	13.1158
BLOCK17/SES173/SA173S24	SES177	-1.08701	12.0288	13.1158
BLOCK17/SES173/SA173S24	SES180	-2.68675	10.429	13.1158
BLOCK17/SES173/SA173S27	SES162	-3.0405	12.3638	15.4043
BLOCK17/SES173/SA173S27	SES177	-1.53527	13.8691	15.4043
BLOCK17/SES173/SA173S27	SES180	-2.3495	13.0548	15.4043
BLOCK17/SES173/SA173S27	SES292	-1.0089	14.3954	15.4043
BLOCK17/SES173/SA173S29	SES162	-1.9429	12.0016	13.9445
BLOCK17/SES173/SA173S29	SES175	-1.00024	12.9443	13.9445
BLOCK17/SES173/SA173S29	SES177	-1.03928	12.9052	13.9445
BLOCK17/SES173/SA173S29	SES292	-1.90184	12.0427	13.9445
BLOCK18/SES182/SA182S10	SES144	-1.51643	12.1111	13.6275
BLOCK18/SES182/SA182S10	SES177	-0.983499	12.644	13.6275
BLOCK18/SES182/SA182S10	SES180	-1.89532	11.7322	13.6275
BLOCK18/SES182/SA182S10	SES275	-0.472657	13.1549	13.6275
BLOCK18/SES182/SA182S12	SES144	-0.193906	14.2444	14.4383
BLOCK18/SES182/SA182S12	SES177	-0.678654	13.7597	14.4383
BLOCK18/SES182/SA182S12	SES180	-1.49837	12.94	14.4383
BLOCK18/SES182/SA182S12	SES275	-0.389877	14.0484	14.4383
BLOCK18/SES182/SA182S21	SES117	-1.18844	12.64	13.8284
BLOCK18/SES182/SA182S21	SES144	-0.831741	12.9967	13.8284
BLOCK18/SES182/SA182S21	SES162	-0.855718	12.9727	13.8284
BLOCK18/SES182/SA182S21	SES180	-2.00537	11.8231	13.8284
BLOCK18/SES182/SA182S23	SES117	-0.675508	13.7502	14.4257
BLOCK18/SES182/SA182S23	SES144	-1.35134	13.0744	14.4257
BLOCK18/SES182/SA182S23	SES180	-1.83505	12.5906	14.4257
BLOCK18/SES182/SA182S23	SES275	-0.893291	13.5324	14.4257
BLOCK18/SES182/SA182S25	SES007	0.00958157	14.4545	14.4449
BLOCK18/SES182/SA182S25	SES162	-0.624352	13.8205	14.4449
BLOCK18/SES182/SA182S25	SES177	-0.908266	13.5366	14.4449
BLOCK18/SES182/SA182S25	SES180	-1.43774	13.0071	14.4449
BLOCK18/SES184/SA184S12	SES177	-1.45699	13.5093	14.9662
BLOCK18/SES184/SA184S12	SES180	-2.01665	12.9496	14.9662
BLOCK18/SES184/SA184S12	SES189	-2.62278	12.3435	14.9662
BLOCK18/SES184/SA184S12	SES292	-1.6114	13.3548	14.9662
BLOCK18/SES184/SA184S13	SES101	-1.70749	12.9428	14.6502
BLOCK18/SES184/SA184S13	SES177	-1.80319	12.8471	14.6502
BLOCK18/SES184/SA184S13	SES180	-1.84588	12.8044	14.6502
BLOCK18/SES184/SA184S13	SES292	-2.24595	12.4043	14.6502
BLOCK18/SES184/SA184S22	SES177	-1.56629	14.8958	16.4621
BLOCK18/SES184/SA184S22	SES180	-1.7278	14.7343	16.4621
BLOCK18/SES184/SA184S22	SES189	-2.27781	14.1843	16.4621
BLOCK18/SES184/SA184S22	SES292	-1.8969	14.5652	16.4621
BLOCK18/SES184/SA184S25	SES101	-1.76753	15.1475	16.915
BLOCK18/SES184/SA184S25	SES177	-2.02562	14.8894	16.915
BLOCK18/SES184/SA184S25	SES180	-1.61486	15.3002	16.915
BLOCK18/SES184/SA184S25	SES292	-1.8757	15.0393	16.915
BLOCK18/SES184/SA184S27	SES083	-1.62749	12.7645	14.392
BLOCK18/SES184/SA184S27	SES177	-1.42816	12.9639	14.392
BLOCK18/SES184/SA184S27	SES202	-1.88931	12.5027	14.392
BLOCK18/SES184/SA184S27	SES292	-2.21584	12.1762	14.392
BLOCK20/SES204/SA204S12	SES062	-1.2628	12.7095	13.9723
BLOCK20/SES204/SA204S12	SES083	-2.23152	11.7407	13.9723
BLOCK20/SES204/SA204S12	SES206	-1.03641	12.9358	13.9723
BLOCK20/SES204/SA204S12	SES226	-2.01542	11.9568	13.9723
BLOCK20/SES204/SA204S14	SES068	-1.24527	14.0168	15.2621
BLOCK20/SES204/SA204S14	SES087	-0.580772	14.6813	15.2621
BLOCK20/SES204/SA204S14	SES206	-2.10268	13.1594	15.2621
BLOCK20/SES204/SA204S14	SES226	-2.10605	13.1561	15.2621
BLOCK20/SES204/SA204S22	SES068	-1.61419	12.5448	14.159
BLOCK20/SES204/SA204S22	SES082	-3.32056	10.8384	14.159
BLOCK20/SES204/SA204S22	SES083	-3.49506	10.6639	14.159
BLOCK20/SES204/SA204S22	SES206	-2.21297	11.946	14.159
BLOCK20/SES204/SA204S25	SES062	-1.84117	12.2056	14.0467
BLOCK20/SES204/SA204S25	SES083	-2.45212	11.5946	14.0467
BLOCK20/SES204/SA204S25	SES206	-1.39442	12.6523	14.0467
BLOCK20/SES204/SA204S25	SES226	-1.89643	12.1503	14.0467
BLOCK20/SES204/SA204S27	SES068	-1.32847	12.0551	13.3836
BLOCK20/SES204/SA204S27	SES082	-2.50553	10.8781	13.3836
BLOCK20/SES204/SA204S27	SES087	-0.813316	12.5703	13.3836
BLOCK20/SES204/SA204S27	SES206	-1.8498	11.5338	13.3836
BLOCK20/SES207/SA207S10	SES127	-1.1957	12.7935	13.9892
BLOCK20/SES207/SA207S10	SES183	-2.47288	11.5163	13.9892
BLOCK20/SES207/SA207S10	SES189	-1.83202	12.1572	13.9892
BLOCK20/SES207/SA207S10	SES292	-1.33186	12.6573	13.9892
BLOCK20/SES207/SA207S11	SES127	-2.33436	11.2472	13.5816
BLOCK20/SES207/SA207S11	SES183	-1.99151	11.5901	13.5816
BLOCK20/SES207/SA207S11	SES187	-1.62772	11.9539	13.5816
BLOCK20/SES207/SA207S11	SES292	-1.30662	12.275	13.5816
BLOCK20/SES207/SA207S25	SES068	-2.02324	13.1226	15.1459
BLOCK20/SES207/SA207S25	SES083	-1.90915	13.2367	15.1459
BLOCK20/SES207/SA207S25	SES127	-1.2022	13.9437	15.1459
BLOCK20/SES207/SA207S25	SES187	-1.38601	13.7599	15.1459
BLOCK20/SES207/SA207S27	SES127	-1.77159	11.338	13.1096
BLOCK20/SES207/SA207S27	SES183	-1.61072	11.4988	13.1096
BLOCK20/SES207/SA207S27	SES187	-1.86644	11.2431	13.1096
BLOCK20/SES207/SA207S27	SES292	-1.86327	11.2463	13.1096
BLOCK20/SES207/SA207S29	SES083	-2.07981	13.7642	15.844
BLOCK20/SES207/SA207S29	SES085	-1.31925	14.5247	15.844
BLOCK20/SES207/SA207S29	SES172	-0.55437	15.2896	15.844
BLOCK20/SES207/SA207S29	SES189	-2.696	13.148	15.844
BLOCK22/SES221/SA221S12	SES068	-0.589148	15.8485	16.4376
BLOCK22/SES221/SA221S12	SES143	-1.61166	14.826	16.4376
BLOCK22/SES221/SA221S12	SES175	-0.407303	16.0303	16.4376
BLOCK22/SES221/SA221S12	SES202	-1.36743	15.0702	16.4376
BLOCK22/SES221/SA221S15	SES085	-0.520267	14.1013	14.6216
BLOCK22/SES221/SA221S15	SES143	-2.48328	12.1383	14.6216
BLOCK22/SES221/SA221S15	SES175	-0.57231	14.0493	14.6216
BLOCK22/SES221/SA221S15	SES187	-1.30482	13.3168	14.6216
BLOCK22/SES221/SA221S23	SES068	-1.41414	14.9158	16.33
BLOCK22/SES221/SA221S23	SES143	-2.34183	13.9881	16.33
BLOCK22/SES221/SA221S23	SES175	-0.612605	15.7174	16.33
BLOCK22/SES221/SA221S23	SES189	-0.582834	15.7471	16.33
BLOCK22/SES221/SA221S27	SES085	0.259604	17.1089	16.8493
BLOCK22/SES221/SA221S27	SES143	-1.58556	15.2637	16.8493
BLOCK22/SES221/SA221S27	SES175	-0.565744	16.2836	16.8493
BLOCK22/SES221/SA221S27	SES189	-0.514177	16.3351	16.8493
BLOCK22/SES221/SA221S29	SES085	0.0709238	15.8115	15.7405
BLOCK22/SES221/SA221S29	SES143	-1.14191	14.5986	15.7405
BLOCK22/SES221/SA221S29	SES175	0.214829	15.9554	15.7405
BLOCK22/SES221/SA221S29	SES187	-1.28355	14.457	15.7405
BLOCK22/SES223/SA223S11	SES143	-1.52398	13.6926	15.2166
BLOCK22/SES223/SA223S11	SES144	-2.86169	12.3549	15.2166
BLOCK22/SES223/SA223S11	SES175	-0.793832	14.4227	15.2166
BLOCK22/SES223/SA223S11	SES187	-1.87014	13.3464	15.2166
BLOCK22/SES223/SA223S13	SES068	-1.08926	12.0583	13.1475
BLOCK22/SES223/SA223S13	SES143	-2.3521	10.7954	13.1475
BLOCK22/SES223/SA223S13	SES146	-2.73168	10.4159	13.1475
BLOCK22/SES223/SA223S13	SES202	-2.10338	11.0442	13.1475
BLOCK22/SES223/SA223S22	SES143	-1.53449	13.4529	14.9874
BLOCK22/SES223/SA223S22	SES144	-2.71142	12.276	14.9874
BLOCK22/SES223/SA223S22	SES175	-0.727189	14.2602	14.9874
BLOCK22/SES223/SA223S22	SES187	-0.824104	14.1633	14.9874
BLOCK22/SES223/SA223S25	SES068	-0.982386	14.4332	15.4156
BLOCK22/SES223/SA223S25	SES143	-1.95148	13.4641	15.4156
BLOCK22/SES223/SA223S25	SES175	-1.20699	14.2086	15.4156
BLOCK22/SES223/SA223S25	SES187	-1.95564	13.4599	15.4156
BLOCK22/SES223/SA223S27	SES143	-1.27242	13.7168	14.9892
BLOCK22/SES223/SA223S27	SES146	-1.71567	13.2735	14.9892
BLOCK22/SES223/SA223S27	SES187	-1.18468	13.8045	14.9892
BLOCK22/SES223/SA223S27	SES292	-1.04946	13.9397	14.9892
BLOCK27/SES273/SA273S12	SES099	-0.849846	14.5173	15.3672
BLOCK27/SES273/SA273S12	SES104	-1.39509	13.9721	15.3672
BLOCK27/SES273/SA273S12	SES125	-1.62825	13.7389	15.3672
BLOCK27/SES273/SA273S12	SES206	-0.800585	14.5666	15.3672
BLOCK27/SES273/SA273S13	SES099	-1.16581	14.8427	16.0085
BLOCK27/SES273/SA273S13	SES104	-1.85814	14.1504	16.0085
BLOCK27/SES273/SA273S13	SES206	-1.31639	14.6921	16.0085
BLOCK27/SES273/SA273S13	SES292	-1.89203	14.1165	16.0085
BLOCK27/SES273/SA273S21	SES099	-0.576488	14.9051	15.4816
BLOCK27/SES273/SA273S21	SES148	-3.05234	12.4293	15.4816
BLOCK27/SES273/SA273S21	SES149	-2.28988	13.1918	15.4816
BLOCK27/SES273/SA273S21	SES177	-1.73379	13.7478	15.4816
BLOCK27/SES273/SA273S25	SES104	-1.64498	12.8873	14.5323
BLOCK27/SES273/SA273S25	SES125	-1.51926	13.0131	14.5323
BLOCK27/SES273/SA273S25	SES158	-0.975016	13.5573	14.5323
BLOCK27/SES273/SA273S25	SES206	-0.511718	14.0206	14.5323
BLOCK27/SES273/SA273S27	SES099	-0.904333	13.6891	14.5935
BLOCK27/SES273/SA273S27	SES104	-1.92914	12.6643	14.5935
BLOCK27/SES273/SA273S27	SES149	-1.1095	13.484	14.5935
BLOCK27/SES273/SA273S27	SES275	-1.6523	12.9412	14.5935
BLOCK27/SES274/SA274S10	SES105	-1.98324	12.5419	14.5251
BLOCK27/SES274/SA274S10	SES125	-2.02948	12.4956	14.5251
BLOCK27/SES274/SA274S10	SES129	-0.370081	14.155	14.5251
BLOCK27/SES274/SA274S10	SES158	-3.68672	10.8384	14.5251
BLOCK27/SES274/SA274S11	SES105	-1.33784	13.0295	14.3673
BLOCK27/SES274/SA274S11	SES149	-2.0891	12.2782	14.3673
BLOCK27/SES274/SA274S11	SES158	-2.38431	11.983	14.3673
BLOCK27/SES274/SA274S11	SES275	-0.816741	13.5506	14.3673
BLOCK27/SES274/SA274S21	SES105	-1.83586	12.8094	14.6452
BLOCK27/SES274/SA274S21	SES129	-0.687324	13.9579	14.6452
BLOCK27/SES274/SA274S21	SES149	-1.19906	13.4462	14.6452
BLOCK27/SES274/SA274S21	SES158	-4.03777	10.6075	14.6452
BLOCK27/SES274/SA274S24	SES105	-1.55843	13.608	15.1664
BLOCK27/SES274/SA274S24	SES129	-0.342205	14.8242	15.1664
BLOCK27/SES274/SA274S24	SES149	-2.18094	12.9855	15.1664
BLOCK27/SES274/SA274S24	SES158	-4.44412	10.7223	15.1664
BLOCK27/SES274/SA274S29	SES105	-2.00269	11.8461	13.8488
BLOCK27/SES274/SA274S29	SES106	-3.62725	10.2215	13.8488
BLOCK27/SES274/SA274S29	SES120	-1.67315	12.1756	13.8488
BLOCK27/SES274/SA274S29	SES275	-1.13243	12.7164	13.8488
BLOCK27/SES276/SA276S16	SES148	-2.02687	12.9148	14.9417
BLOCK27/SES276/SA276S16	SES172	-1.14441	13.7973	14.9417
BLOCK27/SES276/SA276S16	SES180	-2.09562	12.8461	14.9417
BLOCK27/SES276/SA276S16	SES292	-1.45672	13.485	14.9417
BLOCK27/SES276/SA276S17	SES101	-1.47561	13.7755	15.2511
BLOCK27/SES276/SA276S17	SES177	-1.88818	13.3629	15.2511
BLOCK27/SES276/SA276S17	SES180	-1.48264	13.7685	15.2511
BLOCK27/SES276/SA276S17	SES292	-1.61336	13.6377	15.2511
BLOCK27/SES276/SA276S24	SES101	-1.07839	14.4701	15.5485
BLOCK27/SES276/SA276S24	SES177	-0.837425	14.7111	15.5485
BLOCK27/SES276/SA276S24	SES180	-1.72496	13.8235	15.5485
BLOCK27/SES276/SA276S24	SES292	-2.18916	13.3593	15.5485
BLOCK27/SES276/SA276S26	SES101	-2.4797	13.7294	16.2091
BLOCK27/SES276/SA276S26	SES177	-0.864746	15.3444	16.2091
BLOCK27/SES276/SA276S26	SES180	-0.555738	15.6534	16.2091
BLOCK27/SES276/SA276S26	SES292	-0.760103	15.449	16.2091
BLOCK27/SES276/SA276S28	SES101	-1.31686	14.9673	16.2841
BLOCK27/SES276/SA276S28	SES177	-1.18161	15.1025	16.2841
BLOCK27/SES276/SA276S28	SES180	-0.329659	15.9545	16.2841
BLOCK27/SES276/SA276S28	SES292	-0.995352	15.2888	16.2841
BLOCK27/SES277/SA277S12	SES101	-1.29716	12.7139	14.0111
BLOCK27/SES277/SA277S12	SES177	-1.87522	12.1359	14.0111
BLOCK27/SES277/SA277S12	SES180	-2.15236	11.8587	14.0111
BLOCK27/SES277/SA277S12	SES292	-2.19065	11.8204	14.0111
BLOCK27/SES277/SA277S14	SES177	-0.439299	12.8665	13.3057
BLOCK27/SES277/SA277S14	SES180	-1.90944	11.3963	13.3057
BLOCK27/SES277/SA277S14	SES189	-0.663747	12.642	13.3057
BLOCK27/SES277/SA277S14	SES292	-2.30151	11.0042	13.3057
BLOCK27/SES277/SA277S21	SES177	-0.706881	13.6917	14.3986
BLOCK27/SES277/SA277S21	SES180	-1.76569	12.6329	14.3986
BLOCK27/SES277/SA277S21	SES189	-0.829241	13.5693	14.3986
BLOCK27/SES277/SA277S21	SES292	-2.38234	12.0162	14.3986
BLOCK27/SES277/SA277S24	SES144	-2.19153	10.7392	12.9307
BLOCK27/SES277/SA277S24	SES177	-0.795634	12.1351	12.9307
BLOCK27/SES277/SA277S24	SES180	-2.13616	10.7945	12.9307
BLOCK27/SES277/SA277S24	SES189	-0.819127	12.1116	12.9307
BLOCK27/SES277/SA277S29	SES177	-0.859068	14.6945	15.5536
BLOCK27/SES277/SA277S29	SES180	-1.84436	13.7092	15.5536
BLOCK27/SES277/SA277S29	SES202	-1.16894	14.3847	15.5536
BLOCK27/SES277/SA277S29	SES292	-1.93849	13.6151	15.5536
BLOCK27/SES279/SA279S09	SES120	-1.95259	11.9679	13.9204
BLOCK27/SES279/SA279S09	SES146	-2.33208	11.5884	13.9204
BLOCK27/SES279/SA279S09	SES206	-1.8899	12.0305	13.9204
BLOCK27/SES279/SA279S09	SES226	-2.67763	11.2428	13.9204
BLOCK27/SES279/SA279S10	SES099	-0.841738	13.2198	14.0615
BLOCK27/SES279/SA279S10	SES206	-1.06486	12.9966	14.0615
BLOCK27/SES279/SA279S10	SES226	-2.23944	11.8221	14.0615
BLOCK27/SES279/SA279S10	SES292	-0.776341	13.2852	14.0615
BLOCK27/SES279/SA279S20	SES099	-1.68463	11.8115	13.4962
BLOCK27/SES279/SA279S20	SES206	-1.07541	12.4208	13.4962
BLOCK27/SES279/SA279S20	SES226	-1.8692	11.627	13.4962
BLOCK27/SES279/SA279S20	SES292	-0.432008	13.0642	13.4962
BLOCK27/SES279/SA279S26	SES099	-0.883002	12.9311	13.8141
BLOCK27/SES279/SA279S26	SES206	-0.509243	13.3049	13.8141
BLOCK27/SES279/SA279S26	SES226	-2.1418	11.6723	13.8141
BLOCK27/SES279/SA279S26	SES292	-0.632088	13.1821	13.8141
BLOCK27/SES279/SA279S28	SES099	-1.44175	14.0769	15.5186
BLOCK27/SES279/SA279S28	SES120	-1.21422	14.3044	15.5186
BLOCK27/SES279/SA279S28	SES177	-1.66578	13.8528	15.5186
BLOCK27/SES279/SA279S28	SES206	-1.58376	13.9349	15.5186
BLOCK29/SES290/SA290S12	SES162	-0.563432	14.0172	14.5806
BLOCK29/SES290/SA290S12	SES177	-0.961347	13.6193	14.5806
BLOCK29/SES290/SA290S12	SES180	-1.76447	12.8161	14.5806
BLOCK29/SES290/SA290S12	SES292	-1.89459	12.686	14.5806
BLOCK29/SES290/SA290S13	SES007	-1.5338	13.4333	14.9671
BLOCK29/SES290/SA290S13	SES162	-2.02164	12.9455	14.9671
BLOCK29/SES290/SA290S13	SES177	-0.485329	14.4818	14.9671
BLOCK29/SES290/SA290S13	SES180	-1.68236	13.2848	14.9671
BLOCK29/SES290/SA290S22	SES177	-0.725597	14.3365	15.0621
BLOCK29/SES290/SA290S22	SES180	-1.65286	13.4092	15.0621
BLOCK29/SES290/SA290S22	SES202	-1.33377	13.7283	15.0621
BLOCK29/SES290/SA290S22	SES292	-1.59618	13.4659	15.0621
BLOCK29/SES290/SA290S25	SES162	-0.986365	14.3885	15.3748
BLOCK29/SES290/SA290S25	SES177	-1.34044	14.0344	15.3748
BLOCK29/SES290/SA290S25	SES180	-1.27676	14.0981	15.3748
BLOCK29/SES290/SA290S25	SES292	-1.17644	14.1984	15.3748
BLOCK29/SES290/SA290S29	SES177	-0.531942	14.0353	14.5673
BLOCK29/SES290/SA290S29	SES180	-1.0221	13.5452	14.5673
BLOCK29/SES290/SA290S29	SES275	-1.10504	13.4622	14.5673
BLOCK29/SES290/SA290S29	SES292	-1.04356	13.5237	14.5673
BLOCK29/SES291/SA291S11	SES105	-2.72036	9.0665	11.7869
BLOCK29/SES291/SA291S11	SES125	-0.864894	10.922	11.7869
BLOCK29/SES291/SA291S11	SES158	-0.967379	10.8195	11.7869
BLOCK29/SES291/SA291S11	SES275	-2.15463	9.63222	11.7869
BLOCK29/SES291/SA291S12	SES158	0.517942	12.3178	11.7998
BLOCK29/SES291/SA291S12	SES226	-2.38076	9.41908	11.7998
BLOCK29/SES291/SA291S12	SES270	0.462481	12.2623	11.7998
BLOCK29/SES291/SA291S12	SES275	-3.14772	8.65212	11.7998
BLOCK29/SES291/SA291S22	SES082	-1.19534	11.623	12.8183
BLOCK29/SES291/SA291S22	SES158	-0.958513	11.8598	12.8183
BLOCK29/SES291/SA291S22	SES259	-2.06196	10.7564	12.8183
BLOCK29/SES291/SA291S22	SES275	-2.37189	10.4464	12.8183
BLOCK29/SES291/SA291S24	SES104	-0.116115	13.9499	14.066
BLOCK29/SES291/SA291S24	SES125	-0.917415	13.1486	14.066
BLOCK29/SES291/SA291S24	SES158	-0.335746	13.7303	14.066
BLOCK29/SES291/SA291S24	SES275	-2.54574	11.5203	14.066
BLOCK29/SES291/SA291S27	SES158	-0.0650826	13.5843	13.6494
BLOCK29/SES291/SA291S27	SES172	-3.67331	9.97611	13.6494
BLOCK29/SES291/SA291S27	SES275	-2.9207	10.7287	13.6494
BLOCK29/SES291/SA291S27	SES292	-1.92495	11.7245	13.6494
