BLOCK00/SES002/SA002S12	SES002	0.662663	-7.57622	-8.23888
BLOCK00/SES002/SA002S13	SES002	1.1594	-7.91748	-9.07688
BLOCK00/SES002/SA002S23	SES002	0.488651	-7.83306	-8.32171
BLOCK00/SES002/SA002S26	SES002	0.131573	-9.2905	-9.42207
BLOCK00/SES002/SA002S28	SES002	0.223173	-8.09594	-8.31911
BLOCK00/SES007/SA007S14	SES007	0.676988	-6.47082	-7.14781
BLOCK00/SES007/SA007S15	SES007	0.0341372	-7.52433	-7.55846
BLOCK00/SES007/SA007S24	SES007	0.402312	-6.85032	-7.25263
BLOCK00/SES007/SA007S27	SES007	-0.0815258	-8.46243	-8.38091
BLOCK00/SES007/SA007S29	SES007	0.132418	-7.00714	-7.13956
BLOCK00/SES008/SA008S11	SES008	0.819553	-6.55296	-7.37251
BLOCK00/SES008/SA008S12	SES008	0.0901585	-7.24026	-7.33042
BLOCK00/SES008/SA008S19	SES008	0.857445	-6.77248	-7.62992
BLOCK00/SES008/SA008S22	SES008	0.446499	-7.41049	-7.85699
BLOCK00/SES008/SA008S29	SES008	0.714963	-6.55603	-7.271
BLOCK01/SES014/SA014S10	SES014	0.68142	-7.29994	-7.98136
BLOCK01/SES014/SA014S12	SES014	1.10085	-6.91763	-8.01847
BLOCK01/SES014/SA014S24	SES014	1.33846	-7.1462	-8.48467
BLOCK01/SES014/SA014S26	SES014	1.30525	-6.64008	-7.94534
BLOCK01/SES014/SA014S28	SES014	1.62066	-6.03208	-7.65274
BLOCK01/SES016/SA016S12	SES016	0.859653	-8.84903	-9.70868
BLOCK01/SES016/SA016S13	SES016	0.719295	-7.05072	-7.77002
BLOCK01/SES016/SA016S22	SES016	0.650821	-6.85423	-7.50505
BLOCK01/SES016/SA016S25	SES016	1.16017	-5.50728	-6.66745
BLOCK01/SES016/SA016S27	SES016	1.04286	-6.59221	-7.63507
BLOCK01/SES019/SA019S13	SES019	3.13536	-6.25321	-9.38857
BLOCK01/SES019/SA019S14	SES019	0.836835	-8.27841	-9.11524
BLOCK01/SES019/SA019S22	SES019	2.2134	-6.62792	-8.84132
BLOCK01/SES019/SA019S25	SES019	1.68544	-7.35604	-9.04148
BLOCK01/SES019/SA019S29	SES019	3.69181	-6.59369	-10.2855
BLOCK02/SES029/SA029S11	SES029	0.196562	-6.45389	-6.65045
BLOCK02/SES029/SA029S12	SES029	-0.140431	-6.99307	-6.85263
BLOCK02/SES029/SA029S20	SES029	0.15023	-6.51339	-6.66362
BLOCK02/SES029/SA029S25	SES029	0.0326881	-7.38425	-7.41693
BLOCK02/SES029/SA029S28	SES029	-0.0902543	-7.16274	-7.07249
BLOCK04/SES042/SA042S12	SES042	0.74388	-6.98094	-7.72482
BLOCK04/SES042/SA042S15	SES042	1.33419	-5.9898	-7.32398
BLOCK04/SES042/SA042S22	SES042	2.14933	-7.32584	-9.47517
BLOCK04/SES042/SA042S25	SES042	0.486625	-9.0118	-9.49843
BLOCK04/SES042/SA042S27	SES042	1.66087	-7.4701	-9.13097
BLOCK04/SES048/SA048S11	SES048	0.636534	-6.41863	-7.05517
BLOCK04/SES048/SA048S12	SES048	0.0375142	-7.89654	-7.93405
BLOCK04/SES048/SA048S20	SES048	0.31439	-6.63376	-6.94815
BLOCK04/SES048/SA048S23	SES048	0.299126	-7.20782	-7.50695
BLOCK04/SES048/SA048S27	SES048	-0.169099	-7.73023	-7.56113
BLOCK06/SES060/SA060S11	SES060	0.937809	-6.83684	-7.77465
BLOCK06/SES060/SA060S12	SES060	0.333194	-7.97184	-8.30503
BLOCK06/SES060/SA060S22	SES060	-1.53081	-9.65845	-8.12764
BLOCK06/SES060/SA060S24	SES060	0.787885	-5.86863	-6.65651
BLOCK06/SES060/SA060S28	SES060	0.589406	-5.82096	-6.41036
BLOCK06/SES062/SA062S10	SES062	0.0400338	-7.16035	-7.20038
BLOCK06/SES062/SA062S11	SES062	-0.499424	-8.58928	-8.08986
BLOCK06/SES062/SA062S21	SES062	0.529817	-5.60902	-6.13884
BLOCK06/SES062/SA062S26	SES062	-0.320661	-7.80999	-7.48933
BLOCK06/SES062/SA062S29	SES062	0.34288	-6.63286	-6.97574
BLOCK06/SES068/SA068S14	SES068	-0.065537	-7.71748	-7.65195
BLOCK06/SES068/SA068S15	SES068	0.270998	-7.29392	-7.56492
BLOCK06/SES068/SA068S23	SES068	-0.308181	-7.86837	-7.56018
BLOCK06/SES068/SA068S27	SES068	1.49062	-6.32661	-7.81723
BLOCK06/SES068/SA068S29	SES068	0.5352	-7.29877	-7.83397
BLOCK08/SES082/SA082S12	SES082	-0.292551	-8.60662	-8.31407
BLOCK08/SES082/SA082S14	SES082	-0.0685387	-8.38435	-8.31581
BLOCK08/SES082/SA082S21	SES082	0.210715	-7.39535	-7.60607
BLOCK08/SES082/SA082S24	SES082	0.314988	-7.79675	-8.11174
BLOCK08/SES082/SA082S28	SES082	0.308262	-7.83427	-8.14253
BLOCK08/SES083/SA083S14	SES083	-0.372269	-7.4925	-7.12023
BLOCK08/SES083/SA083S15	SES083	0.729165	-6.8031	-7.53227
BLOCK08/SES083/SA083S24	SES083	-0.001719	-7.57156	-7.56984
BLOCK08/SES083/SA083S26	SES083	0.173884	-8.30751	-8.48139
BLOCK08/SES083/SA083S29	SES083	-0.273216	-8.23592	-7.9627
BLOCK08/SES085/SA085S10	SES085	0.839496	-6.22224	-7.06173
BLOCK08/SES085/SA085S13	SES085	-0.496353	-8.31376	-7.81741
BLOCK08/SES085/SA085S22	SES085	0.510931	-6.91492	-7.42585
BLOCK08/SES085/SA085S26	SES085	-0.546115	-8.06104	-7.51493
BLOCK08/SES085/SA085S28	SES085	0.444581	-7.09202	-7.5366
BLOCK08/SES087/SA087S15	SES087	0.920954	-7.64665	-8.5676
BLOCK08/SES087/SA087S16	SES087	1.33476	-7.4992	-8.83397
BLOCK08/SES087/SA087S24	SES087	1.21454	-7.4417	-8.65624
BLOCK08/SES087/SA087S26	SES087	0.828893	-6.87929	-7.70819
BLOCK08/SES087/SA087S29	SES087	1.12973	-6.49195	-7.62168
BLOCK09/SES099/SA099S15	SES099	0.922262	-7.96692	-8.88918
BLOCK09/SES099/SA099S16	SES099	0.900514	-7.3456	-8.24611
BLOCK09/SES099/SA099S24	SES099	0.46295	-7.96071	-8.42366
BLOCK09/SES099/SA099S26	SES099	1.30694	-6.99888	-8.30582
BLOCK09/SES099/SA099S29	SES099	0.422977	-8.19419	-8.61716
BLOCK10/SES101/SA101S11	SES101	0.432122	-6.42426	-6.85638
BLOCK10/SES101/SA101S13	SES101	0.883071	-5.47021	-6.35329
BLOCK10/SES101/SA101S22	SES101	0.351946	-7.87717	-8.22912
BLOCK10/SES101/SA101S24	SES101	0.666337	-6.73063	-7.39697
BLOCK10/SES101/SA101S28	SES101	0.394269	-7.29939	-7.69366
BLOCK10/SES104/SA104S11	SES104	0.617644	-6.86542	-7.48307
BLOCK10/SES104/SA104S12	SES104	0.297862	-7.71392	-8.01178
BLOCK10/SES104/SA104S21	SES104	0.521372	-7.776	-8.29738
BLOCK10/SES104/SA104S24	SES104	-0.0919704	-8.41954	-8.32757
BLOCK10/SES104/SA104S28	SES104	0.618593	-7.72027	-8.33886
BLOCK10/SES105/SA105S12	SES105	0.551688	-7.91224	-8.46393
BLOCK10/SES105/SA105S13	SES105	-0.043293	-7.52356	-7.48027
BLOCK10/SES105/SA105S22	SES105	0.416561	-8.21614	-8.6327
BLOCK10/SES105/SA105S26	SES105	0.577803	-8.04823	-8.62603
BLOCK10/SES105/SA105S29	SES105	0.866858	-6.39413	-7.26099
BLOCK10/SES106/SA106S09	SES106	1.04699	-7.78339	-8.83039
BLOCK10/SES106/SA106S11	SES106	0.727695	-6.86514	-7.59284
BLOCK10/SES106/SA106S22	SES106	1.36065	-7.57182	-8.93247
BLOCK10/SES106/SA106S27	SES106	0.619017	-7.14566	-7.76468
BLOCK10/SES106/SA106S29	SES106	0.415257	-6.70963	-7.12488
BLOCK11/SES117/SA117S12	SES117	0.243006	-7.92049	-8.1635
BLOCK11/SES117/SA117S13	SES117	-0.29748	-8.34377	-8.04629
BLOCK11/SES117/SA117S23	SES117	0.827658	-8.40914	-9.2368
BLOCK11/SES117/SA117S25	SES117	0.35528	-7.95176	-8.30704
BLOCK11/SES117/SA117S28	SES117	0.742791	-7.72926	-8.47205
BLOCK12/SES120/SA120S08	SES120	0.246735	-7.83345	-8.08019
BLOCK12/SES120/SA120S11	SES120	0.201282	-10.4681	-10.6694
BLOCK12/SES120/SA120S22	SES120	0.346376	-7.01549	-7.36186
BLOCK12/SES120/SA120S24	SES120	0.193984	-8.16373	-8.35772
BLOCK12/SES120/SA120S28	SES120	-0.246588	-8.28697	-8.04038
BLOCK12/SES125/SA125S13	SES125	1.00099	-7.05986	-8.06084
BLOCK12/SES125/SA125S14	SES125	0.744528	-7.75161	-8.49614
BLOCK12/SES125/SA125S25	SES125	0.934639	-8.09189	-9.02653
BLOCK12/SES125/SA125S27	SES125	0.81621	-6.78813	-7.60434
BLOCK12/SES125/SA125S29	SES125	0.292086	-7.25325	-7.54533
BLOCK12/SES127/SA127S11	SES127	0.250914	-7.56497	-7.81588
BLOCK12/SES127/SA127S12	SES127	0.162532	-6.19454	-6.35707
BLOCK12/SES127/SA127S23	SES127	0.210564	-6.67555	-6.88611
BLOCK12/SES127/SA127S25	SES127	0.225426	-6.73944	-6.96486
BLOCK12/SES127/SA127S27	SES127	0.454407	-6.78922	-7.24363
BLOCK12/SES129/SA129S11	SES129	0.905151	-6.19699	-7.10214
BLOCK12/SES129/SA129S12	SES129	0.565625	-5.99998	-6.56561
BLOCK12/SES129/SA129S22	SES129	0.724027	-7.01401	-7.73804
BLOCK12/SES129/SA129S27	SES129	0.650248	-6.85755	-7.5078
BLOCK12/SES129/SA129S29	SES129	0.58832	-7.97663	-8.56495
BLOCK14/SES142/SA142S11	SES142	0.885642	-6.39317	-7.27881
BLOCK14/SES142/SA142S12	SES142	0.165253	-7.51975	-7.685
BLOCK14/SES142/SA142S24	SES142	0.558517	-6.74548	-7.304
BLOCK14/SES142/SA142S27	SES142	0.697648	-6.53576	-7.2334
BLOCK14/SES142/SA142S29	SES142	0.72536	-6.33708	-7.06244
BLOCK14/SES143/SA143S12	SES143	0.395249	-7.03809	-7.43334
BLOCK14/SES143/SA143S13	SES143	0.555133	-7.20728	-7.76241
BLOCK14/SES143/SA143S23	SES143	-0.212643	-7.44044	-7.2278
BLOCK14/SES143/SA143S25	SES143	0.426929	-7.57606	-8.00299
BLOCK14/SES143/SA143S28	SES143	0.224601	-7.40636	-7.63096
BLOCK14/SES144/SA144S09	SES144	0.105737	-7.4249	-7.53064
BLOCK14/SES144/SA144S11	SES144	-0.0730166	-7.29058	-7.21757
BLOCK14/SES144/SA144S21	SES144	-0.68007	-8.3634	-7.68333
BLOCK14/SES144/SA144S25	SES144	0.228734	-7.79585	-8.02459
BLOCK14/SES144/SA144S29	SES144	-0.703854	-8.54733	-7.84348
BLOCK14/SES146/SA146S14	SES146	0.467844	-7.76436	-8.23221
BLOCK14/SES146/SA146S15	SES146	-0.145169	-8.11684	-7.97167
BLOCK14/SES146/SA146S24	SES146	0.419992	-7.61459	-8.03458
BLOCK14/SES146/SA146S26	SES146	0.358969	-7.71439	-8.07336
BLOCK14/SES146/SA146S29	SES146	0.272966	-8.11254	-8.3855
BLOCK14/SES147/SA147S11	SES147	0.124806	-7.48914	-7.61395
BLOCK14/SES147/SA147S13	SES147	0.310327	-6.52964	-6.83996
BLOCK14/SES147/SA147S23	SES147	0.270373	-7.35019	-7.62056
BLOCK14/SES147/SA147S26	SES147	0.64116	-7.17327	-7.81443
BLOCK14/SES147/SA147S28	SES147	0.647426	-6.76167	-7.40909
BLOCK14/SES148/SA148S10	SES148	0.147127	-6.53205	-6.67918
BLOCK14/SES148/SA148S12	SES148	-0.291212	-7.95675	-7.66554
BLOCK14/SES148/SA148S22	SES148	0.406608	-6.7817	-7.18831
BLOCK14/SES148/SA148S26	SES148	-0.00342226	-6.50231	-6.49889
BLOCK14/SES148/SA148S29	SES148	-0.391047	-7.66335	-7.27231
BLOCK14/SES149/SA149S13	SES149	0.167933	-7.06242	-7.23035
BLOCK14/SES149/SA149S14	SES149	-0.0689402	-6.60205	-6.53311
BLOCK14/SES149/SA149S24	SES149	0.322987	-7.10533	-7.42831
BLOCK14/SES149/SA149S26	SES149	0.593149	-6.12843	-6.72158
BLOCK14/SES149/SA149S28	SES149	1.17714	-5.39017	-6.56731
BLOCK15/SES158/SA158S13	SES158	1.23854	-6.99642	-8.23496
BLOCK15/SES158/SA158S14	SES158	0.621563	-8.12997	-8.75153
BLOCK15/SES158/SA158S23	SES158	0.853762	-6.36515	-7.21892
BLOCK15/SES158/SA158S26	SES158	1.39495	-7.4464	-8.84135
BLOCK15/SES158/SA158S28	SES158	0.662701	-7.74115	-8.40385
BLOCK16/SES162/SA162S10	SES162	0.347458	-8.19315	-8.54061
BLOCK16/SES162/SA162S11	SES162	0.119577	-6.77649	-6.89607
BLOCK16/SES162/SA162S21	SES162	0.493877	-7.09891	-7.59278
BLOCK16/SES162/SA162S24	SES162	0.492556	-7.24772	-7.74028
BLOCK16/SES162/SA162S27	SES162	0.530378	-8.40892	-8.9393
BLOCK16/SES167/SA167S14	SES167	0.689859	-6.43292	-7.12278
BLOCK16/SES167/SA167S15	SES167	1.04411	-6.27952	-7.32363
BLOCK16/SES167/SA167S21	SES167	1.08798	-6.0707	-7.15868
BLOCK16/SES167/SA167S25	SES167	1.53693	-6.45764	-7.99457
BLOCK16/SES167/SA167S29	SES167	1.55122	-5.65622	-7.20744
BLOCK17/SES172/SA172S12	SES172	0.626562	-7.97402	-8.60058
BLOCK17/SES172/SA172S13	SES172	0.850165	-7.71618	-8.56635
BLOCK17/SES172/SA172S23	SES172	0.45798	-7.04281	-7.50079
BLOCK17/SES172/SA172S27	SES172	0.225255	-8.56937	-8.79462
BLOCK17/SES172/SA172S29	SES172	0.895208	-7.14777	-8.04298
BLOCK17/SES175/SA175S11	SES175	0.182037	-7.62462	-7.80666
BLOCK17/SES175/SA175S13	SES175	0.364779	-5.54862	-5.9134
BLOCK17/SES175/SA175S23	SES175	0.361274	-6.45029	-6.81157
BLOCK17/SES175/SA175S25	SES175	-0.192248	-8.39078	-8.19853
BLOCK17/SES175/SA175S28	SES175	-0.0960112	-6.97095	-6.87494
BLOCK17/SES177/SA177S15	SES177	0.262868	-8.21128	-8.47414
BLOCK17/SES177/SA177S17	SES177	0.204878	-7.87391	-8.07879
BLOCK17/SES177/SA177S23	SES177	0.0598583	-8.00063	-8.06049
BLOCK17/SES177/SA177S26	SES177	0.829004	-5.77908	-6.60809
BLOCK17/SES177/SA177S28	SES177	0.278705	-7.95127	-8.22997
BLOCK18/SES180/SA180S13	SES180	-0.122315	-8.42388	-8.30157
BLOCK18/SES180/SA180S15	SES180	-0.0309854	-7.3745	-7.34352
BLOCK18/SES180/SA180S24	SES180	0.574182	-6.22019	-6.79437
BLOCK18/SES180/SA180S26	SES180	0.256148	-6.79593	-7.05208
BLOCK18/SES180/SA180S29	SES180	-0.063014	-8.00337	-7.94036
BLOCK18/SES183/SA183S13	SES183	0.60099	-7.18621	-7.7872
BLOCK18/SES183/SA183S14	SES183	-0.348014	-7.6817	-7.33368
BLOCK18/SES183/SA183S24	SES183	0.768558	-7.76591	-8.53447
BLOCK18/SES183/SA183S27	SES183	0.654952	-8.07704	-8.732
BLOCK18/SES183/SA183S29	SES183	0.888104	-6.86164	-7.74975
BLOCK18/SES187/SA187S13	SES187	0.0234966	-8.79974	-8.82324
BLOCK18/SES187/SA187S14	SES187	0.0520153	-8.70741	-8.75943
BLOCK18/SES187/SA187S24	SES187	0.233953	-8.29543	-8.52939
BLOCK18/SES187/SA187S27	SES187	-0.242832	-8.5729	-8.33007
BLOCK18/SES187/SA187S29	SES187	0.589307	-8.82446	-9.41377
BLOCK18/SES189/SA189S10	SES189	0.647515	-7.92279	-8.57031
BLOCK18/SES189/SA189S13	SES189	0.614803	-8.95877	-9.57358
BLOCK18/SES189/SA189S24	SES189	0.891873	-6.87496	-7.76683
BLOCK18/SES189/SA189S26	SES189	0.844633	-7.23581	-8.08044
BLOCK18/SES189/SA189S29	SES189	1.01004	-6.97024	-7.98028
BLOCK20/SES202/SA202S12	SES202	0.405628	-7.59113	-7.99675
BLOCK20/SES202/SA202S14	SES202	0.683682	-7.26099	-7.94467
BLOCK20/SES202/SA202S24	SES202	0.16409	-8.06359	-8.22768
BLOCK20/SES202/SA202S27	SES202	0.403588	-7.03949	-7.44308
BLOCK20/SES202/SA202S29	SES202	0.581508	-7.01359	-7.5951
BLOCK20/SES206/SA206S15	SES206	-0.25341	-7.38039	-7.12698
BLOCK20/SES206/SA206S17	SES206	0.445573	-7.7366	-8.18217
BLOCK20/SES206/SA206S24	SES206	1.23253	-6.20876	-7.4413
BLOCK20/SES206/SA206S27	SES206	1.13605	-7.8624	-8.99845
BLOCK20/SES206/SA206S29	SES206	1.57209	-6.17388	-7.74598
BLOCK22/SES226/SA226S12	SES226	0.768873	-7.76455	-8.53342
BLOCK22/SES226/SA226S13	SES226	0.0830641	-8.63334	-8.7164
BLOCK22/SES226/SA226S20	SES226	0.868508	-7.60228	-8.47079
BLOCK22/SES226/SA226S23	SES226	0.79265	-6.90218	-7.69483
BLOCK22/SES226/SA226S28	SES226	1.43347	-6.42604	-7.85951
BLOCK25/SES259/SA259S13	SES259	1.7175	-6.74297	-8.46047
BLOCK25/SES259/SA259S14	SES259	1.29856	-6.49132	-7.78988
BLOCK25/SES259/SA259S22	SES259	1.34724	-6.46852	-7.81576
BLOCK25/SES259/SA259S24	SES259	0.663277	-7.39401	-8.05728
BLOCK25/SES259/SA259S28	SES259	0.858261	-7.1458	-8.00406
BLOCK27/SES270/SA270S14	SES270	1.34446	-7.41906	-8.76352
BLOCK27/SES270/SA270S16	SES270	0.282708	-7.29581	-7.57852
BLOCK27/SES270/SA270S22	SES270	1.72942	-6.57818	-8.3076
BLOCK27/SES270/SA270S26	SES270	0.991026	-7.4382	-8.42923
BLOCK27/SES270/SA270S28	SES270	0.973831	-7.12582	-8.09965
BLOCK27/SES275/SA275S17	SES275	0.443199	-6.99321	-7.43641
BLOCK27/SES275/SA275S18	SES275	0.000857353	-7.31212	-7.31297
BLOCK27/SES275/SA275S24	SES275	0.238834	-7.74332	-7.98216
BLOCK27/SES275/SA275S26	SES275	0.377798	-7.19983	-7.57763
BLOCK27/SES275/SA275S28	SES275	0.409046	-7.40521	-7.81425
BLOCK29/SES292/SA292S10	SES292	-0.23182	-7.20697	-6.97515
BLOCK29/SES292/SA292S12	SES292	0.0270462	-8.51902	-8.54607
BLOCK29/SES292/SA292S22	SES292	-0.261533	-8.08571	-7.82418
BLOCK29/SES292/SA292S24	SES292	-0.0551267	-7.65563	-7.6005
BLOCK29/SES292/SA292S27	SES292	-0.0510488	-7.52053	-7.46949
BLOCK00/SES001/SA001S14	SES062	-1.86669	-10.2122	-8.34555
BLOCK00/SES001/SA001S14	SES082	-0.801732	-9.14728	-8.34555
BLOCK00/SES001/SA001S14	SES106	-1.26477	-9.61032	-8.34555
BLOCK00/SES001/SA001S14	SES206	-1.24608	-9.59163	-8.34555
BLOCK00/SES001/SA001S15	SES062	-1.53604	-8.87913	-7.34308
BLOCK00/SES001/SA001S15	SES104	-1.40815	-8.75123	-7.34308
BLOCK00/SES001/SA001S15	SES106	-1.11299	-8.45607	-7.34308
BLOCK00/SES001/SA001S15	SES206	-2.01272	-9.3558	-7.34308
BLOCK00/SES001/SA001S24	SES062	-0.296223	-8.07967	-7.78345
BLOCK00/SES001/SA001S24	SES082	-0.897578	-8.68102	-7.78345
BLOCK00/SES001/SA001S24	SES087	-0.687274	-8.47072	-7.78345
BLOCK00/SES001/SA001S24	SES206	-0.220982	-8.00443	-7.78345
BLOCK00/SES001/SA001S27	SES062	-0.707762	-6.80474	-6.09698
BLOCK00/SES001/SA001S27	SES082	-0.793561	-6.89054	-6.09698
BLOCK00/SES001/SA001S27	SES087	-0.534852	-6.63183	-6.09698
BLOCK00/SES001/SA001S27	SES206	-1.46428	-7.56126	-6.09698
BLOCK00/SES001/SA001S29	SES062	-1.40906	-9.24221	-7.83315
BLOCK00/SES001/SA001S29	SES082	-0.82952	-8.66267	-7.83315
BLOCK00/SES001/SA001S29	SES158	-0.604352	-8.4375	-7.83315
BLOCK00/SES001/SA001S29	SES206	-1.24854	-9.08169	-7.83315
BLOCK00/SES003/SA003S11	SES002	-0.0872326	-8.2845	-8.19726
BLOCK00/SES003/SA003S11	SES019	-1.45022	-9.64748	-8.19726
BLOCK00/SES003/SA003S11	SES082	-0.417987	-8.61525	-8.19726
BLOCK00/SES003/SA003S11	SES125	-0.795932	-8.9932	-8.19726
BLOCK00/SES003/SA003S15	SES016	-1.11272	-8.45766	-7.34494
BLOCK00/SES003/SA003S15	SES019	-3.29871	-10.6436	-7.34494
BLOCK00/SES003/SA003S15	SES062	0.421049	-6.92389	-7.34494
BLOCK00/SES003/SA003S15	SES206	-0.405129	-7.75007	-7.34494
BLOCK00/SES003/SA003S22	SES002	-0.383298	-7.97187	-7.58857
BLOCK00/SES003/SA003S22	SES062	-0.115223	-7.70379	-7.58857
BLOCK00/SES003/SA003S22	SES082	-0.633492	-8.22206	-7.58857
BLOCK00/SES003/SA003S22	SES087	-0.535124	-8.1237	-7.58857
BLOCK00/SES003/SA003S25	SES062	-1.12349	-9.93181	-8.80832
BLOCK00/SES003/SA003S25	SES082	-1.27323	-10.0815	-8.80832
BLOCK00/SES003/SA003S25	SES087	-1.64474	-10.4531	-8.80832
BLOCK00/SES003/SA003S25	SES206	-1.45632	-10.2646	-8.80832
BLOCK00/SES003/SA003S29	SES002	-0.756746	-8.86432	-8.10757
BLOCK00/SES003/SA003S29	SES062	-1.54956	-9.65714	-8.10757
BLOCK00/SES003/SA003S29	SES082	-1.15714	-9.26471	-8.10757
BLOCK00/SES003/SA003S29	SES087	-1.73339	-9.84097	-8.10757
BLOCK00/SES004/SA004S12	SES083	-1.08458	-8.07037	-6.98579
BLOCK00/SES004/SA004S12	SES148	-1.11547	-8.10126	-6.98579
BLOCK00/SES004/SA004S12	SES172	0.0599294	-6.92586	-6.98579
BLOCK00/SES004/SA004S12	SES292	-1.10346	-8.08925	-6.98579
BLOCK00/SES004/SA004S17	SES083	-1.01801	-8.32038	-7.30237
BLOCK00/SES004/SA004S17	SES162	-0.827558	-8.12993	-7.30237
BLOCK00/SES004/SA004S17	SES172	-0.535686	-7.83805	-7.30237
BLOCK00/SES004/SA004S17	SES292	-1.04701	-8.34938	-7.30237
BLOCK00/SES004/SA004S24	SES083	-0.824895	-7.88359	-7.0587
BLOCK00/SES004/SA004S24	SES148	-1.53426	-8.59296	-7.0587
BLOCK00/SES004/SA004S24	SES172	-0.187149	-7.24585	-7.0587
BLOCK00/SES004/SA004S24	SES292	-0.538234	-7.59693	-7.0587
BLOCK00/SES004/SA004S26	SES083	-1.60376	-9.19451	-7.59074
BLOCK00/SES004/SA004S26	SES127	-0.676893	-8.26764	-7.59074
BLOCK00/SES004/SA004S26	SES148	-2.48191	-10.0727	-7.59074
BLOCK00/SES004/SA004S26	SES292	-1.94315	-9.53389	-7.59074
BLOCK00/SES004/SA004S28	SES083	-1.00136	-7.96104	-6.95968
BLOCK00/SES004/SA004S28	SES127	-0.126654	-7.08633	-6.95968
BLOCK00/SES004/SA004S28	SES187	-0.256473	-7.21615	-6.95968
BLOCK00/SES004/SA004S28	SES292	-1.43166	-8.39134	-6.95968
BLOCK00/SES006/SA006S10	SES014	-0.930212	-10.401	-9.47082
BLOCK00/SES006/SA006S10	SES158	-0.762986	-10.2338	-9.47082
BLOCK00/SES006/SA006S10	SES226	-2.47965	-11.9505	-9.47082
BLOCK00/SES006/SA006S10	SES270	0.11025	-9.36057	-9.47082
BLOCK00/SES006/SA006S11	SES158	-1.17879	-10.2222	-9.04336
BLOCK00/SES006/SA006S11	SES226	-1.65493	-10.6983	-9.04336
BLOCK00/SES006/SA006S11	SES270	0.0470304	-8.99633	-9.04336
BLOCK00/SES006/SA006S11	SES275	-1.52372	-10.5671	-9.04336
BLOCK00/SES006/SA006S23	SES062	-3.35528	-12.2389	-8.88364
BLOCK00/SES006/SA006S23	SES105	-3.7455	-12.6291	-8.88364
BLOCK00/SES006/SA006S23	SES158	-1.54173	-10.4254	-8.88364
BLOCK00/SES006/SA006S23	SES275	-2.74287	-11.6265	-8.88364
BLOCK00/SES006/SA006S26	SES104	-2.20111	-11.38	-9.17891
BLOCK00/SES006/SA006S26	SES158	-1.45321	-10.6321	-9.17891
BLOCK00/SES006/SA006S26	SES270	-0.178562	-9.35748	-9.17891
BLOCK00/SES006/SA006S26	SES275	-1.88344	-11.0624	-9.17891
BLOCK00/SES006/SA006S28	SES007	-1.93635	-11.3767	-9.44036
BLOCK00/SES006/SA006S28	SES105	-2.76312	-12.2035	-9.44036
BLOCK00/SES006/SA006S28	SES158	-1.00761	-10.448	-9.44036
BLOCK00/SES006/SA006S28	SES275	-1.79532	-11.2357	-9.44036
BLOCK00/SES009/SA009S12	SES083	-1.95751	-9.63218	-7.67467
BLOCK00/SES009/SA009S12	SES148	-1.89471	-9.56938	-7.67467
BLOCK00/SES009/SA009S12	SES177	-0.63198	-8.30665	-7.67467
BLOCK00/SES009/SA009S12	SES292	-0.703194	-8.37787	-7.67467
BLOCK00/SES009/SA009S15	SES007	0.156216	-7.24228	-7.3985
BLOCK00/SES009/SA009S15	SES099	-3.15254	-10.551	-7.3985
BLOCK00/SES009/SA009S15	SES148	-1.02712	-8.42562	-7.3985
BLOCK00/SES009/SA009S15	SES172	-0.547436	-7.94593	-7.3985
BLOCK00/SES009/SA009S24	SES146	-0.616027	-8.50852	-7.89249
BLOCK00/SES009/SA009S24	SES148	-1.9286	-9.8211	-7.89249
BLOCK00/SES009/SA009S24	SES177	-0.604649	-8.49714	-7.89249
BLOCK00/SES009/SA009S24	SES292	-0.709978	-8.60247	-7.89249
BLOCK00/SES009/SA009S26	SES083	-1.76403	-9.42193	-7.65791
BLOCK00/SES009/SA009S26	SES101	-1.76671	-9.42461	-7.65791
BLOCK00/SES009/SA009S26	SES120	-0.480055	-8.13796	-7.65791
BLOCK00/SES009/SA009S26	SES177	-1.00128	-8.65918	-7.65791
BLOCK00/SES009/SA009S29	SES083	-1.57472	-9.17128	-7.59656
BLOCK00/SES009/SA009S29	SES101	-1.26613	-8.86269	-7.59656
BLOCK00/SES009/SA009S29	SES177	-0.669499	-8.26606	-7.59656
BLOCK00/SES009/SA009S29	SES292	-1.04807	-8.64463	-7.59656
BLOCK01/SES011/SA011S10	SES019	-3.98976	-13.1904	-9.20065
BLOCK01/SES011/SA011S10	SES042	1.08173	-8.11892	-9.20065
BLOCK01/SES011/SA011S10	SES082	-0.525852	-9.7265	-9.20065
BLOCK01/SES011/SA011S10	SES206	-0.182746	-9.3834	-9.20065
BLOCK01/SES011/SA011S11	SES019	-2.635	-11.3625	-8.72751
BLOCK01/SES011/SA011S11	SES042	0.499035	-8.22847	-8.72751
BLOCK01/SES011/SA011S11	SES082	-0.768195	-9.4957	-8.72751
BLOCK01/SES011/SA011S11	SES206	-1.08032	-9.80783	-8.72751
BLOCK01/SES011/SA011S22	SES019	-2.31134	-11.2706	-8.95928
BLOCK01/SES011/SA011S22	SES042	0.713367	-8.24591	-8.95928
BLOCK01/SES011/SA011S22	SES082	-0.820075	-9.77936	-8.95928
BLOCK01/SES011/SA011S22	SES206	-0.842357	-9.80164	-8.95928
BLOCK01/SES011/SA011S24	SES019	-2.94312	-11.265	-8.32188
BLOCK01/SES011/SA011S24	SES042	1.12114	-7.20074	-8.32188
BLOCK01/SES011/SA011S24	SES104	0.327691	-7.99418	-8.32188
BLOCK01/SES011/SA011S24	SES206	0.0521889	-8.26969	-8.32188
BLOCK01/SES011/SA011S27	SES082	-0.0682878	-8.34022	-8.27193
BLOCK01/SES011/SA011S27	SES087	-1.35994	-9.63187	-8.27193
BLOCK01/SES011/SA011S27	SES125	0.128491	-8.14344	-8.27193
BLOCK01/SES011/SA011S27	SES206	-0.309938	-8.58187	-8.27193
BLOCK01/SES012/SA012S11	SES007	0.530841	-6.79824	-7.32909
BLOCK01/SES012/SA012S11	SES082	0.114223	-7.21486	-7.32909
BLOCK01/SES012/SA012S11	SES083	-0.7746	-8.10369	-7.32909
BLOCK01/SES012/SA012S11	SES206	-0.102859	-7.43195	-7.32909
BLOCK01/SES012/SA012S14	SES082	0.255495	-8.32049	-8.57598
BLOCK01/SES012/SA012S14	SES087	-0.860602	-9.43658	-8.57598
BLOCK01/SES012/SA012S14	SES206	0.235159	-8.34082	-8.57598
BLOCK01/SES012/SA012S14	SES292	-0.367752	-8.94373	-8.57598
BLOCK01/SES012/SA012S24	SES082	0.0575294	-8.96724	-9.02477
BLOCK01/SES012/SA012S24	SES087	-0.859591	-9.88436	-9.02477
BLOCK01/SES012/SA012S24	SES120	-1.18228	-10.207	-9.02477
BLOCK01/SES012/SA012S24	SES206	-0.385354	-9.41012	-9.02477
BLOCK01/SES012/SA012S26	SES019	-5.91157	-15.2075	-9.29592
BLOCK01/SES012/SA012S26	SES082	-0.238173	-9.53409	-9.29592
BLOCK01/SES012/SA012S26	SES206	1.1112	-8.18472	-9.29592
BLOCK01/SES012/SA012S26	SES292	0.217308	-9.07861	-9.29592
BLOCK01/SES012/SA012S29	SES062	-0.432323	-7.45573	-7.02341
BLOCK01/SES012/SA012S29	SES082	0.481946	-6.54146	-7.02341
BLOCK01/SES012/SA012S29	SES083	-1.14299	-8.1664	-7.02341
BLOCK01/SES012/SA012S29	SES206	0.354332	-6.66908	-7.02341
BLOCK01/SES013/SA013S16	SES062	-2.19672	-11.4866	-9.28992
BLOCK01/SES013/SA013S16	SES106	-1.04269	-10.3326	-9.28992
BLOCK01/SES013/SA013S16	SES206	-1.05921	-10.3491	-9.28992
BLOCK01/SES013/SA013S16	SES226	-0.642801	-9.93272	-9.28992
BLOCK01/SES013/SA013S17	SES062	-0.760031	-8.8918	-8.13177
BLOCK01/SES013/SA013S17	SES106	-1.45543	-9.5872	-8.13177
BLOCK01/SES013/SA013S17	SES206	-0.604939	-8.73671	-8.13177
BLOCK01/SES013/SA013S17	SES226	-0.542423	-8.6742	-8.13177
BLOCK01/SES013/SA013S23	SES104	-0.436496	-9.83514	-9.39865
BLOCK01/SES013/SA013S23	SES106	-0.00886726	-9.40751	-9.39865
BLOCK01/SES013/SA013S23	SES206	-1.47987	-10.8785	-9.39865
BLOCK01/SES013/SA013S23	SES270	-0.449747	-9.84839	-9.39865
BLOCK01/SES013/SA013S25	SES042	-1.98264	-10.7439	-8.76123
BLOCK01/SES013/SA013S25	SES104	-0.0381346	-8.79937	-8.76123
BLOCK01/SES013/SA013S25	SES106	-0.173869	-8.9351	-8.76123
BLOCK01/SES013/SA013S25	SES206	-1.24072	-10.002	-8.76123
BLOCK01/SES013/SA013S29	SES062	-2.08142	-10.887	-8.80553
BLOCK01/SES013/SA013S29	SES104	-0.8939	-9.69943	-8.80553
BLOCK01/SES013/SA013S29	SES106	-0.580179	-9.38571	-8.80553
BLOCK01/SES013/SA013S29	SES206	-2.54035	-11.3459	-8.80553
BLOCK02/SES021/SA021S13	SES016	-2.16035	-9.89566	-7.73531
BLOCK02/SES021/SA021S13	SES029	-0.934556	-8.66986	-7.73531
BLOCK02/SES021/SA021S13	SES087	-2.3971	-10.1324	-7.73531
BLOCK02/SES021/SA021S13	SES206	-1.87008	-9.60539	-7.73531
BLOCK02/SES021/SA021S15	SES087	-0.653244	-8.29648	-7.64323
BLOCK02/SES021/SA021S15	SES125	-0.833787	-8.47702	-7.64323
BLOCK02/SES021/SA021S15	SES206	-0.844121	-8.48736	-7.64323
BLOCK02/SES021/SA021S15	SES226	-0.998717	-8.64195	-7.64323
BLOCK02/SES021/SA021S23	SES062	-1.59528	-10.4189	-8.82358
BLOCK02/SES021/SA021S23	SES087	-0.480667	-9.30425	-8.82358
BLOCK02/SES021/SA021S23	SES206	-1.02544	-9.84902	-8.82358
BLOCK02/SES021/SA021S23	SES226	-0.904134	-9.72772	-8.82358
BLOCK02/SES021/SA021S27	SES002	-0.309949	-7.66027	-7.35032
BLOCK02/SES021/SA021S27	SES016	-2.83243	-10.1828	-7.35032
BLOCK02/SES021/SA021S27	SES019	-1.55925	-8.90957	-7.35032
BLOCK02/SES021/SA021S27	SES062	-0.88713	-8.23745	-7.35032
BLOCK02/SES021/SA021S29	SES087	-1.16498	-9.3756	-8.21062
BLOCK02/SES021/SA021S29	SES125	-1.57697	-9.78759	-8.21062
BLOCK02/SES021/SA021S29	SES206	-0.680013	-8.89063	-8.21062
BLOCK02/SES021/SA021S29	SES226	-1.35621	-9.56683	-8.21062
BLOCK04/SES043/SA043S09	SES083	-0.210865	-8.67763	-8.46677
BLOCK04/SES043/SA043S09	SES101	-0.389998	-8.85677	-8.46677
BLOCK04/SES043/SA043S09	SES144	-0.0332928	-8.50006	-8.46677
BLOCK04/SES043/SA043S09	SES172	-1.18441	-9.65118	-8.46677
BLOCK04/SES043/SA043S11	SES083	-0.193417	-7.38253	-7.18912
BLOCK04/SES043/SA043S11	SES101	-0.42888	-7.618	-7.18912
BLOCK04/SES043/SA043S11	SES144	-0.302983	-7.4921	-7.18912
BLOCK04/SES043/SA043S11	SES172	-0.904914	-8.09403	-7.18912
BLOCK04/SES043/SA043S23	SES083	-0.407661	-8.11133	-7.70367
BLOCK04/SES043/SA043S23	SES144	-0.445073	-8.14874	-7.70367
BLOCK04/SES043/SA043S23	SES177	-0.950386	-8.65405	-7.70367
BLOCK04/SES043/SA043S23	SES275	-0.884483	-8.58815	-7.70367
BLOCK04/SES043/SA043S26	SES083	-0.993632	-9.74958	-8.75595
BLOCK04/SES043/SA043S26	SES101	-0.765635	-9.52158	-8.75595
BLOCK04/SES043/SA043S26	SES144	-0.296875	-9.05282	-8.75595
BLOCK04/SES043/SA043S26	SES177	-1.22533	-9.98127	-8.75595
BLOCK04/SES043/SA043S28	SES016	-1.31385	-9.34802	-8.03417
BLOCK04/SES043/SA043S28	SES083	-0.388193	-8.42236	-8.03417
BLOCK04/SES043/SA043S28	SES101	-0.396107	-8.43028	-8.03417
BLOCK04/SES043/SA043S28	SES144	-0.499244	-8.53341	-8.03417
BLOCK04/SES044/SA044S10	SES127	-2.48551	-10.9868	-8.50134
BLOCK04/SES044/SA044S10	SES144	-0.127277	-8.62861	-8.50134
BLOCK04/SES044/SA044S10	SES147	-2.70765	-11.209	-8.50134
BLOCK04/SES044/SA044S10	SES148	-2.473	-10.9743	-8.50134
BLOCK04/SES044/SA044S11	SES101	-0.223016	-8.00509	-7.78207
BLOCK04/SES044/SA044S11	SES144	-0.142447	-7.92452	-7.78207
BLOCK04/SES044/SA044S11	SES147	-1.9986	-9.78067	-7.78207
BLOCK04/SES044/SA044S11	SES177	-1.19921	-8.98128	-7.78207
BLOCK04/SES044/SA044S24	SES007	-2.06795	-10.0887	-8.02079
BLOCK04/SES044/SA044S24	SES101	0.058959	-7.96183	-8.02079
BLOCK04/SES044/SA044S24	SES147	-1.45516	-9.47595	-8.02079
BLOCK04/SES044/SA044S24	SES177	-0.385035	-8.40583	-8.02079
BLOCK04/SES044/SA044S26	SES007	-1.21605	-8.62943	-7.41338
BLOCK04/SES044/SA044S26	SES016	-0.743053	-8.15644	-7.41338
BLOCK04/SES044/SA044S26	SES101	-0.270899	-7.68428	-7.41338
BLOCK04/SES044/SA044S26	SES147	-0.434292	-7.84768	-7.41338
BLOCK04/SES044/SA044S29	SES007	-1.76027	-9.06092	-7.30065
BLOCK04/SES044/SA044S29	SES101	-0.181739	-7.48239	-7.30065
BLOCK04/SES044/SA044S29	SES147	-0.769488	-8.07014	-7.30065
BLOCK04/SES044/SA044S29	SES177	-1.90753	-9.20818	-7.30065
BLOCK04/SES046/SA046S13	SES101	-0.405377	-9.22506	-8.81969
BLOCK04/SES046/SA046S13	SES144	-0.291532	-9.11122	-8.81969
BLOCK04/SES046/SA046S13	SES147	-2.05337	-10.8731	-8.81969
BLOCK04/SES046/SA046S13	SES177	-1.41327	-10.233	-8.81969
BLOCK04/SES046/SA046S15	SES048	-0.692138	-6.91958	-6.22744
BLOCK04/SES046/SA046S15	SES083	-1.15358	-7.38102	-6.22744
BLOCK04/SES046/SA046S15	SES120	-2.46587	-8.69331	-6.22744
BLOCK04/SES046/SA046S15	SES148	-1.16295	-7.39039	-6.22744
BLOCK04/SES046/SA046S22	SES101	-0.209718	-8.27417	-8.06445
BLOCK04/SES046/SA046S22	SES144	-0.113542	-8.17799	-8.06445
BLOCK04/SES046/SA046S22	SES147	-1.50699	-9.57144	-8.06445
BLOCK04/SES046/SA046S22	SES172	-0.353698	-8.41815	-8.06445
BLOCK04/SES046/SA046S25	SES083	-0.800141	-8.21249	-7.41235
BLOCK04/SES046/SA046S25	SES127	-1.40802	-8.82037	-7.41235
BLOCK04/SES046/SA046S25	SES144	-0.57209	-7.98444	-7.41235
BLOCK04/SES046/SA046S25	SES148	-1.66673	-9.07908	-7.41235
BLOCK04/SES046/SA046S28	SES007	-1.38429	-8.79825	-7.41396
BLOCK04/SES046/SA046S28	SES105	-1.45491	-8.86887	-7.41396
BLOCK04/SES046/SA046S28	SES147	-0.559253	-7.97321	-7.41396
BLOCK04/SES046/SA046S28	SES148	-1.74002	-9.15398	-7.41396
BLOCK04/SES049/SA049S16	SES104	-0.893055	-10.2814	-9.38837
BLOCK04/SES049/SA049S16	SES106	-1.96522	-11.3536	-9.38837
BLOCK04/SES049/SA049S16	SES120	-1.20907	-10.5974	-9.38837
BLOCK04/SES049/SA049S16	SES206	-1.76031	-11.1487	-9.38837
BLOCK04/SES049/SA049S18	SES099	0.200466	-8.62942	-8.82989
BLOCK04/SES049/SA049S18	SES104	-0.95941	-9.7893	-8.82989
BLOCK04/SES049/SA049S18	SES125	-1.20041	-10.0303	-8.82989
BLOCK04/SES049/SA049S18	SES206	-1.5838	-10.4137	-8.82989
BLOCK04/SES049/SA049S25	SES087	-1.58607	-11.2482	-9.66217
BLOCK04/SES049/SA049S25	SES104	-0.633505	-10.2957	-9.66217
BLOCK04/SES049/SA049S25	SES125	-1.30992	-10.9721	-9.66217
BLOCK04/SES049/SA049S25	SES206	-1.18484	-10.847	-9.66217
BLOCK04/SES049/SA049S27	SES099	-0.674737	-8.89167	-8.21693
BLOCK04/SES049/SA049S27	SES104	0.176215	-8.04072	-8.21693
BLOCK04/SES049/SA049S27	SES125	-0.897932	-9.11486	-8.21693
BLOCK04/SES049/SA049S27	SES206	-1.67901	-9.89594	-8.21693
BLOCK04/SES049/SA049S29	SES099	-0.352704	-8.05772	-7.70502
BLOCK04/SES049/SA049S29	SES104	-0.358389	-8.06341	-7.70502
BLOCK04/SES049/SA049S29	SES125	-0.807079	-8.5121	-7.70502
BLOCK04/SES049/SA049S29	SES206	-1.71212	-9.41714	-7.70502
BLOCK06/SES063/SA063S09	SES068	-2.53814	-11.7042	-9.16607
BLOCK06/SES063/SA063S09	SES083	-0.973344	-10.1394	-9.16607
BLOCK06/SES063/SA063S09	SES177	-1.2012	-10.3673	-9.16607
BLOCK06/SES063/SA063S09	SES187	-1.40127	-10.5673	-9.16607
BLOCK06/SES063/SA063S10	SES068	-1.17491	-9.96916	-8.79425
BLOCK06/SES063/SA063S10	SES083	-1.23962	-10.0339	-8.79425
BLOCK06/SES063/SA063S10	SES172	-1.07537	-9.86962	-8.79425
BLOCK06/SES063/SA063S10	SES187	-1.25205	-10.0463	-8.79425
BLOCK06/SES063/SA063S20	SES068	-2.06928	-11.0194	-8.95014
BLOCK06/SES063/SA063S20	SES083	-1.48684	-10.437	-8.95014
BLOCK06/SES063/SA063S20	SES172	-0.949559	-9.8997	-8.95014
BLOCK06/SES063/SA063S20	SES187	-1.0781	-10.0282	-8.95014
BLOCK06/SES063/SA063S24	SES029	-2.02434	-11.5403	-9.51599
BLOCK06/SES063/SA063S24	SES083	-0.616411	-10.1324	-9.51599
BLOCK06/SES063/SA063S24	SES177	-0.540498	-10.0565	-9.51599
BLOCK06/SES063/SA063S24	SES189	0.457725	-9.05826	-9.51599
BLOCK06/SES063/SA063S27	SES083	-0.710939	-9.31639	-8.60545
BLOCK06/SES063/SA063S27	SES172	-1.70091	-10.3064	-8.60545
BLOCK06/SES063/SA063S27	SES187	-1.04408	-9.64954	-8.60545
BLOCK06/SES063/SA063S27	SES292	-0.859153	-9.4646	-8.60545
BLOCK06/SES067/SA067S12	SES083	-1.05905	-8.35642	-7.29737
BLOCK06/SES067/SA067S12	SES172	-1.52237	-8.81974	-7.29737
BLOCK06/SES067/SA067S12	SES202	-0.668466	-7.96584	-7.29737
BLOCK06/SES067/SA067S12	SES292	-1.30277	-8.60014	-7.29737
BLOCK06/SES067/SA067S14	SES085	-1.08619	-7.10366	-6.01747
BLOCK06/SES067/SA067S14	SES177	-1.65952	-7.67699	-6.01747
BLOCK06/SES067/SA067S14	SES183	-0.0887823	-6.10625	-6.01747
BLOCK06/SES067/SA067S14	SES202	-0.196379	-6.21385	-6.01747
BLOCK06/SES067/SA067S21	SES144	-1.25249	-9.09016	-7.83766
BLOCK06/SES067/SA067S21	SES177	-1.75759	-9.59525	-7.83766
BLOCK06/SES067/SA067S21	SES183	-1.37038	-9.20804	-7.83766
BLOCK06/SES067/SA067S21	SES189	-1.2498	-9.08747	-7.83766
BLOCK06/SES067/SA067S25	SES085	-1.60982	-8.90922	-7.29939
BLOCK06/SES067/SA067S25	SES177	-0.941241	-8.24064	-7.29939
BLOCK06/SES067/SA067S25	SES183	-0.760089	-8.05948	-7.29939
BLOCK06/SES067/SA067S25	SES202	-1.56332	-8.86271	-7.29939
BLOCK06/SES067/SA067S29	SES085	-2.00872	-10.2423	-8.2336
BLOCK06/SES067/SA067S29	SES177	-1.63808	-9.87168	-8.2336
BLOCK06/SES067/SA067S29	SES183	-0.815981	-9.04958	-8.2336
BLOCK06/SES067/SA067S29	SES202	-0.156738	-8.39034	-8.2336
BLOCK06/SES069/SA069S12	SES029	-1.20921	-8.73771	-7.5285
BLOCK06/SES069/SA069S12	SES082	-0.414519	-7.94302	-7.5285
BLOCK06/SES069/SA069S12	SES087	-1.06521	-8.59371	-7.5285
BLOCK06/SES069/SA069S12	SES206	-0.413436	-7.94193	-7.5285
BLOCK06/SES069/SA069S13	SES029	-1.84135	-9.18165	-7.34031
BLOCK06/SES069/SA069S13	SES087	-1.38324	-8.72354	-7.34031
BLOCK06/SES069/SA069S13	SES206	-1.7873	-9.1276	-7.34031
BLOCK06/SES069/SA069S13	SES226	-0.224891	-7.5652	-7.34031
BLOCK06/SES069/SA069S23	SES029	0.115748	-6.98969	-7.10544
BLOCK06/SES069/SA069S23	SES087	0.453468	-6.65197	-7.10544
BLOCK06/SES069/SA069S23	SES206	-0.807384	-7.91283	-7.10544
BLOCK06/SES069/SA069S23	SES226	-0.00547075	-7.11091	-7.10544
BLOCK06/SES069/SA069S25	SES087	-1.0459	-8.48641	-7.4405
BLOCK06/SES069/SA069S25	SES206	-2.21563	-9.65613	-7.4405
BLOCK06/SES069/SA069S25	SES226	-0.200179	-7.64068	-7.4405
BLOCK06/SES069/SA069S25	SES270	-1.1666	-8.6071	-7.4405
BLOCK06/SES069/SA069S27	SES087	-1.21682	-9.33375	-8.11693
BLOCK06/SES069/SA069S27	SES206	-0.660084	-8.77701	-8.11693
BLOCK06/SES069/SA069S27	SES226	0.0639572	-8.05297	-8.11693
BLOCK06/SES069/SA069S27	SES270	-0.773574	-8.8905	-8.11693
BLOCK08/SES081/SA081S11	SES060	-1.31354	-9.28654	-7.97301
BLOCK08/SES081/SA081S11	SES062	-0.980139	-8.95315	-7.97301
BLOCK08/SES081/SA081S11	SES117	-2.24447	-10.2175	-7.97301
BLOCK08/SES081/SA081S11	SES162	-1.67624	-9.64924	-7.97301
BLOCK08/SES081/SA081S13	SES016	-0.578622	-7.57165	-6.99303
BLOCK08/SES081/SA081S13	SES060	-0.393607	-7.38664	-6.99303
BLOCK08/SES081/SA081S13	SES068	-0.639164	-7.6322	-6.99303
BLOCK08/SES081/SA081S13	SES129	-2.03381	-9.02684	-6.99303
BLOCK08/SES081/SA081S24	SES060	-0.468438	-7.97463	-7.5062
BLOCK08/SES081/SA081S24	SES068	-0.739614	-8.24581	-7.5062
BLOCK08/SES081/SA081S24	SES117	-1.45295	-8.95915	-7.5062
BLOCK08/SES081/SA081S24	SES275	-1.08215	-8.58835	-7.5062
BLOCK08/SES081/SA081S27	SES007	-0.154696	-8.52368	-8.36898
BLOCK08/SES081/SA081S27	SES060	-0.97063	-9.33961	-8.36898
BLOCK08/SES081/SA081S27	SES117	-0.903633	-9.27261	-8.36898
BLOCK08/SES081/SA081S27	SES275	-1.39898	-9.76797	-8.36898
BLOCK08/SES081/SA081S29	SES007	-0.110706	-8.92034	-8.80964
BLOCK08/SES081/SA081S29	SES060	-0.26723	-9.07687	-8.80964
BLOCK08/SES081/SA081S29	SES117	-0.592803	-9.40244	-8.80964
BLOCK08/SES081/SA081S29	SES275	-1.29854	-10.1082	-8.80964
BLOCK08/SES086/SA086S11	SES029	-2.16118	-11.8814	-9.72021
BLOCK08/SES086/SA086S11	SES082	-1.2534	-10.9736	-9.72021
BLOCK08/SES086/SA086S11	SES087	0.0456085	-9.6746	-9.72021
BLOCK08/SES086/SA086S11	SES206	-1.12043	-10.8406	-9.72021
BLOCK08/SES086/SA086S12	SES029	-1.63634	-10.4745	-8.8382
BLOCK08/SES086/SA086S12	SES082	-1.12118	-9.95938	-8.8382
BLOCK08/SES086/SA086S12	SES087	0.548376	-8.28982	-8.8382
BLOCK08/SES086/SA086S12	SES206	-0.43618	-9.27438	-8.8382
BLOCK08/SES086/SA086S20	SES029	-1.82708	-10.0898	-8.26268
BLOCK08/SES086/SA086S20	SES082	-0.943302	-9.20598	-8.26268
BLOCK08/SES086/SA086S20	SES087	0.161716	-8.10096	-8.26268
BLOCK08/SES086/SA086S20	SES206	-0.607647	-8.87033	-8.26268
BLOCK08/SES086/SA086S24	SES087	0.304302	-9.20341	-9.50771
BLOCK08/SES086/SA086S24	SES104	-1.0647	-10.5724	-9.50771
BLOCK08/SES086/SA086S24	SES120	-0.855115	-10.3628	-9.50771
BLOCK08/SES086/SA086S24	SES206	0.0618296	-9.44588	-9.50771
BLOCK08/SES086/SA086S28	SES029	-1.75633	-9.97092	-8.21459
BLOCK08/SES086/SA086S28	SES082	-0.555847	-8.77043	-8.21459
BLOCK08/SES086/SA086S28	SES087	0.198902	-8.01569	-8.21459
BLOCK08/SES086/SA086S28	SES206	-0.100672	-8.31526	-8.21459
BLOCK08/SES089/SA089S13	SES087	-0.673408	-9.54723	-8.87382
BLOCK08/SES089/SA089S13	SES206	-1.63552	-10.5093	-8.87382
BLOCK08/SES089/SA089S13	SES226	-0.825644	-9.69946	-8.87382
BLOCK08/SES089/SA089S13	SES270	-1.40805	-10.2819	-8.87382
BLOCK08/SES089/SA089S14	SES062	-1.02717	-9.28034	-8.25318
BLOCK08/SES089/SA089S14	SES087	-0.21785	-8.47103	-8.25318
BLOCK08/SES089/SA089S14	SES206	-1.55141	-9.80459	-8.25318
BLOCK08/SES089/SA089S14	SES226	-1.3393	-9.59248	-8.25318
BLOCK08/SES089/SA089S23	SES087	-0.828633	-10.7147	-9.88609
BLOCK08/SES089/SA089S23	SES206	-1.71311	-11.5992	-9.88609
BLOCK08/SES089/SA089S23	SES226	-1.43894	-11.325	-9.88609
BLOCK08/SES089/SA089S23	SES270	-3.55422	-13.4403	-9.88609
BLOCK08/SES089/SA089S25	SES062	-0.463694	-9.34146	-8.87776
BLOCK08/SES089/SA089S25	SES087	0.290766	-8.587	-8.87776
BLOCK08/SES089/SA089S25	SES206	-1.51242	-10.3902	-8.87776
BLOCK08/SES089/SA089S25	SES226	-0.546851	-9.42462	-8.87776
BLOCK08/SES089/SA089S28	SES062	-0.383365	-8.93588	-8.55252
BLOCK08/SES089/SA089S28	SES087	0.0740261	-8.47849	-8.55252
BLOCK08/SES089/SA089S28	SES206	-1.20429	-9.75681	-8.55252
BLOCK08/SES089/SA089S28	SES226	-0.532154	-9.08467	-8.55252
BLOCK09/SES097/SA097S11	SES099	-0.543857	-9.62198	-9.07812
BLOCK09/SES097/SA097S11	SES125	-1.63233	-10.7104	-9.07812
BLOCK09/SES097/SA097S11	SES206	-1.48012	-10.5582	-9.07812
BLOCK09/SES097/SA097S11	SES226	0.464621	-8.6135	-9.07812
BLOCK09/SES097/SA097S14	SES062	-2.24754	-10.5544	-8.30689
BLOCK09/SES097/SA097S14	SES099	-0.8745	-9.18139	-8.30689
BLOCK09/SES097/SA097S14	SES104	-0.739284	-9.04617	-8.30689
BLOCK09/SES097/SA097S14	SES206	-1.95187	-10.2588	-8.30689
BLOCK09/SES097/SA097S22	SES099	0.000805855	-8.90415	-8.90496
BLOCK09/SES097/SA097S22	SES206	-1.69435	-10.5993	-8.90496
BLOCK09/SES097/SA097S22	SES226	-0.772404	-9.67736	-8.90496
BLOCK09/SES097/SA097S22	SES270	-0.579085	-9.48404	-8.90496
BLOCK09/SES097/SA097S26	SES099	0.438123	-8.78888	-9.227
BLOCK09/SES097/SA097S26	SES120	-1.6381	-10.8651	-9.227
BLOCK09/SES097/SA097S26	SES206	-2.35449	-11.5815	-9.227
BLOCK09/SES097/SA097S26	SES226	-0.28233	-9.50933	-9.227
BLOCK09/SES097/SA097S28	SES099	-0.0704794	-8.13124	-8.06076
BLOCK09/SES097/SA097S28	SES120	-1.12604	-9.18681	-8.06076
BLOCK09/SES097/SA097S28	SES206	-1.28607	-9.34684	-8.06076
BLOCK09/SES097/SA097S28	SES226	-0.686935	-8.7477	-8.06076
BLOCK09/SES098/SA098S11	SES127	-0.973328	-8.30872	-7.33539
BLOCK09/SES098/SA098S11	SES144	-0.772292	-8.10768	-7.33539
BLOCK09/SES098/SA098S11	SES147	-0.688561	-8.02395	-7.33539
BLOCK09/SES098/SA098S11	SES148	-2.10811	-9.4435	-7.33539
BLOCK09/SES098/SA098S12	SES127	-1.61233	-10.4349	-8.82257
BLOCK09/SES098/SA098S12	SES144	-1.67723	-10.4998	-8.82257
BLOCK09/SES098/SA098S12	SES147	-1.67948	-10.502	-8.82257
BLOCK09/SES098/SA098S12	SES189	-1.54877	-10.3713	-8.82257
BLOCK09/SES098/SA098S20	SES127	-2.58447	-10.9671	-8.38266
BLOCK09/SES098/SA098S20	SES147	-1.57261	-9.95527	-8.38266
BLOCK09/SES098/SA098S20	SES148	-3.31702	-11.6997	-8.38266
BLOCK09/SES098/SA098S20	SES292	-0.798068	-9.18073	-8.38266
BLOCK09/SES098/SA098S23	SES127	-1.71524	-9.83386	-8.11863
BLOCK09/SES098/SA098S23	SES147	-1.62869	-9.74732	-8.11863
BLOCK09/SES098/SA098S23	SES187	-1.06545	-9.18407	-8.11863
BLOCK09/SES098/SA098S23	SES292	-0.950694	-9.06932	-8.11863
BLOCK09/SES098/SA098S27	SES127	-1.91851	-10.0523	-8.13379
BLOCK09/SES098/SA098S27	SES147	-3.07308	-11.2069	-8.13379
BLOCK09/SES098/SA098S27	SES148	-2.82129	-10.9551	-8.13379
BLOCK09/SES098/SA098S27	SES292	-0.818583	-8.95237	-8.13379
BLOCK10/SES102/SA102S13	SES101	-0.241894	-9.37021	-9.12831
BLOCK10/SES102/SA102S13	SES105	-2.31041	-11.4387	-9.12831
BLOCK10/SES102/SA102S13	SES120	-2.81972	-11.948	-9.12831
BLOCK10/SES102/SA102S13	SES158	-1.55844	-10.6868	-9.12831
BLOCK10/SES102/SA102S14	SES007	0.457691	-6.30125	-6.75894
BLOCK10/SES102/SA102S14	SES101	-0.197823	-6.95676	-6.75894
BLOCK10/SES102/SA102S14	SES105	-0.647576	-7.40652	-6.75894
BLOCK10/SES102/SA102S14	SES147	-1.52307	-8.28201	-6.75894
BLOCK10/SES102/SA102S22	SES007	-1.18681	-8.65353	-7.46671
BLOCK10/SES102/SA102S22	SES101	-0.327661	-7.79437	-7.46671
BLOCK10/SES102/SA102S22	SES105	-1.0169	-8.48362	-7.46671
BLOCK10/SES102/SA102S22	SES158	-1.80805	-9.27476	-7.46671
BLOCK10/SES102/SA102S25	SES007	-0.127309	-7.53357	-7.40626
BLOCK10/SES102/SA102S25	SES101	-0.02666	-7.43292	-7.40626
BLOCK10/SES102/SA102S25	SES105	-0.96178	-8.36804	-7.40626
BLOCK10/SES102/SA102S25	SES147	-2.1035	-9.50976	-7.40626
BLOCK10/SES102/SA102S27	SES007	-0.471981	-8.08795	-7.61597
BLOCK10/SES102/SA102S27	SES101	-0.0761642	-7.69214	-7.61597
BLOCK10/SES102/SA102S27	SES105	-2.10199	-9.71796	-7.61597
BLOCK10/SES102/SA102S27	SES147	-2.2537	-9.86968	-7.61597
BLOCK10/SES103/SA103S14	SES105	-1.67461	-10.6234	-8.94882
BLOCK10/SES103/SA103S14	SES106	-1.13839	-10.0872	-8.94882
BLOCK10/SES103/SA103S14	SES120	-2.23027	-11.1791	-8.94882
BLOCK10/SES103/SA103S14	SES206	-1.29044	-10.2393	-8.94882
BLOCK10/SES103/SA103S15	SES099	-2.32615	-12.0743	-9.74814
BLOCK10/SES103/SA103S15	SES101	-2.49431	-12.2425	-9.74814
BLOCK10/SES103/SA103S15	SES104	-1.3433	-11.0914	-9.74814
BLOCK10/SES103/SA103S15	SES125	-1.72691	-11.475	-9.74814
BLOCK10/SES103/SA103S24	SES104	-0.856596	-9.70247	-8.84588
BLOCK10/SES103/SA103S24	SES125	-2.39583	-11.2417	-8.84588
BLOCK10/SES103/SA103S24	SES148	-2.19436	-11.0402	-8.84588
BLOCK10/SES103/SA103S24	SES158	-1.34033	-10.1862	-8.84588
BLOCK10/SES103/SA103S26	SES104	-0.64838	-9.34009	-8.6917
BLOCK10/SES103/SA103S26	SES106	-1.13198	-9.82369	-8.6917
BLOCK10/SES103/SA103S26	SES125	-0.965501	-9.65721	-8.6917
BLOCK10/SES103/SA103S26	SES148	-2.00358	-10.6953	-8.6917
BLOCK10/SES103/SA103S28	SES104	-0.226416	-9.2972	-9.07078
BLOCK10/SES103/SA103S28	SES106	-1.15329	-10.2241	-9.07078
BLOCK10/SES103/SA103S28	SES125	-1.66248	-10.7333	-9.07078
BLOCK10/SES103/SA103S28	SES206	-1.68651	-10.7573	-9.07078
BLOCK12/SES121/SA121S12	SES042	-0.975278	-9.74923	-8.77395
BLOCK12/SES121/SA121S12	SES087	-1.07112	-9.84507	-8.77395
BLOCK12/SES121/SA121S12	SES105	-0.763252	-9.5372	-8.77395
BLOCK12/SES121/SA121S12	SES206	-0.498854	-9.2728	-8.77395
BLOCK12/SES121/SA121S14	SES007	-2.44005	-13.2012	-10.7611
BLOCK12/SES121/SA121S14	SES105	-3.81382	-14.575	-10.7611
BLOCK12/SES121/SA121S14	SES106	-0.983637	-11.7448	-10.7611
BLOCK12/SES121/SA121S14	SES206	-1.4259	-12.187	-10.7611
BLOCK12/SES121/SA121S23	SES105	-3.21455	-13.5311	-10.3165
BLOCK12/SES121/SA121S23	SES106	-0.995256	-11.3118	-10.3165
BLOCK12/SES121/SA121S23	SES120	-2.08854	-12.4051	-10.3165
BLOCK12/SES121/SA121S23	SES206	-0.315731	-10.6323	-10.3165
BLOCK12/SES121/SA121S25	SES007	-1.43043	-12.3149	-10.8845
BLOCK12/SES121/SA121S25	SES105	-4.17742	-15.0619	-10.8845
BLOCK12/SES121/SA121S25	SES106	-0.422809	-11.3073	-10.8845
BLOCK12/SES121/SA121S25	SES206	-1.12325	-12.0077	-10.8845
BLOCK12/SES121/SA121S27	SES087	0.722184	-9.86759	-10.5898
BLOCK12/SES121/SA121S27	SES105	-4.34672	-14.9365	-10.5898
BLOCK12/SES121/SA121S27	SES120	-0.24425	-10.834	-10.5898
BLOCK12/SES121/SA121S27	SES206	-0.344814	-10.9346	-10.5898
BLOCK12/SES124/SA124S16	SES042	-0.396633	-7.38362	-6.98699
BLOCK12/SES124/SA124S16	SES082	-0.784253	-7.77124	-6.98699
BLOCK12/SES124/SA124S16	SES183	-1.3718	-8.35879	-6.98699
BLOCK12/SES124/SA124S16	SES206	-0.848936	-7.83592	-6.98699
BLOCK12/SES124/SA124S17	SES105	-1.28493	-9.48068	-8.19575
BLOCK12/SES124/SA124S17	SES149	-1.36305	-9.5588	-8.19575
BLOCK12/SES124/SA124S17	SES158	-1.48264	-9.67839	-8.19575
BLOCK12/SES124/SA124S17	SES275	-1.31478	-9.51052	-8.19575
BLOCK12/SES124/SA124S23	SES105	-1.8855	-8.38493	-6.49943
BLOCK12/SES124/SA124S23	SES125	0.463641	-6.03579	-6.49943
BLOCK12/SES124/SA124S23	SES129	-2.10118	-8.60061	-6.49943
BLOCK12/SES124/SA124S23	SES158	-0.862625	-7.36206	-6.49943
BLOCK12/SES124/SA124S26	SES105	-1.61963	-9.49157	-7.87194
BLOCK12/SES124/SA124S26	SES125	-0.258949	-8.13089	-7.87194
BLOCK12/SES124/SA124S26	SES129	-1.9619	-9.83384	-7.87194
BLOCK12/SES124/SA124S26	SES158	-0.638133	-8.51007	-7.87194
BLOCK12/SES124/SA124S28	SES104	-0.354779	-7.30251	-6.94773
BLOCK12/SES124/SA124S28	SES106	-1.05941	-8.00714	-6.94773
BLOCK12/SES124/SA124S28	SES125	-0.22878	-7.17651	-6.94773
BLOCK12/SES124/SA124S28	SES275	-1.37246	-8.32019	-6.94773
BLOCK12/SES126/SA126S13	SES007	-0.708791	-8.77664	-8.06785
BLOCK12/SES126/SA126S13	SES162	-1.39092	-9.45878	-8.06785
BLOCK12/SES126/SA126S13	SES177	-0.822892	-8.89075	-8.06785
BLOCK12/SES126/SA126S13	SES180	-1.20783	-9.27569	-8.06785
BLOCK12/SES126/SA126S14	SES144	-0.468933	-7.92767	-7.45873
BLOCK12/SES126/SA126S14	SES148	-1.3847	-8.84344	-7.45873
BLOCK12/SES126/SA126S14	SES177	-1.00096	-8.45969	-7.45873
BLOCK12/SES126/SA126S14	SES180	-1.07077	-8.5295	-7.45873
BLOCK12/SES126/SA126S20	SES007	-0.887906	-7.59426	-6.70635
BLOCK12/SES126/SA126S20	SES162	-1.42108	-8.12743	-6.70635
BLOCK12/SES126/SA126S20	SES172	-1.54598	-8.25233	-6.70635
BLOCK12/SES126/SA126S20	SES180	-1.04192	-7.74828	-6.70635
BLOCK12/SES126/SA126S24	SES120	-0.261062	-7.74109	-7.48003
BLOCK12/SES126/SA126S24	SES162	-1.21426	-8.69429	-7.48003
BLOCK12/SES126/SA126S24	SES177	-0.23672	-7.71675	-7.48003
BLOCK12/SES126/SA126S24	SES180	-0.3351	-7.81513	-7.48003
BLOCK12/SES126/SA126S26	SES120	-0.156401	-8.02244	-7.86604
BLOCK12/SES126/SA126S26	SES177	-0.734891	-8.60093	-7.86604
BLOCK12/SES126/SA126S26	SES180	-0.537139	-8.40318	-7.86604
BLOCK12/SES126/SA126S26	SES202	-0.996294	-8.86233	-7.86604
BLOCK12/SES128/SA128S10	SES087	-1.68661	-10.1856	-8.49896
BLOCK12/SES128/SA128S10	SES206	-0.435266	-8.93423	-8.49896
BLOCK12/SES128/SA128S10	SES226	0.0671206	-8.43184	-8.49896
BLOCK12/SES128/SA128S10	SES270	-0.104213	-8.60317	-8.49896
BLOCK12/SES128/SA128S12	SES120	-0.0432043	-8.50419	-8.46099
BLOCK12/SES128/SA128S12	SES158	-0.0634089	-8.52439	-8.46099
BLOCK12/SES128/SA128S12	SES206	0.0409727	-8.42001	-8.46099
BLOCK12/SES128/SA128S12	SES226	-1.10306	-9.56405	-8.46099
BLOCK12/SES128/SA128S21	SES106	-1.42904	-9.54949	-8.12045
BLOCK12/SES128/SA128S21	SES120	-0.637789	-8.75824	-8.12045
BLOCK12/SES128/SA128S21	SES206	-0.704376	-8.82483	-8.12045
BLOCK12/SES128/SA128S21	SES226	0.366542	-7.75391	-8.12045
BLOCK12/SES128/SA128S24	SES087	-1.16536	-9.82701	-8.66165
BLOCK12/SES128/SA128S24	SES120	-0.790585	-9.45224	-8.66165
BLOCK12/SES128/SA128S24	SES206	-0.396567	-9.05822	-8.66165
BLOCK12/SES128/SA128S24	SES226	-1.16036	-9.82201	-8.66165
BLOCK12/SES128/SA128S27	SES099	0.0430369	-7.64224	-7.68528
BLOCK12/SES128/SA128S27	SES120	-0.0765238	-7.7618	-7.68528
BLOCK12/SES128/SA128S27	SES206	-0.517974	-8.20325	-7.68528
BLOCK12/SES128/SA128S27	SES226	-0.654109	-8.33939	-7.68528
BLOCK13/SES130/SA130S13	SES143	-0.695555	-9.3875	-8.69194
BLOCK13/SES130/SA130S13	SES144	-0.114942	-8.80689	-8.69194
BLOCK13/SES130/SA130S13	SES146	-1.72745	-10.4194	-8.69194
BLOCK13/SES130/SA130S13	SES275	-2.88683	-11.5788	-8.69194
BLOCK13/SES130/SA130S15	SES143	-1.0445	-8.45397	-7.40947
BLOCK13/SES130/SA130S15	SES144	0.135932	-7.27354	-7.40947
BLOCK13/SES130/SA130S15	SES146	-0.766746	-8.17622	-7.40947
BLOCK13/SES130/SA130S15	SES275	-1.11308	-8.52255	-7.40947
BLOCK13/SES130/SA130S23	SES127	-0.777582	-8.96782	-8.19024
BLOCK13/SES130/SA130S23	SES144	-0.309962	-8.5002	-8.19024
BLOCK13/SES130/SA130S23	SES146	-0.839382	-9.02962	-8.19024
BLOCK13/SES130/SA130S23	SES162	-0.879346	-9.06958	-8.19024
BLOCK13/SES130/SA130S25	SES127	-0.821898	-7.64301	-6.82111
BLOCK13/SES130/SA130S25	SES144	-0.281279	-7.10239	-6.82111
BLOCK13/SES130/SA130S25	SES146	-0.643694	-7.4648	-6.82111
BLOCK13/SES130/SA130S25	SES275	-1.2183	-8.03941	-6.82111
BLOCK13/SES130/SA130S28	SES127	-0.389251	-8.4465	-8.05725
BLOCK13/SES130/SA130S28	SES144	-0.624541	-8.68179	-8.05725
BLOCK13/SES130/SA130S28	SES146	-0.38494	-8.44219	-8.05725
BLOCK13/SES130/SA130S28	SES275	-0.850113	-8.90736	-8.05725
BLOCK13/SES131/SA131S13	SES002	-1.04805	-9.88464	-8.8366
BLOCK13/SES131/SA131S13	SES007	-1.2123	-10.0489	-8.8366
BLOCK13/SES131/SA131S13	SES099	0.0375538	-8.79904	-8.8366
BLOCK13/SES131/SA131S13	SES105	-1.00201	-9.83861	-8.8366
BLOCK13/SES131/SA131S14	SES104	-0.188977	-6.86708	-6.67811
BLOCK13/SES131/SA131S14	SES106	-1.74998	-8.42809	-6.67811
BLOCK13/SES131/SA131S14	SES125	-0.895689	-7.57379	-6.67811
BLOCK13/SES131/SA131S14	SES148	0.206515	-6.47159	-6.67811
BLOCK13/SES131/SA131S20	SES104	-1.02699	-10.1184	-9.09145
BLOCK13/SES131/SA131S20	SES106	-1.47963	-10.5711	-9.09145
BLOCK13/SES131/SA131S20	SES125	-1.27611	-10.3676	-9.09145
BLOCK13/SES131/SA131S20	SES148	-1.47159	-10.563	-9.09145
BLOCK13/SES131/SA131S22	SES099	-0.371737	-7.59701	-7.22528
BLOCK13/SES131/SA131S22	SES104	-0.776091	-8.00137	-7.22528
BLOCK13/SES131/SA131S22	SES125	-0.529711	-7.75499	-7.22528
BLOCK13/SES131/SA131S22	SES206	-0.84313	-8.06841	-7.22528
BLOCK13/SES131/SA131S29	SES087	-1.11765	-10.1765	-9.05887
BLOCK13/SES131/SA131S29	SES104	-1.41914	-10.478	-9.05887
BLOCK13/SES131/SA131S29	SES125	-2.61096	-11.6698	-9.05887
BLOCK13/SES131/SA131S29	SES206	-1.88203	-10.9409	-9.05887
BLOCK13/SES132/SA132S11	SES083	-1.49838	-9.36297	-7.86459
BLOCK13/SES132/SA132S11	SES120	-0.220624	-8.08521	-7.86459
BLOCK13/SES132/SA132S11	SES127	-1.77589	-9.64047	-7.86459
BLOCK13/SES132/SA132S11	SES275	-1.34058	-9.20516	-7.86459
BLOCK13/SES132/SA132S12	SES083	-1.79643	-9.07588	-7.27945
BLOCK13/SES132/SA132S12	SES143	-2.28251	-9.56196	-7.27945
BLOCK13/SES132/SA132S12	SES144	-0.864065	-8.14352	-7.27945
BLOCK13/SES132/SA132S12	SES148	-1.66972	-8.94917	-7.27945
BLOCK13/SES132/SA132S22	SES062	-0.591671	-8.469	-7.87733
BLOCK13/SES132/SA132S22	SES083	-1.86974	-9.74707	-7.87733
BLOCK13/SES132/SA132S22	SES127	-1.83035	-9.70768	-7.87733
BLOCK13/SES132/SA132S22	SES275	-1.08144	-8.95877	-7.87733
BLOCK13/SES132/SA132S24	SES007	-0.631199	-7.69315	-7.06195
BLOCK13/SES132/SA132S24	SES083	-1.65622	-8.71816	-7.06195
BLOCK13/SES132/SA132S24	SES127	-2.35025	-9.4122	-7.06195
BLOCK13/SES132/SA132S24	SES275	-1.31034	-8.37229	-7.06195
BLOCK13/SES132/SA132S27	SES083	-1.98629	-10.7942	-8.8079
BLOCK13/SES132/SA132S27	SES120	0.572021	-8.23588	-8.8079
BLOCK13/SES132/SA132S27	SES127	-3.61527	-12.4232	-8.8079
BLOCK13/SES132/SA132S27	SES275	-1.74662	-10.5545	-8.8079
BLOCK14/SES141/SA141S09	SES143	-1.2604	-8.20206	-6.94166
BLOCK14/SES141/SA141S09	SES144	-0.459625	-7.40128	-6.94166
BLOCK14/SES141/SA141S09	SES162	-1.07478	-8.01643	-6.94166
BLOCK14/SES141/SA141S09	SES180	-0.845611	-7.78727	-6.94166
BLOCK14/SES141/SA141S15	SES127	-1.7741	-9.65323	-7.87913
BLOCK14/SES141/SA141S15	SES144	-0.909136	-8.78827	-7.87913
BLOCK14/SES141/SA141S15	SES162	-1.74557	-9.62471	-7.87913
BLOCK14/SES141/SA141S15	SES180	-0.899973	-8.77911	-7.87913
BLOCK14/SES141/SA141S24	SES127	-1.78095	-9.45734	-7.67638
BLOCK14/SES141/SA141S24	SES144	-1.13125	-8.80763	-7.67638
BLOCK14/SES141/SA141S24	SES162	-1.72439	-9.40077	-7.67638
BLOCK14/SES141/SA141S24	SES183	-1.45195	-9.12833	-7.67638
BLOCK14/SES141/SA141S26	SES142	-0.162895	-8.52524	-8.36234
BLOCK14/SES141/SA141S26	SES144	-1.14367	-9.50601	-8.36234
BLOCK14/SES141/SA141S26	SES172	-1.13363	-9.49597	-8.36234
BLOCK14/SES141/SA141S26	SES180	-0.775105	-9.13745	-8.36234
BLOCK14/SES141/SA141S29	SES127	-0.862872	-7.94115	-7.07827
BLOCK14/SES141/SA141S29	SES142	-0.0901771	-7.16845	-7.07827
BLOCK14/SES141/SA141S29	SES144	-0.787812	-7.86609	-7.07827
BLOCK14/SES141/SA141S29	SES180	-0.606613	-7.68489	-7.07827
BLOCK15/SES157/SA157S08	SES083	-0.691998	-7.98783	-7.29584
BLOCK15/SES157/SA157S08	SES127	-0.848105	-8.14394	-7.29584
BLOCK15/SES157/SA157S08	SES148	-0.33365	-7.62949	-7.29584
BLOCK15/SES157/SA157S08	SES292	-1.06175	-8.35758	-7.29584
BLOCK15/SES157/SA157S11	SES083	-1.12551	-9.19717	-8.07166
BLOCK15/SES157/SA157S11	SES127	-0.875068	-8.94672	-8.07166
BLOCK15/SES157/SA157S11	SES148	-1.47826	-9.54991	-8.07166
BLOCK15/SES157/SA157S11	SES292	-1.42024	-9.4919	-8.07166
BLOCK15/SES157/SA157S21	SES127	-0.314168	-7.16251	-6.84835
BLOCK15/SES157/SA157S21	SES148	-0.117871	-6.96622	-6.84835
BLOCK15/SES157/SA157S21	SES158	-3.50677	-10.3551	-6.84835
BLOCK15/SES157/SA157S21	SES292	-1.24768	-8.09602	-6.84835
BLOCK15/SES157/SA157S24	SES127	-0.627798	-8.74044	-8.11265
BLOCK15/SES157/SA157S24	SES148	-0.675945	-8.78859	-8.11265
BLOCK15/SES157/SA157S24	SES183	-1.14237	-9.25502	-8.11265
BLOCK15/SES157/SA157S24	SES292	-1.34806	-9.46071	-8.11265
BLOCK15/SES157/SA157S26	SES007	-0.795369	-8.25747	-7.4621
BLOCK15/SES157/SA157S26	SES127	-0.364019	-7.82612	-7.4621
BLOCK15/SES157/SA157S26	SES147	-0.860321	-8.32242	-7.4621
BLOCK15/SES157/SA157S26	SES148	-0.944346	-8.40645	-7.4621
BLOCK16/SES161/SA161S10	SES007	-0.617704	-8.60882	-7.99112
BLOCK16/SES161/SA161S10	SES105	-0.850767	-8.84189	-7.99112
BLOCK16/SES161/SA161S10	SES158	-1.19698	-9.1881	-7.99112
BLOCK16/SES161/SA161S10	SES275	-0.579066	-8.57018	-7.99112
BLOCK16/SES161/SA161S12	SES007	-2.49694	-11.8115	-9.31453
BLOCK16/SES161/SA161S12	SES105	-2.97409	-12.2886	-9.31453
BLOCK16/SES161/SA161S12	SES158	-1.25167	-10.5662	-9.31453
BLOCK16/SES161/SA161S12	SES275	-3.43586	-12.7504	-9.31453
BLOCK16/SES161/SA161S20	SES007	-0.686137	-10.091	-9.40488
BLOCK16/SES161/SA161S20	SES105	-2.53668	-11.9416	-9.40488
BLOCK16/SES161/SA161S20	SES158	-0.196238	-9.60111	-9.40488
BLOCK16/SES161/SA161S20	SES275	-2.1725	-11.5774	-9.40488
BLOCK16/SES161/SA161S23	SES007	-3.42706	-12.5	-9.07299
BLOCK16/SES161/SA161S23	SES105	-1.79981	-10.8728	-9.07299
BLOCK16/SES161/SA161S23	SES148	-2.55483	-11.6278	-9.07299
BLOCK16/SES161/SA161S23	SES158	-3.48931	-12.5623	-9.07299
BLOCK16/SES161/SA161S28	SES007	-1.03572	-9.88406	-8.84834
BLOCK16/SES161/SA161S28	SES105	-2.38474	-11.2331	-8.84834
BLOCK16/SES161/SA161S28	SES158	0.0575914	-8.79075	-8.84834
BLOCK16/SES161/SA161S28	SES206	-0.345309	-9.19365	-8.84834
BLOCK16/SES164/SA164S11	SES104	-1.02871	-9.41303	-8.38433
BLOCK16/SES164/SA164S11	SES125	-0.163842	-8.54817	-8.38433
BLOCK16/SES164/SA164S11	SES158	-0.617823	-9.00215	-8.38433
BLOCK16/SES164/SA164S11	SES206	-2.72094	-11.1053	-8.38433
BLOCK16/SES164/SA164S13	SES099	-1.71379	-10.3961	-8.68228
BLOCK16/SES164/SA164S13	SES104	-0.487425	-9.16971	-8.68228
BLOCK16/SES164/SA164S13	SES125	-0.949205	-9.63149	-8.68228
BLOCK16/SES164/SA164S13	SES206	-2.32263	-11.0049	-8.68228
BLOCK16/SES164/SA164S24	SES002	0.584301	-7.73232	-8.31662
BLOCK16/SES164/SA164S24	SES099	-0.37181	-8.68843	-8.31662
BLOCK16/SES164/SA164S24	SES125	-0.581485	-8.8981	-8.31662
BLOCK16/SES164/SA164S24	SES226	0.812607	-7.50401	-8.31662
BLOCK16/SES164/SA164S27	SES087	-2.00404	-10.8427	-8.83862
BLOCK16/SES164/SA164S27	SES125	-0.916027	-9.75465	-8.83862
BLOCK16/SES164/SA164S27	SES206	-2.85905	-11.6977	-8.83862
BLOCK16/SES164/SA164S27	SES226	-0.0320072	-8.87063	-8.83862
BLOCK16/SES164/SA164S29	SES002	0.160273	-8.37449	-8.53476
BLOCK16/SES164/SA164S29	SES019	-1.28484	-9.8196	-8.53476
BLOCK16/SES164/SA164S29	SES125	-0.555806	-9.09057	-8.53476
BLOCK16/SES164/SA164S29	SES226	-0.402024	-8.93678	-8.53476
BLOCK16/SES169/SA169S13	SES117	-1.45948	-9.3043	-7.84483
BLOCK16/SES169/SA169S13	SES144	-0.546701	-8.39153	-7.84483
BLOCK16/SES169/SA169S13	SES146	-0.783194	-8.62802	-7.84483
BLOCK16/SES169/SA169S13	SES162	-1.15246	-8.99729	-7.84483
BLOCK16/SES169/SA169S14	SES144	-0.890575	-7.47108	-6.5805
BLOCK16/SES169/SA169S14	SES148	-0.473719	-7.05422	-6.5805
BLOCK16/SES169/SA169S14	SES177	-0.421457	-7.00196	-6.5805
BLOCK16/SES169/SA169S14	SES180	-0.853533	-7.43403	-6.5805
BLOCK16/SES169/SA169S24	SES117	-0.804706	-9.34352	-8.53881
BLOCK16/SES169/SA169S24	SES144	-0.76619	-9.305	-8.53881
BLOCK16/SES169/SA169S24	SES146	-0.882435	-9.42125	-8.53881
BLOCK16/SES169/SA169S24	SES162	-0.934332	-9.47314	-8.53881
BLOCK16/SES169/SA169S27	SES127	-1.00304	-8.49061	-7.48757
BLOCK16/SES169/SA169S27	SES129	-0.952961	-8.44053	-7.48757
BLOCK16/SES169/SA169S27	SES144	-0.865714	-8.35329	-7.48757
BLOCK16/SES169/SA169S27	SES146	-0.742931	-8.2305	-7.48757
BLOCK16/SES169/SA169S29	SES144	-0.271628	-7.05808	-6.78645
BLOCK16/SES169/SA169S29	SES162	-0.366374	-7.15283	-6.78645
BLOCK16/SES169/SA169S29	SES177	-0.93426	-7.72071	-6.78645
BLOCK16/SES169/SA169S29	SES180	-0.977276	-7.76373	-6.78645
BLOCK17/SES171/SA171S12	SES083	-1.19568	-9.786	-8.59032
BLOCK17/SES171/SA171S12	SES148	-2.49255	-11.0829	-8.59032
BLOCK17/SES171/SA171S12	SES172	-1.29855	-9.88887	-8.59032
BLOCK17/SES171/SA171S12	SES292	-2.87128	-11.4616	-8.59032
BLOCK17/SES171/SA171S15	SES148	-1.20172	-9.29992	-8.0982
BLOCK17/SES171/SA171S15	SES177	-1.1675	-9.26571	-8.0982
BLOCK17/SES171/SA171S15	SES180	-2.14083	-10.239	-8.0982
BLOCK17/SES171/SA171S15	SES292	-1.31683	-9.41504	-8.0982
BLOCK17/SES171/SA171S22	SES007	-0.591309	-7.15281	-6.5615
BLOCK17/SES171/SA171S22	SES148	-0.694267	-7.25577	-6.5615
BLOCK17/SES171/SA171S22	SES177	-0.15416	-6.71566	-6.5615
BLOCK17/SES171/SA171S22	SES180	-1.24314	-7.80464	-6.5615
BLOCK17/SES171/SA171S25	SES101	-1.47057	-9.63115	-8.16058
BLOCK17/SES171/SA171S25	SES120	-3.0787	-11.2393	-8.16058
BLOCK17/SES171/SA171S25	SES177	-1.29051	-9.45109	-8.16058
BLOCK17/SES171/SA171S25	SES180	-1.55418	-9.71476	-8.16058
BLOCK17/SES171/SA171S27	SES177	-0.895657	-9.43513	-8.53947
BLOCK17/SES171/SA171S27	SES180	-2.69619	-11.2357	-8.53947
BLOCK17/SES171/SA171S27	SES189	-0.671315	-9.21079	-8.53947
BLOCK17/SES171/SA171S27	SES292	-2.13094	-10.6704	-8.53947
BLOCK17/SES173/SA173S13	SES162	-2.05815	-9.95719	-7.89903
BLOCK17/SES173/SA173S13	SES177	-0.844602	-8.74364	-7.89903
BLOCK17/SES173/SA173S13	SES180	-1.27729	-9.17632	-7.89903
BLOCK17/SES173/SA173S13	SES292	0.293586	-7.60545	-7.89903
BLOCK17/SES173/SA173S14	SES007	-0.971796	-8.45462	-7.48283
BLOCK17/SES173/SA173S14	SES162	-2.61418	-10.097	-7.48283
BLOCK17/SES173/SA173S14	SES177	-1.44136	-8.92418	-7.48283
BLOCK17/SES173/SA173S14	SES180	-1.49636	-8.97919	-7.48283
BLOCK17/SES173/SA173S24	SES144	-1.7071	-9.83548	-8.12838
BLOCK17/SES173/SA173S24	SES162	-2.1755	-10.3039	-8.12838
BLOCK17/SES173/SA173S24	SES177	-0.754014	-8.8824	-8.12838
BLOCK17/SES173/SA173S24	SES180	-1.94424	-10.0726	-8.12838
BLOCK17/SES173/SA173S27	SES162	-3.54257	-11.4481	-7.90558
BLOCK17/SES173/SA173S27	SES177	-1.43709	-9.34267	-7.90558
BLOCK17/SES173/SA173S27	SES180	-1.50816	-9.41374	-7.90558
BLOCK17/SES173/SA173S27	SES292	-0.287261	-8.19284	-7.90558
BLOCK17/SES173/SA173S29	SES162	-1.68199	-9.78037	-8.09839
BLOCK17/SES173/SA173S29	SES175	-0.944874	-9.04326	-8.09839
BLOCK17/SES173/SA173S29	SES177	-0.723217	-8.8216	-8.09839
BLOCK17/SES173/SA173S29	SES292	-0.990797	-9.08918	-8.09839
BLOCK18/SES182/SA182S10	SES144	-0.944164	-8.33267	-7.3885
BLOCK18/SES182/SA182S10	SES177	-1.08313	-8.47163	-7.3885
BLOCK18/SES182/SA182S10	SES180	-1.70245	-9.09096	-7.3885
BLOCK18/SES182/SA182S10	SES275	-0.780977	-8.16948	-7.3885
BLOCK18/SES182/SA182S12	SES144	-0.718062	-7.94306	-7.22499
BLOCK18/SES182/SA182S12	SES177	-0.757852	-7.98285	-7.22499
BLOCK18/SES182/SA182S12	SES180	-1.89473	-9.11973	-7.22499
BLOCK18/SES182/SA182S12	SES275	-0.49839	-7.72338	-7.22499
BLOCK18/SES182/SA182S21	SES117	-1.54123	-10.1872	-8.64594
BLOCK18/SES182/SA182S21	SES144	-1.18914	-9.83507	-8.64594
BLOCK18/SES182/SA182S21	SES162	-1.29821	-9.94415	-8.64594
BLOCK18/SES182/SA182S21	SES180	-2.32179	-10.9677	-8.64594
BLOCK18/SES182/SA182S23	SES117	-1.26406	-10.505	-9.24092
BLOCK18/SES182/SA182S23	SES144	-1.45392	-10.6948	-9.24092
BLOCK18/SES182/SA182S23	SES180	-2.37453	-11.6154	-9.24092
BLOCK18/SES182/SA182S23	SES275	-1.50617	-10.7471	-9.24092
BLOCK18/SES182/SA182S25	SES007	0.417372	-7.91488	-8.33225
BLOCK18/SES182/SA182S25	SES162	-1.02755	-9.3598	-8.33225
BLOCK18/SES182/SA182S25	SES177	-0.783105	-9.11535	-8.33225
BLOCK18/SES182/SA182S25	SES180	-1.75091	-10.0832	-8.33225
BLOCK18/SES184/SA184S12	SES177	-1.50728	-8.79765	-7.29038
BLOCK18/SES184/SA184S12	SES180	-0.534706	-7.82508	-7.29038
BLOCK18/SES184/SA184S12	SES189	-1.74223	-9.0326	-7.29038
BLOCK18/SES184/SA184S12	SES292	-0.219938	-7.51032	-7.29038
BLOCK18/SES184/SA184S13	SES101	-0.817607	-8.51919	-7.70158
BLOCK18/SES184/SA184S13	SES177	-0.908226	-8.60981	-7.70158
BLOCK18/SES184/SA184S13	SES180	-0.652113	-8.35369	-7.70158
BLOCK18/SES184/SA184S13	SES292	-0.827606	-8.52919	-7.70158
BLOCK18/SES184/SA184S22	SES177	-1.15002	-9.2113	-8.06128
BLOCK18/SES184/SA184S22	SES180	-0.119827	-8.18111	-8.06128
BLOCK18/SES184/SA184S22	SES189	-1.22431	-9.28559	-8.06128
BLOCK18/SES184/SA184S22	SES292	-0.702537	-8.76381	-8.06128
BLOCK18/SES184/SA184S25	SES101	-0.795841	-8.39491	-7.59907
BLOCK18/SES184/SA184S25	SES177	-1.27104	-8.87011	-7.59907
BLOCK18/SES184/SA184S25	SES180	-0.23808	-7.83715	-7.59907
BLOCK18/SES184/SA184S25	SES292	-0.681625	-8.28069	-7.59907
BLOCK18/SES184/SA184S27	SES083	-1.049	-8.60181	-7.55282
BLOCK18/SES184/SA184S27	SES177	-0.666368	-8.21918	-7.55282
BLOCK18/SES184/SA184S27	SES202	-0.742925	-8.29574	-7.55282
BLOCK18/SES184/SA184S27	SES292	-0.884472	-8.43729	-7.55282
BLOCK20/SES204/SA204S12	SES062	-0.576342	-8.00572	-7.42938
BLOCK20/SES204/SA204S12	SES083	-1.59605	-9.02543	-7.42938
BLOCK20/SES204/SA204S12	SES206	-0.113077	-7.54246	-7.42938
BLOCK20/SES204/SA204S12	SES226	-0.835769	-8.26515	-7.42938
BLOCK20/SES204/SA204S14	SES068	-0.212817	-7.00584	-6.79302
BLOCK20/SES204/SA204S14	SES087	-0.0709724	-6.86399	-6.79302
BLOCK20/SES204/SA204S14	SES206	-0.656741	-7.44976	-6.79302
BLOCK20/SES204/SA204S14	SES226	-0.957945	-7.75097	-6.79302
BLOCK20/SES204/SA204S22	SES068	-0.464079	-7.83513	-7.37105
BLOCK20/SES204/SA204S22	SES082	-0.7739	-8.14495	-7.37105
BLOCK20/SES204/SA204S22	SES083	-2.07636	-9.4474	-7.37105
BLOCK20/SES204/SA204S22	SES206	-0.292543	-7.66359	-7.37105
BLOCK20/SES204/SA204S25	SES062	-0.595064	-7.76773	-7.17266
BLOCK20/SES204/SA204S25	SES083	-1.52479	-8.69746	-7.17266
BLOCK20/SES204/SA204S25	SES206	-0.0139289	-7.18659	-7.17266
BLOCK20/SES204/SA204S25	SES226	-0.866141	-8.0388	-7.17266
BLOCK20/SES204/SA204S27	SES068	-0.55622	-8.46298	-7.90676
BLOCK20/SES204/SA204S27	SES082	-1.36095	-9.26772	-7.90676
BLOCK20/SES204/SA204S27	SES087	-0.03613	-7.94289	-7.90676
BLOCK20/SES204/SA204S27	SES206	-1.54313	-9.44989	-7.90676
BLOCK20/SES207/SA207S10	SES127	-1.80885	-9.18401	-7.37516
BLOCK20/SES207/SA207S10	SES183	-1.21019	-8.58535	-7.37516
BLOCK20/SES207/SA207S10	SES189	-0.73138	-8.10654	-7.37516
BLOCK20/SES207/SA207S10	SES292	-1.38648	-8.76164	-7.37516
BLOCK20/SES207/SA207S11	SES127	-2.05863	-10.1845	-8.12585
BLOCK20/SES207/SA207S11	SES183	-1.94975	-10.0756	-8.12585
BLOCK20/SES207/SA207S11	SES187	-0.978809	-9.10466	-8.12585
BLOCK20/SES207/SA207S11	SES292	-0.843071	-8.96892	-8.12585
BLOCK20/SES207/SA207S25	SES068	-1.31215	-9.55121	-8.23905
BLOCK20/SES207/SA207S25	SES083	-1.68333	-9.92238	-8.23905
BLOCK20/SES207/SA207S25	SES127	-0.820286	-9.05934	-8.23905
BLOCK20/SES207/SA207S25	SES187	-1.04676	-9.28581	-8.23905
BLOCK20/SES207/SA207S27	SES127	-1.58809	-9.69491	-8.10682
BLOCK20/SES207/SA207S27	SES183	-1.70832	-9.81514	-8.10682
BLOCK20/SES207/SA207S27	SES187	-1.25242	-9.35924	-8.10682
BLOCK20/SES207/SA207S27	SES292	-1.62332	-9.73014	-8.10682
BLOCK20/SES207/SA207S29	SES083	-2.07005	-9.82994	-7.75989
BLOCK20/SES207/SA207S29	SES085	-1.26696	-9.02685	-7.75989
BLOCK20/SES207/SA207S29	SES172	-0.800328	-8.56022	-7.75989
BLOCK20/SES207/SA207S29	SES189	-2.17812	-9.93802	-7.75989
BLOCK22/SES221/SA221S12	SES068	0.116271	-6.88142	-6.99769
BLOCK22/SES221/SA221S12	SES143	-1.55412	-8.55181	-6.99769
BLOCK22/SES221/SA221S12	SES175	-0.444483	-7.44217	-6.99769
BLOCK22/SES221/SA221S12	SES202	-0.736152	-7.73384	-6.99769
BLOCK22/SES221/SA221S15	SES085	-0.310253	-7.59063	-7.28037
BLOCK22/SES221/SA221S15	SES143	-1.39147	-8.67185	-7.28037
BLOCK22/SES221/SA221S15	SES175	-0.77549	-8.05586	-7.28037
BLOCK22/SES221/SA221S15	SES187	-0.933972	-8.21434	-7.28037
BLOCK22/SES221/SA221S23	SES068	0.216763	-6.96913	-7.18589
BLOCK22/SES221/SA221S23	SES143	-1.18627	-8.37216	-7.18589
BLOCK22/SES221/SA221S23	SES175	-1.0252	-8.2111	-7.18589
BLOCK22/SES221/SA221S23	SES189	-1.40589	-8.59178	-7.18589
BLOCK22/SES221/SA221S27	SES085	0.345445	-7.45378	-7.79922
BLOCK22/SES221/SA221S27	SES143	-1.11377	-8.91299	-7.79922
BLOCK22/SES221/SA221S27	SES175	-0.8839	-8.68312	-7.79922
BLOCK22/SES221/SA221S27	SES189	-1.48047	-9.27969	-7.79922
BLOCK22/SES221/SA221S29	SES085	0.218233	-7.01469	-7.23293
BLOCK22/SES221/SA221S29	SES143	-1.2121	-8.44502	-7.23293
BLOCK22/SES221/SA221S29	SES175	-0.568371	-7.8013	-7.23293
BLOCK22/SES221/SA221S29	SES187	-1.25862	-8.49154	-7.23293
BLOCK22/SES223/SA223S11	SES143	-1.10706	-8.85651	-7.74945
BLOCK22/SES223/SA223S11	SES144	-1.84466	-9.59411	-7.74945
BLOCK22/SES223/SA223S11	SES175	-0.875047	-8.62449	-7.74945
BLOCK22/SES223/SA223S11	SES187	-1.23776	-8.9872	-7.74945
BLOCK22/SES223/SA223S13	SES068	0.0840511	-7.75794	-7.84199
BLOCK22/SES223/SA223S13	SES143	-1.25768	-9.09967	-7.84199
BLOCK22/SES223/SA223S13	SES146	-1.16823	-9.01022	-7.84199
BLOCK22/SES223/SA223S13	SES202	-0.616201	-8.45819	-7.84199
BLOCK22/SES223/SA223S22	SES143	-0.623941	-8.09415	-7.4702
BLOCK22/SES223/SA223S22	SES144	-1.7607	-9.23091	-7.4702
BLOCK22/SES223/SA223S22	SES175	-0.854433	-8.32464	-7.4702
BLOCK22/SES223/SA223S22	SES187	-1.24052	-8.71072	-7.4702
BLOCK22/SES223/SA223S25	SES068	-0.256799	-7.93285	-7.67605
BLOCK22/SES223/SA223S25	SES143	-1.23257	-8.90862	-7.67605
BLOCK22/SES223/SA223S25	SES175	-0.531515	-8.20756	-7.67605
BLOCK22/SES223/SA223S25	SES187	-1.31085	-8.9869	-7.67605
BLOCK22/SES223/SA223S27	SES143	-1.13244	-9.0965	-7.96406
BLOCK22/SES223/SA223S27	SES146	-1.9805	-9.94456	-7.96406
BLOCK22/SES223/SA223S27	SES187	-1.67715	-9.64121	-7.96406
BLOCK22/SES223/SA223S27	SES292	-0.550682	-8.51474	-7.96406
BLOCK27/SES273/SA273S12	SES099	0.0419827	-7.66802	-7.71
BLOCK27/SES273/SA273S12	SES104	0.213209	-7.49679	-7.71
BLOCK27/SES273/SA273S12	SES125	-0.155813	-7.86582	-7.71
BLOCK27/SES273/SA273S12	SES206	0.0643167	-7.64569	-7.71
BLOCK27/SES273/SA273S13	SES099	-0.875908	-7.99114	-7.11524
BLOCK27/SES273/SA273S13	SES104	0.101871	-7.01337	-7.11524
BLOCK27/SES273/SA273S13	SES206	-1.21442	-8.32965	-7.11524
BLOCK27/SES273/SA273S13	SES292	-0.764359	-7.8796	-7.11524
BLOCK27/SES273/SA273S21	SES099	-0.640019	-8.77158	-8.13156
BLOCK27/SES273/SA273S21	SES148	-1.68968	-9.82124	-8.13156
BLOCK27/SES273/SA273S21	SES149	-1.82416	-9.95571	-8.13156
BLOCK27/SES273/SA273S21	SES177	-1.79594	-9.9275	-8.13156
BLOCK27/SES273/SA273S25	SES104	-0.0654945	-8.46526	-8.39977
BLOCK27/SES273/SA273S25	SES125	-0.40676	-8.80653	-8.39977
BLOCK27/SES273/SA273S25	SES158	0.162877	-8.23689	-8.39977
BLOCK27/SES273/SA273S25	SES206	-0.40499	-8.80476	-8.39977
BLOCK27/SES273/SA273S27	SES099	-0.601332	-7.26192	-6.66058
BLOCK27/SES273/SA273S27	SES104	-0.422239	-7.08282	-6.66058
BLOCK27/SES273/SA273S27	SES149	-1.08972	-7.7503	-6.66058
BLOCK27/SES273/SA273S27	SES275	-0.954438	-7.61502	-6.66058
BLOCK27/SES274/SA274S10	SES105	-2.1292	-8.70378	-6.57458
BLOCK27/SES274/SA274S10	SES125	-1.42745	-8.00203	-6.57458
BLOCK27/SES274/SA274S10	SES129	-0.372777	-6.94736	-6.57458
BLOCK27/SES274/SA274S10	SES158	-3.25397	-9.82855	-6.57458
BLOCK27/SES274/SA274S11	SES105	-1.02146	-7.80043	-6.77897
BLOCK27/SES274/SA274S11	SES149	-0.663626	-7.4426	-6.77897
BLOCK27/SES274/SA274S11	SES158	-1.16674	-7.94572	-6.77897
BLOCK27/SES274/SA274S11	SES275	-0.336562	-7.11553	-6.77897
BLOCK27/SES274/SA274S21	SES105	-1.30384	-8.19585	-6.89201
BLOCK27/SES274/SA274S21	SES129	-0.259053	-7.15106	-6.89201
BLOCK27/SES274/SA274S21	SES149	-1.61852	-8.51053	-6.89201
BLOCK27/SES274/SA274S21	SES158	-2.86418	-9.75619	-6.89201
BLOCK27/SES274/SA274S24	SES105	-1.794	-9.62214	-7.82814
BLOCK27/SES274/SA274S24	SES129	0.201244	-7.62689	-7.82814
BLOCK27/SES274/SA274S24	SES149	-2.23561	-10.0637	-7.82814
BLOCK27/SES274/SA274S24	SES158	-3.25005	-11.0782	-7.82814
BLOCK27/SES274/SA274S29	SES105	-1.3479	-8.79709	-7.44919
BLOCK27/SES274/SA274S29	SES106	-1.36655	-8.81574	-7.44919
BLOCK27/SES274/SA274S29	SES120	-0.97431	-8.4235	-7.44919
BLOCK27/SES274/SA274S29	SES275	-0.708429	-8.15762	-7.44919
BLOCK27/SES276/SA276S16	SES148	-0.620591	-7.71552	-7.09493
BLOCK27/SES276/SA276S16	SES172	-0.156872	-7.2518	-7.09493
BLOCK27/SES276/SA276S16	SES180	-0.764636	-7.85957	-7.09493
BLOCK27/SES276/SA276S16	SES292	-0.51628	-7.61121	-7.09493
BLOCK27/SES276/SA276S17	SES101	-0.769755	-8.402	-7.63225
BLOCK27/SES276/SA276S17	SES177	-1.5005	-9.13275	-7.63225
BLOCK27/SES276/SA276S17	SES180	-0.934555	-8.5668	-7.63225
BLOCK27/SES276/SA276S17	SES292	-1.1134	-8.74565	-7.63225
BLOCK27/SES276/SA276S24	SES101	-0.255211	-7.35059	-7.09538
BLOCK27/SES276/SA276S24	SES177	-0.37079	-7.46617	-7.09538
BLOCK27/SES276/SA276S24	SES180	-0.655224	-7.7506	-7.09538
BLOCK27/SES276/SA276S24	SES292	-0.58283	-7.67821	-7.09538
BLOCK27/SES276/SA276S26	SES101	-0.740874	-7.43866	-6.69779
BLOCK27/SES276/SA276S26	SES177	-1.0574	-7.75519	-6.69779
BLOCK27/SES276/SA276S26	SES180	-0.825356	-7.52314	-6.69779
BLOCK27/SES276/SA276S26	SES292	-0.30817	-7.00596	-6.69779
BLOCK27/SES276/SA276S28	SES101	-0.465657	-7.52857	-7.06291
BLOCK27/SES276/SA276S28	SES177	-1.16722	-8.23014	-7.06291
BLOCK27/SES276/SA276S28	SES180	-0.213556	-7.27647	-7.06291
BLOCK27/SES276/SA276S28	SES292	-0.207554	-7.27047	-7.06291
BLOCK27/SES277/SA277S12	SES101	-0.625313	-9.23313	-8.60782
BLOCK27/SES277/SA277S12	SES177	-1.56619	-10.174	-8.60782
BLOCK27/SES277/SA277S12	SES180	-1.55893	-10.1668	-8.60782
BLOCK27/SES277/SA277S12	SES292	-1.49549	-10.1033	-8.60782
BLOCK27/SES277/SA277S14	SES177	-0.866056	-9.73224	-8.86618
BLOCK27/SES277/SA277S14	SES180	-1.6704	-10.5366	-8.86618
BLOCK27/SES277/SA277S14	SES189	-0.251162	-9.11734	-8.86618
BLOCK27/SES277/SA277S14	SES292	-1.9384	-10.8046	-8.86618
BLOCK27/SES277/SA277S21	SES177	-0.627553	-9.40001	-8.77245
BLOCK27/SES277/SA277S21	SES180	-0.837666	-9.61012	-8.77245
BLOCK27/SES277/SA277S21	SES189	-0.0169916	-8.78945	-8.77245
BLOCK27/SES277/SA277S21	SES292	-1.69182	-10.4643	-8.77245
BLOCK27/SES277/SA277S24	SES144	-0.375041	-9.44051	-9.06547
BLOCK27/SES277/SA277S24	SES177	-0.880513	-9.94598	-9.06547
BLOCK27/SES277/SA277S24	SES180	-2.24768	-11.3132	-9.06547
BLOCK27/SES277/SA277S24	SES189	-0.30427	-9.36974	-9.06547
BLOCK27/SES277/SA277S29	SES177	-0.673864	-7.20551	-6.53165
BLOCK27/SES277/SA277S29	SES180	-0.615623	-7.14727	-6.53165
BLOCK27/SES277/SA277S29	SES202	-0.286715	-6.81836	-6.53165
BLOCK27/SES277/SA277S29	SES292	-1.41919	-7.95083	-6.53165
BLOCK27/SES279/SA279S09	SES120	-0.740946	-7.90851	-7.16757
BLOCK27/SES279/SA279S09	SES146	-1.03952	-8.20708	-7.16757
BLOCK27/SES279/SA279S09	SES206	-0.122679	-7.29024	-7.16757
BLOCK27/SES279/SA279S09	SES226	-0.845386	-8.01295	-7.16757
BLOCK27/SES279/SA279S10	SES099	-0.541289	-8.27952	-7.73823
BLOCK27/SES279/SA279S10	SES206	-0.919167	-8.6574	-7.73823
BLOCK27/SES279/SA279S10	SES226	-1.83449	-9.57273	-7.73823
BLOCK27/SES279/SA279S10	SES292	0.0206828	-7.71755	-7.73823
BLOCK27/SES279/SA279S20	SES099	-1.79855	-9.83194	-8.03339
BLOCK27/SES279/SA279S20	SES206	-0.495185	-8.52857	-8.03339
BLOCK27/SES279/SA279S20	SES226	-1.62675	-9.66014	-8.03339
BLOCK27/SES279/SA279S20	SES292	-0.628075	-8.66146	-8.03339
BLOCK27/SES279/SA279S26	SES099	-0.342918	-8.76075	-8.41783
BLOCK27/SES279/SA279S26	SES206	-0.75948	-9.17731	-8.41783
BLOCK27/SES279/SA279S26	SES226	-1.07154	-9.48937	-8.41783
BLOCK27/SES279/SA279S26	SES292	0.442085	-7.97574	-8.41783
BLOCK27/SES279/SA279S28	SES099	-0.699582	-7.64514	-6.94555
BLOCK27/SES279/SA279S28	SES120	-0.836006	-7.78156	-6.94555
BLOCK27/SES279/SA279S28	SES177	-1.88572	-8.83128	-6.94555
BLOCK27/SES279/SA279S28	SES206	-0.841535	-7.78709	-6.94555
BLOCK29/SES290/SA290S12	SES162	-0.163204	-6.31208	-6.14888
BLOCK29/SES290/SA290S12	SES177	-0.131124	-6.28	-6.14888
BLOCK29/SES290/SA290S12	SES180	-0.575885	-6.72476	-6.14888
BLOCK29/SES290/SA290S12	SES292	-0.667969	-6.81685	-6.14888
BLOCK29/SES290/SA290S13	SES007	0.0305557	-6.68155	-6.71211
BLOCK29/SES290/SA290S13	SES162	-1.15434	-7.86644	-6.71211
BLOCK29/SES290/SA290S13	SES177	-0.858762	-7.57087	-6.71211
BLOCK29/SES290/SA290S13	SES180	-0.247895	-6.96	-6.71211
BLOCK29/SES290/SA290S22	SES177	-0.927971	-7.7354	-6.80743
BLOCK29/SES290/SA290S22	SES180	-0.602689	-7.41012	-6.80743
BLOCK29/SES290/SA290S22	SES202	-0.406815	-7.21425	-6.80743
BLOCK29/SES290/SA290S22	SES292	-0.33157	-7.139	-6.80743
BLOCK29/SES290/SA290S25	SES162	-0.768088	-7.32661	-6.55852
BLOCK29/SES290/SA290S25	SES177	-0.924095	-7.48262	-6.55852
BLOCK29/SES290/SA290S25	SES180	-0.904175	-7.4627	-6.55852
BLOCK29/SES290/SA290S25	SES292	-0.69977	-7.25829	-6.55852
BLOCK29/SES290/SA290S29	SES177	-0.392981	-6.97144	-6.57846
BLOCK29/SES290/SA290S29	SES180	0.0817184	-6.49674	-6.57846
BLOCK29/SES290/SA290S29	SES275	-0.283875	-6.86233	-6.57846
BLOCK29/SES290/SA290S29	SES292	-0.274161	-6.85262	-6.57846
BLOCK29/SES291/SA291S11	SES105	-1.11447	-9.60104	-8.48657
BLOCK29/SES291/SA291S11	SES125	-0.652369	-9.13894	-8.48657
BLOCK29/SES291/SA291S11	SES158	-0.0706663	-8.55723	-8.48657
BLOCK29/SES291/SA291S11	SES275	-0.758389	-9.24496	-8.48657
BLOCK29/SES291/SA291S12	SES158	0.769454	-7.19707	-7.96652
BLOCK29/SES291/SA291S12	SES226	-0.825957	-8.79248	-7.96652
BLOCK29/SES291/SA291S12	SES270	-0.393103	-8.35963	-7.96652
BLOCK29/SES291/SA291S12	SES275	-2.01436	-9.98088	-7.96652
BLOCK29/SES291/SA291S22	SES082	-0.368873	-8.36947	-8.00059
BLOCK29/SES291/SA291S22	SES158	0.123343	-7.87725	-8.00059
BLOCK29/SES291/SA291S22	SES259	-0.701186	-8.70178	-8.00059
BLOCK29/SES291/SA291S22	SES275	-1.1312	-9.13179	-8.00059
BLOCK29/SES291/SA291S24	SES104	0.418933	-7.14527	-7.5642
BLOCK29/SES291/SA291S24	SES125	-0.0775418	-7.64174	-7.5642
BLOCK29/SES291/SA291S24	SES158	0.144843	-7.41936	-7.5642
BLOCK29/SES291/SA291S24	SES275	-1.02472	-8.58892	-7.5642
BLOCK29/SES291/SA291S27	SES158	0.262151	-7.28512	-7.54727
BLOCK29/SES291/SA291S27	SES172	-1.78864	-9.33591	-7.54727
BLOCK29/SES291/SA291S27	SES275	-1.2006	-8.74787	-7.54727
BLOCK29/SES291/SA291S27	SES292	-0.189951	-7.73722	-7.54727
